[    4691ms] [WARNING] GoTrueClient@sb-mfhcdxnzzxuyfkcptoyh-auth-token:1 (2.98.0) 2026-03-26T22:30:33.905Z Multiple GoTrueClient instances detected in the same browser context. It is not an error, but this should be avoided as it may produce undefined behavior when used concurrently under the same storage key. @ https://deeviaje.com/_next/static/chunks/c3661f90a5726d25.js:23
[    5116ms] [ERROR] Failed to load resource: the server responded with a status of 404 () @ https://mfhcdxnzzxuyfkcptoyh.supabase.co/rest/v1/inspiration_cards?select=*&order=sort_order.asc:0
[    5116ms] [ERROR] Failed to load resource: the server responded with a status of 404 () @ https://mfhcdxnzzxuyfkcptoyh.supabase.co/rest/v1/hero_config?select=*%2Csuggestions%3Ahero_suggestions%28*%29:0
[   19313ms] [ERROR] Failed to load resource: the server responded with a status of 403 () @ https://deeviaje.com/api/trips/create:0
[   19313ms] [ERROR] [Trip Create] Failed: 403 <!DOCTYPE HTML PUBLIC "-//W3C//DTD HTML 4.01 Transitional//EN" "http://www.w3.org/TR/html4/loose.dtd">
<HTML><HEAD><META HTTP-EQUIV="Content-Type" CONTENT="text/html; charset=iso-8859-1">
<TITLE>ERROR: The request could not be satisfied</TITLE>
</HEAD><BODY>
<H1>403 ERROR</H1>
<H2>The request could not be satisfied.</H2>
<HR noshade size="1px">
Request blocked.
We can't connect to the server for this app or website at this time. There might be too much traffic or a configuration error. Try again later, or contact the app or website owner.
<BR clear="all">
If you provide content to customers through CloudFront, you can find steps to troubleshoot and help prevent this error by reviewing the CloudFront documentation.
<BR clear="all">
<HR noshade size="1px">
<PRE>
Generated by cloudfront (CloudFront)
Request ID: 7-VVkoATjvUmMWbnjyFxRDKJYILnmb7vwGGROq2sb1ba3iAhbKTSsw==
</PRE>
<ADDRESS>
</ADDRESS>
</BODY></HTML> @ https://deeviaje.com/_next/static/chunks/1fa1f91907dc5aab.js:1
[   19313ms] [ERROR] [Trip Create] API route failed, falling back to direct save: Error: Save failed: 403
    at https://deeviaje.com/_next/static/chunks/1fa1f91907dc5aab.js:2:11570 @ https://deeviaje.com/_next/static/chunks/1fa1f91907dc5aab.js:1
[   19796ms] [ERROR] Failed to load resource: the server responded with a status of 404 () @ https://mfhcdxnzzxuyfkcptoyh.supabase.co/rest/v1/itinerary_days?select=id:0
[   21374ms] [ERROR] Failed to load resource: the server responded with a status of 404 () @ https://mfhcdxnzzxuyfkcptoyh.supabase.co/rest/v1/itinerary_days?select=*%2Cactivities%28*%29&trip_id=eq.b2f77eaa-cb24-47c1-a92c-8546021fd0a4&order=day_number.asc:0
[   22544ms] [ERROR] Failed to load resource: the server responded with a status of 404 () @ https://mfhcdxnzzxuyfkcptoyh.supabase.co/rest/v1/itinerary_days?select=*%2Cactivities%28*%29&trip_id=eq.b2f77eaa-cb24-47c1-a92c-8546021fd0a4&order=day_number.asc:0
[   49177ms] [ERROR] Failed to load resource: the server responded with a status of 504 () @ https://deeviaje.com/api/exchange-rates?base=USD:0
[   78333ms] [ERROR] Failed to load resource: the server responded with a status of 504 () @ https://deeviaje.com/api/exchange-rates?base=USD:0
