[     198ms] [WARNING] GoTrueClient@sb-mfhcdxnzzxuyfkcptoyh-auth-token:1 (2.100.0) 2026-03-26T20:52:30.032Z Multiple GoTrueClient instances detected in the same browser context. It is not an error, but this should be avoided as it may produce undefined behavior when used concurrently under the same storage key. @ http://localhost:3000/_next/static/chunks/node_modules_next_dist_f3530cac._.js:2297
[     289ms] [ERROR] A tree hydrated but some attributes of the server rendered HTML didn't match the client properties. This won't be patched up. This can happen if a SSR-ed Client Component used:

- A server/client branch `if (typeof window !== 'undefined')`.
- Variable input such as `Date.now()` or `Math.random()` which changes each time it's called.
- Date formatting in a user's locale which doesn't match the server.
- External changing data without sending a snapshot of it along with the HTML.
- Invalid HTML tag nesting.

It can also happen if the client has a browser extension installed which messes with the HTML before React loaded.

%s%s https://react.dev/link/hydration-mismatch 

  ...
    <InnerLayoutRouter url="/login" tree={[...]} params={{}} cacheNode={{rsc:<Fragment>, ...}} segmentPath={[...]} ...>
      <SegmentViewNode type="page" pagePath="/apps/web/...">
        <SegmentTrieNode>
        <ClientPageRoot Component={function LoginPage} serverProvidedParams={{...}}>
          <LoginPage params={Promise} searchParams={Promise}>
            <Suspense>
              <LoginPageInner>
                <div className="flex min-h...">
                  <div>
                  <div className="w-full lg:...">
                    <div>
                    <div className="flex-1 fle...">
                      <div className="w-full max...">
                        <motion.button>
                        <AnimatePresence>
                        <div>
                        <div>
                        <form onSubmit={function handleSubmit} className="space-y-4">
                          <AnimatePresence>
                          <div className="relative">
                            <div>
                            <input
                              type="email"
                              placeholder="Email address"
                              value=""
                              onChange={function onChange}
                              onFocus={function onFocus}
                              onBlur={function onBlur}
                              className="w-full h-[56px] pl-11 pr-4 rounded-xl border border-[#1e3a5f]/10 bg-white tex..."
-                             style={{caret-color:"transparent"}}
                            >
                          <div className="relative">
                            <div>
                            <input
                              type="password"
                              placeholder="Password"
                              value=""
                              onChange={function onChange}
                              onFocus={function onFocus}
                              onBlur={function onBlur}
                              className="w-full h-[56px] pl-11 pr-12 rounded-xl border border-[#1e3a5f]/10 bg-white te..."
-                             style={{caret-color:"transparent"}}
                            >
                            ...
                          ...
                        ...
      ...
 @ http://localhost:3000/_next/static/chunks/node_modules_next_dist_f3530cac._.js:3127
