[    4955ms] [WARNING] GoTrueClient@sb-mfhcdxnzzxuyfkcptoyh-auth-token:1 (2.98.0) 2026-03-26T20:02:09.220Z Multiple GoTrueClient instances detected in the same browser context. It is not an error, but this should be avoided as it may produce undefined behavior when used concurrently under the same storage key. @ https://www.gotravyl.com/_next/static/chunks/6894d6f56c953645.js:23
[    5032ms] Error: Minified React error #418; visit https://react.dev/errors/418?args[]=text&args[]= for the full message or use the non-minified dev environment for full errors and additional helpful warnings.
    at rK (https://www.gotravyl.com/_next/static/chunks/b82bd9843f963000.js:1:46764)
    at rX (https://www.gotravyl.com/_next/static/chunks/b82bd9843f963000.js:1:47797)
    at https://www.gotravyl.com/_next/static/chunks/b82bd9843f963000.js:1:141516
    at sp (https://www.gotravyl.com/_next/static/chunks/b82bd9843f963000.js:1:146677)
    at sc (https://www.gotravyl.com/_next/static/chunks/b82bd9843f963000.js:1:138017)
    at https://www.gotravyl.com/_next/static/chunks/b82bd9843f963000.js:1:132846
    at u9 (https://www.gotravyl.com/_next/static/chunks/b82bd9843f963000.js:1:132947)
    at sV (https://www.gotravyl.com/_next/static/chunks/b82bd9843f963000.js:1:159329)
    at MessagePort.O (https://www.gotravyl.com/_next/static/chunks/b82bd9843f963000.js:1:8295)
[    5221ms] [ERROR] Failed to load resource: the server responded with a status of 404 () @ https://mfhcdxnzzxuyfkcptoyh.supabase.co/rest/v1/hero_config?select=*%2Csuggestions%3Ahero_suggestions%28*%29:0
[    5234ms] [ERROR] Failed to load resource: the server responded with a status of 404 () @ https://mfhcdxnzzxuyfkcptoyh.supabase.co/rest/v1/mosaic_tiles?select=*&order=sort_order.asc:0
[    5236ms] [ERROR] Failed to load resource: the server responded with a status of 404 () @ https://mfhcdxnzzxuyfkcptoyh.supabase.co/rest/v1/inspiration_cards?select=*&order=sort_order.asc:0
[   19769ms] [ERROR] Failed to load resource: the server responded with a status of 401 () @ chrome-error://chromewebdata/:0
[  128559ms] [WARNING] GoTrueClient@sb-mfhcdxnzzxuyfkcptoyh-auth-token:1 (2.98.0) 2026-03-26T20:04:12.825Z Multiple GoTrueClient instances detected in the same browser context. It is not an error, but this should be avoided as it may produce undefined behavior when used concurrently under the same storage key. @ https://dev.gotravyl.com/_next/static/chunks/eaa96c4d4fec95b5.js:23
[  128886ms] [ERROR] Failed to load resource: the server responded with a status of 404 () @ https://mfhcdxnzzxuyfkcptoyh.supabase.co/rest/v1/inspiration_cards?select=*&order=sort_order.asc:0
[  128912ms] [ERROR] Failed to load resource: the server responded with a status of 404 () @ https://mfhcdxnzzxuyfkcptoyh.supabase.co/rest/v1/hero_config?select=*%2Csuggestions%3Ahero_suggestions%28*%29:0
[  246207ms] [ERROR] Failed to load resource: the server responded with a status of 403 () @ https://dev.gotravyl.com/api/trips/create:0
[  246207ms] [ERROR] [Trip Create] Failed: 403 <!DOCTYPE HTML PUBLIC "-//W3C//DTD HTML 4.01 Transitional//EN" "http://www.w3.org/TR/html4/loose.dtd">
<HTML><HEAD><META HTTP-EQUIV="Content-Type" CONTENT="text/html; charset=iso-8859-1">
<TITLE>ERROR: The request could not be satisfied</TITLE>
</HEAD><BODY>
<H1>403 ERROR</H1>
<H2>The request could not be satisfied.</H2>
<HR noshade size="1px">
Request blocked.
We can't connect to the server for this app or website at this time. There might be too much traffic or a configuration error. Try again later, or contact the app or website owner.
<BR clear="all">
If you provide content to customers through CloudFront, you can find steps to troubleshoot and help prevent this error by reviewing the CloudFront documentation.
<BR clear="all">
<HR noshade size="1px">
<PRE>
Generated by cloudfront (CloudFront)
Request ID: BknPj2ZUGSZ-v5NPVVvUL873Vz2fcTbZTjTKTeu83Crh42-LN5Cpdg==
</PRE>
<ADDRESS>
</ADDRESS>
</BODY></HTML> @ https://dev.gotravyl.com/_next/static/chunks/7c07b1502906fcb0.js:3
[  246207ms] [ERROR] [Trip Create] API route failed, falling back to direct save: Error: Save failed: 403
    at https://dev.gotravyl.com/_next/static/chunks/7c07b1502906fcb0.js:4:11927 @ https://dev.gotravyl.com/_next/static/chunks/7c07b1502906fcb0.js:3
[  246820ms] [ERROR] Failed to load resource: the server responded with a status of 404 () @ https://mfhcdxnzzxuyfkcptoyh.supabase.co/rest/v1/itinerary_days?select=id:0
[  246821ms] [ERROR] Failed to create itinerary day: {code: PGRST205, details: null, hint: Perhaps you meant the table 'public.itinerary_edits', message: Could not find the table 'public.itinerary_days' in the schema cache} @ https://dev.gotravyl.com/_next/static/chunks/eaa96c4d4fec95b5.js:36
[  246934ms] [ERROR] Failed to load resource: the server responded with a status of 404 () @ https://mfhcdxnzzxuyfkcptoyh.supabase.co/rest/v1/itinerary_days?select=id:0
[  246934ms] [ERROR] Failed to create itinerary day: {code: PGRST205, details: null, hint: Perhaps you meant the table 'public.itinerary_edits', message: Could not find the table 'public.itinerary_days' in the schema cache} @ https://dev.gotravyl.com/_next/static/chunks/eaa96c4d4fec95b5.js:36
[  247045ms] [ERROR] Failed to load resource: the server responded with a status of 404 () @ https://mfhcdxnzzxuyfkcptoyh.supabase.co/rest/v1/itinerary_days?select=id:0
[  247045ms] [ERROR] Failed to create itinerary day: {code: PGRST205, details: null, hint: Perhaps you meant the table 'public.itinerary_edits', message: Could not find the table 'public.itinerary_days' in the schema cache} @ https://dev.gotravyl.com/_next/static/chunks/eaa96c4d4fec95b5.js:36
[  247170ms] [ERROR] Failed to load resource: the server responded with a status of 404 () @ https://mfhcdxnzzxuyfkcptoyh.supabase.co/rest/v1/itinerary_days?select=id:0
[  247170ms] [ERROR] Failed to create itinerary day: {code: PGRST205, details: null, hint: Perhaps you meant the table 'public.itinerary_edits', message: Could not find the table 'public.itinerary_days' in the schema cache} @ https://dev.gotravyl.com/_next/static/chunks/eaa96c4d4fec95b5.js:36
[  247390ms] [ERROR] Failed to load resource: the server responded with a status of 404 () @ https://mfhcdxnzzxuyfkcptoyh.supabase.co/rest/v1/itinerary_days?select=id:0
[  247390ms] [ERROR] Failed to create itinerary day: {code: PGRST205, details: null, hint: Perhaps you meant the table 'public.itinerary_edits', message: Could not find the table 'public.itinerary_days' in the schema cache} @ https://dev.gotravyl.com/_next/static/chunks/eaa96c4d4fec95b5.js:36
[  247574ms] [ERROR] Failed to load resource: the server responded with a status of 401 () @ https://mfhcdxnzzxuyfkcptoyh.supabase.co/rest/v1/hotels?columns=%22trip_id%22%2C%22data%22:0
[  247574ms] [ERROR] Failed to save hotels: {code: 42501, details: null, hint: null, message: new row violates row-level security policy for table "hotels"} @ https://dev.gotravyl.com/_next/static/chunks/eaa96c4d4fec95b5.js:36
[  249038ms] [ERROR] Failed to load resource: the server responded with a status of 404 () @ https://mfhcdxnzzxuyfkcptoyh.supabase.co/rest/v1/itinerary_days?select=*%2Cactivities%28*%29&trip_id=eq.a4840482-51ca-413b-a8cb-e30b287589af&order=day_number.asc:0
[  249336ms] [ERROR] Failed to load resource: the server responded with a status of 500 () @ https://dev.gotravyl.com/api/trips/enrich:0
