[     318ms] [WARNING] Google Maps JavaScript API has been loaded directly without loading=async. This can result in suboptimal performance. For best-practice loading patterns please see https://goo.gle/js-api-loading @ https://maps.googleapis.com/maps/api/js?key=AIzaSyAP9Wa9ATduqP-sOu3NFacCRoqYfPck4_o&libraries=places:1424
[     418ms] [WARNING] As of March 1st, 2025, google.maps.places.Autocomplete is not available to new customers. Please use google.maps.places.PlaceAutocompleteElement instead. At this time, google.maps.places.Autocomplete is not scheduled to be discontinued, but google.maps.places.PlaceAutocompleteElement is recommended over google.maps.places.Autocomplete. While google.maps.places.Autocomplete will continue to receive bug fixes for any major regressions, existing bugs in google.maps.places.Autocomplete will not be addressed. At least 12 months notice will be given before support is discontinued. Please see https://developers.google.com/maps/legacy for additional details and https://developers.google.com/maps/documentation/javascript/places-migration-overview for the migration guide. @ https://maps.googleapis.com/maps/api/js?key=AIzaSyAP9Wa9ATduqP-sOu3NFacCRoqYfPck4_o&libraries=places:59
[     644ms] [WARNING] Caught a recoverable error. The site is still functional, but might have some UI flickering or degraded page load performance. If you are the author of this website, update external components and check recently added custom code or code overrides to fix the following server/client mismatches:
 Error: Minified React error #421; visit https://reactjs.org/docs/error-decoder.html?invariant=421 for the full message or use the non-minified dev environment for full errors and additional helpful warnings.
    at ns (https://framerusercontent.com/sites/3Ogwtk4ppZqN0tp5HgJoby/react.CXJ6rYzl.mjs:8:9242)
    at $o (https://framerusercontent.com/sites/3Ogwtk4ppZqN0tp5HgJoby/react.CXJ6rYzl.mjs:8:7196)
    at cp (https://framerusercontent.com/sites/3Ogwtk4ppZqN0tp5HgJoby/react.CXJ6rYzl.mjs:8:68482)
    at $s (https://framerusercontent.com/sites/3Ogwtk4ppZqN0tp5HgJoby/react.CXJ6rYzl.mjs:8:37073)
    at Zs (https://framerusercontent.com/sites/3Ogwtk4ppZqN0tp5HgJoby/react.CXJ6rYzl.mjs:8:37004)
    at Xs (https://framerusercontent.com/sites/3Ogwtk4ppZqN0tp5HgJoby/react.CXJ6rYzl.mjs:8:36864)
    at Hs (https://framerusercontent.com/sites/3Ogwtk4ppZqN0tp5HgJoby/react.CXJ6rYzl.mjs:8:34051)
    at ra (https://framerusercontent.com/sites/3Ogwtk4ppZqN0tp5HgJoby/react.CXJ6rYzl.mjs:6:2685)
    at nc (https://framerusercontent.com/sites/3Ogwtk4ppZqN0tp5HgJoby/react.CXJ6rYzl.mjs:8:38545)
    at tc (https://framerusercontent.com/sites/3Ogwtk4ppZqN0tp5HgJoby/react.CXJ6rYzl.mjs:8:37545) null @ https://framerusercontent.com/sites/3Ogwtk4ppZqN0tp5HgJoby/script_main.J4bVUE-W.mjs:0
[     644ms] [WARNING] Caught a recoverable error. The site is still functional, but might have some UI flickering or degraded page load performance. If you are the author of this website, update external components and check recently added custom code or code overrides to fix the following server/client mismatches:
 Error: Minified React error #421; visit https://reactjs.org/docs/error-decoder.html?invariant=421 for the full message or use the non-minified dev environment for full errors and additional helpful warnings.
    at ns (https://framerusercontent.com/sites/3Ogwtk4ppZqN0tp5HgJoby/react.CXJ6rYzl.mjs:8:9242)
    at $o (https://framerusercontent.com/sites/3Ogwtk4ppZqN0tp5HgJoby/react.CXJ6rYzl.mjs:8:7196)
    at cp (https://framerusercontent.com/sites/3Ogwtk4ppZqN0tp5HgJoby/react.CXJ6rYzl.mjs:8:68482)
    at $s (https://framerusercontent.com/sites/3Ogwtk4ppZqN0tp5HgJoby/react.CXJ6rYzl.mjs:8:37073)
    at Zs (https://framerusercontent.com/sites/3Ogwtk4ppZqN0tp5HgJoby/react.CXJ6rYzl.mjs:8:37004)
    at Xs (https://framerusercontent.com/sites/3Ogwtk4ppZqN0tp5HgJoby/react.CXJ6rYzl.mjs:8:36864)
    at Hs (https://framerusercontent.com/sites/3Ogwtk4ppZqN0tp5HgJoby/react.CXJ6rYzl.mjs:8:34051)
    at ra (https://framerusercontent.com/sites/3Ogwtk4ppZqN0tp5HgJoby/react.CXJ6rYzl.mjs:6:2685)
    at nc (https://framerusercontent.com/sites/3Ogwtk4ppZqN0tp5HgJoby/react.CXJ6rYzl.mjs:8:38545)
    at tc (https://framerusercontent.com/sites/3Ogwtk4ppZqN0tp5HgJoby/react.CXJ6rYzl.mjs:8:37545) null @ https://framerusercontent.com/sites/3Ogwtk4ppZqN0tp5HgJoby/script_main.J4bVUE-W.mjs:0
[     644ms] [WARNING] Caught a recoverable error. The site is still functional, but might have some UI flickering or degraded page load performance. If you are the author of this website, update external components and check recently added custom code or code overrides to fix the following server/client mismatches:
 Error: Minified React error #421; visit https://reactjs.org/docs/error-decoder.html?invariant=421 for the full message or use the non-minified dev environment for full errors and additional helpful warnings.
    at ns (https://framerusercontent.com/sites/3Ogwtk4ppZqN0tp5HgJoby/react.CXJ6rYzl.mjs:8:9242)
    at $o (https://framerusercontent.com/sites/3Ogwtk4ppZqN0tp5HgJoby/react.CXJ6rYzl.mjs:8:7196)
    at cp (https://framerusercontent.com/sites/3Ogwtk4ppZqN0tp5HgJoby/react.CXJ6rYzl.mjs:8:68482)
    at $s (https://framerusercontent.com/sites/3Ogwtk4ppZqN0tp5HgJoby/react.CXJ6rYzl.mjs:8:37073)
    at Zs (https://framerusercontent.com/sites/3Ogwtk4ppZqN0tp5HgJoby/react.CXJ6rYzl.mjs:8:37004)
    at Xs (https://framerusercontent.com/sites/3Ogwtk4ppZqN0tp5HgJoby/react.CXJ6rYzl.mjs:8:36864)
    at Hs (https://framerusercontent.com/sites/3Ogwtk4ppZqN0tp5HgJoby/react.CXJ6rYzl.mjs:8:34051)
    at ra (https://framerusercontent.com/sites/3Ogwtk4ppZqN0tp5HgJoby/react.CXJ6rYzl.mjs:6:2685)
    at nc (https://framerusercontent.com/sites/3Ogwtk4ppZqN0tp5HgJoby/react.CXJ6rYzl.mjs:8:38545)
    at tc (https://framerusercontent.com/sites/3Ogwtk4ppZqN0tp5HgJoby/react.CXJ6rYzl.mjs:8:37545) null @ https://framerusercontent.com/sites/3Ogwtk4ppZqN0tp5HgJoby/script_main.J4bVUE-W.mjs:0
[    6745ms] TypeError: Cannot read properties of undefined (reading 'includes')
    at HTMLHtmlElement.onTransitionEnd (https://framerusercontent.com/sites/3Ogwtk4ppZqN0tp5HgJoby/script_main.J4bVUE-W.mjs:1:8597)
    at HTMLDivElement.<anonymous> (https://framerusercontent.com/sites/3Ogwtk4ppZqN0tp5HgJoby/swiper-react.ClaOAx7f.mjs:1:7561)
    at HTMLDivElement.n (https://framerusercontent.com/sites/3Ogwtk4ppZqN0tp5HgJoby/swiper-react.ClaOAx7f.mjs:1:4186)
[    6778ms] TypeError: Cannot read properties of undefined (reading 'includes')
    at HTMLHtmlElement.onTransitionEnd (https://framerusercontent.com/sites/3Ogwtk4ppZqN0tp5HgJoby/script_main.J4bVUE-W.mjs:1:8597)
    at HTMLDivElement.<anonymous> (https://framerusercontent.com/sites/3Ogwtk4ppZqN0tp5HgJoby/swiper-react.ClaOAx7f.mjs:1:7561)
    at HTMLDivElement.n (https://framerusercontent.com/sites/3Ogwtk4ppZqN0tp5HgJoby/swiper-react.ClaOAx7f.mjs:1:4186)
[   12760ms] TypeError: Cannot read properties of undefined (reading 'includes')
    at HTMLHtmlElement.onTransitionEnd (https://framerusercontent.com/sites/3Ogwtk4ppZqN0tp5HgJoby/script_main.J4bVUE-W.mjs:1:8597)
    at HTMLDivElement.<anonymous> (https://framerusercontent.com/sites/3Ogwtk4ppZqN0tp5HgJoby/swiper-react.ClaOAx7f.mjs:1:7561)
    at HTMLDivElement.n (https://framerusercontent.com/sites/3Ogwtk4ppZqN0tp5HgJoby/swiper-react.ClaOAx7f.mjs:1:4186)
[   12794ms] TypeError: Cannot read properties of undefined (reading 'includes')
    at HTMLHtmlElement.onTransitionEnd (https://framerusercontent.com/sites/3Ogwtk4ppZqN0tp5HgJoby/script_main.J4bVUE-W.mjs:1:8597)
    at HTMLDivElement.<anonymous> (https://framerusercontent.com/sites/3Ogwtk4ppZqN0tp5HgJoby/swiper-react.ClaOAx7f.mjs:1:7561)
    at HTMLDivElement.n (https://framerusercontent.com/sites/3Ogwtk4ppZqN0tp5HgJoby/swiper-react.ClaOAx7f.mjs:1:4186)
[   18760ms] TypeError: Cannot read properties of undefined (reading 'includes')
    at HTMLHtmlElement.onTransitionEnd (https://framerusercontent.com/sites/3Ogwtk4ppZqN0tp5HgJoby/script_main.J4bVUE-W.mjs:1:8597)
    at HTMLDivElement.<anonymous> (https://framerusercontent.com/sites/3Ogwtk4ppZqN0tp5HgJoby/swiper-react.ClaOAx7f.mjs:1:7561)
    at HTMLDivElement.n (https://framerusercontent.com/sites/3Ogwtk4ppZqN0tp5HgJoby/swiper-react.ClaOAx7f.mjs:1:4186)
[   18811ms] TypeError: Cannot read properties of undefined (reading 'includes')
    at HTMLHtmlElement.onTransitionEnd (https://framerusercontent.com/sites/3Ogwtk4ppZqN0tp5HgJoby/script_main.J4bVUE-W.mjs:1:8597)
    at HTMLDivElement.<anonymous> (https://framerusercontent.com/sites/3Ogwtk4ppZqN0tp5HgJoby/swiper-react.ClaOAx7f.mjs:1:7561)
    at HTMLDivElement.n (https://framerusercontent.com/sites/3Ogwtk4ppZqN0tp5HgJoby/swiper-react.ClaOAx7f.mjs:1:4186)
[   24760ms] TypeError: Cannot read properties of undefined (reading 'includes')
    at HTMLHtmlElement.onTransitionEnd (https://framerusercontent.com/sites/3Ogwtk4ppZqN0tp5HgJoby/script_main.J4bVUE-W.mjs:1:8597)
    at HTMLDivElement.<anonymous> (https://framerusercontent.com/sites/3Ogwtk4ppZqN0tp5HgJoby/swiper-react.ClaOAx7f.mjs:1:7561)
    at HTMLDivElement.n (https://framerusercontent.com/sites/3Ogwtk4ppZqN0tp5HgJoby/swiper-react.ClaOAx7f.mjs:1:4186)
[   24844ms] TypeError: Cannot read properties of undefined (reading 'includes')
    at HTMLHtmlElement.onTransitionEnd (https://framerusercontent.com/sites/3Ogwtk4ppZqN0tp5HgJoby/script_main.J4bVUE-W.mjs:1:8597)
    at HTMLDivElement.<anonymous> (https://framerusercontent.com/sites/3Ogwtk4ppZqN0tp5HgJoby/swiper-react.ClaOAx7f.mjs:1:7561)
    at HTMLDivElement.n (https://framerusercontent.com/sites/3Ogwtk4ppZqN0tp5HgJoby/swiper-react.ClaOAx7f.mjs:1:4186)
[   30761ms] TypeError: Cannot read properties of undefined (reading 'includes')
    at HTMLHtmlElement.onTransitionEnd (https://framerusercontent.com/sites/3Ogwtk4ppZqN0tp5HgJoby/script_main.J4bVUE-W.mjs:1:8597)
    at HTMLDivElement.<anonymous> (https://framerusercontent.com/sites/3Ogwtk4ppZqN0tp5HgJoby/swiper-react.ClaOAx7f.mjs:1:7561)
    at HTMLDivElement.n (https://framerusercontent.com/sites/3Ogwtk4ppZqN0tp5HgJoby/swiper-react.ClaOAx7f.mjs:1:4186)
[   30861ms] TypeError: Cannot read properties of undefined (reading 'includes')
    at HTMLHtmlElement.onTransitionEnd (https://framerusercontent.com/sites/3Ogwtk4ppZqN0tp5HgJoby/script_main.J4bVUE-W.mjs:1:8597)
    at HTMLDivElement.<anonymous> (https://framerusercontent.com/sites/3Ogwtk4ppZqN0tp5HgJoby/swiper-react.ClaOAx7f.mjs:1:7561)
    at HTMLDivElement.n (https://framerusercontent.com/sites/3Ogwtk4ppZqN0tp5HgJoby/swiper-react.ClaOAx7f.mjs:1:4186)
[   31838ms] [WARNING] Google Maps JavaScript API has been loaded directly without loading=async. This can result in suboptimal performance. For best-practice loading patterns please see https://goo.gle/js-api-loading @ https://maps.googleapis.com/maps/api/js?key=AIzaSyAP9Wa9ATduqP-sOu3NFacCRoqYfPck4_o&libraries=places:1424
[   31903ms] [WARNING] As of March 1st, 2025, google.maps.places.Autocomplete is not available to new customers. Please use google.maps.places.PlaceAutocompleteElement instead. At this time, google.maps.places.Autocomplete is not scheduled to be discontinued, but google.maps.places.PlaceAutocompleteElement is recommended over google.maps.places.Autocomplete. While google.maps.places.Autocomplete will continue to receive bug fixes for any major regressions, existing bugs in google.maps.places.Autocomplete will not be addressed. At least 12 months notice will be given before support is discontinued. Please see https://developers.google.com/maps/legacy for additional details and https://developers.google.com/maps/documentation/javascript/places-migration-overview for the migration guide. @ https://maps.googleapis.com/maps/api/js?key=AIzaSyAP9Wa9ATduqP-sOu3NFacCRoqYfPck4_o&libraries=places:59
[   37778ms] TypeError: Cannot read properties of undefined (reading 'includes')
    at HTMLHtmlElement.onTransitionEnd (https://framerusercontent.com/sites/3Ogwtk4ppZqN0tp5HgJoby/script_main.J4bVUE-W.mjs:1:8597)
    at HTMLDivElement.<anonymous> (https://framerusercontent.com/sites/3Ogwtk4ppZqN0tp5HgJoby/swiper-react.ClaOAx7f.mjs:1:7561)
    at HTMLDivElement.n (https://framerusercontent.com/sites/3Ogwtk4ppZqN0tp5HgJoby/swiper-react.ClaOAx7f.mjs:1:4186)
[   37778ms] TypeError: Cannot read properties of undefined (reading 'includes')
    at HTMLHtmlElement.onTransitionEnd (https://framerusercontent.com/sites/3Ogwtk4ppZqN0tp5HgJoby/script_main.J4bVUE-W.mjs:1:8597)
    at HTMLDivElement.<anonymous> (https://framerusercontent.com/sites/3Ogwtk4ppZqN0tp5HgJoby/swiper-react.ClaOAx7f.mjs:1:7561)
    at HTMLDivElement.n (https://framerusercontent.com/sites/3Ogwtk4ppZqN0tp5HgJoby/swiper-react.ClaOAx7f.mjs:1:4186)
[   43795ms] TypeError: Cannot read properties of undefined (reading 'includes')
    at HTMLHtmlElement.onTransitionEnd (https://framerusercontent.com/sites/3Ogwtk4ppZqN0tp5HgJoby/script_main.J4bVUE-W.mjs:1:8597)
    at HTMLDivElement.<anonymous> (https://framerusercontent.com/sites/3Ogwtk4ppZqN0tp5HgJoby/swiper-react.ClaOAx7f.mjs:1:7561)
    at HTMLDivElement.n (https://framerusercontent.com/sites/3Ogwtk4ppZqN0tp5HgJoby/swiper-react.ClaOAx7f.mjs:1:4186)
[   43795ms] TypeError: Cannot read properties of undefined (reading 'includes')
    at HTMLHtmlElement.onTransitionEnd (https://framerusercontent.com/sites/3Ogwtk4ppZqN0tp5HgJoby/script_main.J4bVUE-W.mjs:1:8597)
    at HTMLDivElement.<anonymous> (https://framerusercontent.com/sites/3Ogwtk4ppZqN0tp5HgJoby/swiper-react.ClaOAx7f.mjs:1:7561)
    at HTMLDivElement.n (https://framerusercontent.com/sites/3Ogwtk4ppZqN0tp5HgJoby/swiper-react.ClaOAx7f.mjs:1:4186)
[   49812ms] TypeError: Cannot read properties of undefined (reading 'includes')
    at HTMLHtmlElement.onTransitionEnd (https://framerusercontent.com/sites/3Ogwtk4ppZqN0tp5HgJoby/script_main.J4bVUE-W.mjs:1:8597)
    at HTMLDivElement.<anonymous> (https://framerusercontent.com/sites/3Ogwtk4ppZqN0tp5HgJoby/swiper-react.ClaOAx7f.mjs:1:7561)
    at HTMLDivElement.n (https://framerusercontent.com/sites/3Ogwtk4ppZqN0tp5HgJoby/swiper-react.ClaOAx7f.mjs:1:4186)
[   49812ms] TypeError: Cannot read properties of undefined (reading 'includes')
    at HTMLHtmlElement.onTransitionEnd (https://framerusercontent.com/sites/3Ogwtk4ppZqN0tp5HgJoby/script_main.J4bVUE-W.mjs:1:8597)
    at HTMLDivElement.<anonymous> (https://framerusercontent.com/sites/3Ogwtk4ppZqN0tp5HgJoby/swiper-react.ClaOAx7f.mjs:1:7561)
    at HTMLDivElement.n (https://framerusercontent.com/sites/3Ogwtk4ppZqN0tp5HgJoby/swiper-react.ClaOAx7f.mjs:1:4186)
[   55811ms] TypeError: Cannot read properties of undefined (reading 'includes')
    at HTMLHtmlElement.onTransitionEnd (https://framerusercontent.com/sites/3Ogwtk4ppZqN0tp5HgJoby/script_main.J4bVUE-W.mjs:1:8597)
    at HTMLDivElement.<anonymous> (https://framerusercontent.com/sites/3Ogwtk4ppZqN0tp5HgJoby/swiper-react.ClaOAx7f.mjs:1:7561)
    at HTMLDivElement.n (https://framerusercontent.com/sites/3Ogwtk4ppZqN0tp5HgJoby/swiper-react.ClaOAx7f.mjs:1:4186)
[   55812ms] TypeError: Cannot read properties of undefined (reading 'includes')
    at HTMLHtmlElement.onTransitionEnd (https://framerusercontent.com/sites/3Ogwtk4ppZqN0tp5HgJoby/script_main.J4bVUE-W.mjs:1:8597)
    at HTMLDivElement.<anonymous> (https://framerusercontent.com/sites/3Ogwtk4ppZqN0tp5HgJoby/swiper-react.ClaOAx7f.mjs:1:7561)
    at HTMLDivElement.n (https://framerusercontent.com/sites/3Ogwtk4ppZqN0tp5HgJoby/swiper-react.ClaOAx7f.mjs:1:4186)
[   61811ms] TypeError: Cannot read properties of undefined (reading 'includes')
    at HTMLHtmlElement.onTransitionEnd (https://framerusercontent.com/sites/3Ogwtk4ppZqN0tp5HgJoby/script_main.J4bVUE-W.mjs:1:8597)
    at HTMLDivElement.<anonymous> (https://framerusercontent.com/sites/3Ogwtk4ppZqN0tp5HgJoby/swiper-react.ClaOAx7f.mjs:1:7561)
    at HTMLDivElement.n (https://framerusercontent.com/sites/3Ogwtk4ppZqN0tp5HgJoby/swiper-react.ClaOAx7f.mjs:1:4186)
[   61828ms] TypeError: Cannot read properties of undefined (reading 'includes')
    at HTMLHtmlElement.onTransitionEnd (https://framerusercontent.com/sites/3Ogwtk4ppZqN0tp5HgJoby/script_main.J4bVUE-W.mjs:1:8597)
    at HTMLDivElement.<anonymous> (https://framerusercontent.com/sites/3Ogwtk4ppZqN0tp5HgJoby/swiper-react.ClaOAx7f.mjs:1:7561)
    at HTMLDivElement.n (https://framerusercontent.com/sites/3Ogwtk4ppZqN0tp5HgJoby/swiper-react.ClaOAx7f.mjs:1:4186)
[   67811ms] TypeError: Cannot read properties of undefined (reading 'includes')
    at HTMLHtmlElement.onTransitionEnd (https://framerusercontent.com/sites/3Ogwtk4ppZqN0tp5HgJoby/script_main.J4bVUE-W.mjs:1:8597)
    at HTMLDivElement.<anonymous> (https://framerusercontent.com/sites/3Ogwtk4ppZqN0tp5HgJoby/swiper-react.ClaOAx7f.mjs:1:7561)
    at HTMLDivElement.n (https://framerusercontent.com/sites/3Ogwtk4ppZqN0tp5HgJoby/swiper-react.ClaOAx7f.mjs:1:4186)
[   67844ms] TypeError: Cannot read properties of undefined (reading 'includes')
    at HTMLHtmlElement.onTransitionEnd (https://framerusercontent.com/sites/3Ogwtk4ppZqN0tp5HgJoby/script_main.J4bVUE-W.mjs:1:8597)
    at HTMLDivElement.<anonymous> (https://framerusercontent.com/sites/3Ogwtk4ppZqN0tp5HgJoby/swiper-react.ClaOAx7f.mjs:1:7561)
    at HTMLDivElement.n (https://framerusercontent.com/sites/3Ogwtk4ppZqN0tp5HgJoby/swiper-react.ClaOAx7f.mjs:1:4186)
[   73828ms] TypeError: Cannot read properties of undefined (reading 'includes')
    at HTMLHtmlElement.onTransitionEnd (https://framerusercontent.com/sites/3Ogwtk4ppZqN0tp5HgJoby/script_main.J4bVUE-W.mjs:1:8597)
    at HTMLDivElement.<anonymous> (https://framerusercontent.com/sites/3Ogwtk4ppZqN0tp5HgJoby/swiper-react.ClaOAx7f.mjs:1:7561)
    at HTMLDivElement.n (https://framerusercontent.com/sites/3Ogwtk4ppZqN0tp5HgJoby/swiper-react.ClaOAx7f.mjs:1:4186)
[   73861ms] TypeError: Cannot read properties of undefined (reading 'includes')
    at HTMLHtmlElement.onTransitionEnd (https://framerusercontent.com/sites/3Ogwtk4ppZqN0tp5HgJoby/script_main.J4bVUE-W.mjs:1:8597)
    at HTMLDivElement.<anonymous> (https://framerusercontent.com/sites/3Ogwtk4ppZqN0tp5HgJoby/swiper-react.ClaOAx7f.mjs:1:7561)
    at HTMLDivElement.n (https://framerusercontent.com/sites/3Ogwtk4ppZqN0tp5HgJoby/swiper-react.ClaOAx7f.mjs:1:4186)
[   79845ms] TypeError: Cannot read properties of undefined (reading 'includes')
    at HTMLHtmlElement.onTransitionEnd (https://framerusercontent.com/sites/3Ogwtk4ppZqN0tp5HgJoby/script_main.J4bVUE-W.mjs:1:8597)
    at HTMLDivElement.<anonymous> (https://framerusercontent.com/sites/3Ogwtk4ppZqN0tp5HgJoby/swiper-react.ClaOAx7f.mjs:1:7561)
    at HTMLDivElement.n (https://framerusercontent.com/sites/3Ogwtk4ppZqN0tp5HgJoby/swiper-react.ClaOAx7f.mjs:1:4186)
[   79878ms] TypeError: Cannot read properties of undefined (reading 'includes')
    at HTMLHtmlElement.onTransitionEnd (https://framerusercontent.com/sites/3Ogwtk4ppZqN0tp5HgJoby/script_main.J4bVUE-W.mjs:1:8597)
    at HTMLDivElement.<anonymous> (https://framerusercontent.com/sites/3Ogwtk4ppZqN0tp5HgJoby/swiper-react.ClaOAx7f.mjs:1:7561)
    at HTMLDivElement.n (https://framerusercontent.com/sites/3Ogwtk4ppZqN0tp5HgJoby/swiper-react.ClaOAx7f.mjs:1:4186)
[   85862ms] TypeError: Cannot read properties of undefined (reading 'includes')
    at HTMLHtmlElement.onTransitionEnd (https://framerusercontent.com/sites/3Ogwtk4ppZqN0tp5HgJoby/script_main.J4bVUE-W.mjs:1:8597)
    at HTMLDivElement.<anonymous> (https://framerusercontent.com/sites/3Ogwtk4ppZqN0tp5HgJoby/swiper-react.ClaOAx7f.mjs:1:7561)
    at HTMLDivElement.n (https://framerusercontent.com/sites/3Ogwtk4ppZqN0tp5HgJoby/swiper-react.ClaOAx7f.mjs:1:4186)
[   85895ms] TypeError: Cannot read properties of undefined (reading 'includes')
    at HTMLHtmlElement.onTransitionEnd (https://framerusercontent.com/sites/3Ogwtk4ppZqN0tp5HgJoby/script_main.J4bVUE-W.mjs:1:8597)
    at HTMLDivElement.<anonymous> (https://framerusercontent.com/sites/3Ogwtk4ppZqN0tp5HgJoby/swiper-react.ClaOAx7f.mjs:1:7561)
    at HTMLDivElement.n (https://framerusercontent.com/sites/3Ogwtk4ppZqN0tp5HgJoby/swiper-react.ClaOAx7f.mjs:1:4186)
[   91878ms] TypeError: Cannot read properties of undefined (reading 'includes')
    at HTMLHtmlElement.onTransitionEnd (https://framerusercontent.com/sites/3Ogwtk4ppZqN0tp5HgJoby/script_main.J4bVUE-W.mjs:1:8597)
    at HTMLDivElement.<anonymous> (https://framerusercontent.com/sites/3Ogwtk4ppZqN0tp5HgJoby/swiper-react.ClaOAx7f.mjs:1:7561)
    at HTMLDivElement.n (https://framerusercontent.com/sites/3Ogwtk4ppZqN0tp5HgJoby/swiper-react.ClaOAx7f.mjs:1:4186)
[   91911ms] TypeError: Cannot read properties of undefined (reading 'includes')
    at HTMLHtmlElement.onTransitionEnd (https://framerusercontent.com/sites/3Ogwtk4ppZqN0tp5HgJoby/script_main.J4bVUE-W.mjs:1:8597)
    at HTMLDivElement.<anonymous> (https://framerusercontent.com/sites/3Ogwtk4ppZqN0tp5HgJoby/swiper-react.ClaOAx7f.mjs:1:7561)
    at HTMLDivElement.n (https://framerusercontent.com/sites/3Ogwtk4ppZqN0tp5HgJoby/swiper-react.ClaOAx7f.mjs:1:4186)
[   97895ms] TypeError: Cannot read properties of undefined (reading 'includes')
    at HTMLHtmlElement.onTransitionEnd (https://framerusercontent.com/sites/3Ogwtk4ppZqN0tp5HgJoby/script_main.J4bVUE-W.mjs:1:8597)
    at HTMLDivElement.<anonymous> (https://framerusercontent.com/sites/3Ogwtk4ppZqN0tp5HgJoby/swiper-react.ClaOAx7f.mjs:1:7561)
    at HTMLDivElement.n (https://framerusercontent.com/sites/3Ogwtk4ppZqN0tp5HgJoby/swiper-react.ClaOAx7f.mjs:1:4186)
[   97928ms] TypeError: Cannot read properties of undefined (reading 'includes')
    at HTMLHtmlElement.onTransitionEnd (https://framerusercontent.com/sites/3Ogwtk4ppZqN0tp5HgJoby/script_main.J4bVUE-W.mjs:1:8597)
    at HTMLDivElement.<anonymous> (https://framerusercontent.com/sites/3Ogwtk4ppZqN0tp5HgJoby/swiper-react.ClaOAx7f.mjs:1:7561)
    at HTMLDivElement.n (https://framerusercontent.com/sites/3Ogwtk4ppZqN0tp5HgJoby/swiper-react.ClaOAx7f.mjs:1:4186)
[  103912ms] TypeError: Cannot read properties of undefined (reading 'includes')
    at HTMLHtmlElement.onTransitionEnd (https://framerusercontent.com/sites/3Ogwtk4ppZqN0tp5HgJoby/script_main.J4bVUE-W.mjs:1:8597)
    at HTMLDivElement.<anonymous> (https://framerusercontent.com/sites/3Ogwtk4ppZqN0tp5HgJoby/swiper-react.ClaOAx7f.mjs:1:7561)
    at HTMLDivElement.n (https://framerusercontent.com/sites/3Ogwtk4ppZqN0tp5HgJoby/swiper-react.ClaOAx7f.mjs:1:4186)
[  103944ms] TypeError: Cannot read properties of undefined (reading 'includes')
    at HTMLHtmlElement.onTransitionEnd (https://framerusercontent.com/sites/3Ogwtk4ppZqN0tp5HgJoby/script_main.J4bVUE-W.mjs:1:8597)
    at HTMLDivElement.<anonymous> (https://framerusercontent.com/sites/3Ogwtk4ppZqN0tp5HgJoby/swiper-react.ClaOAx7f.mjs:1:7561)
    at HTMLDivElement.n (https://framerusercontent.com/sites/3Ogwtk4ppZqN0tp5HgJoby/swiper-react.ClaOAx7f.mjs:1:4186)
[  109912ms] TypeError: Cannot read properties of undefined (reading 'includes')
    at HTMLHtmlElement.onTransitionEnd (https://framerusercontent.com/sites/3Ogwtk4ppZqN0tp5HgJoby/script_main.J4bVUE-W.mjs:1:8597)
    at HTMLDivElement.<anonymous> (https://framerusercontent.com/sites/3Ogwtk4ppZqN0tp5HgJoby/swiper-react.ClaOAx7f.mjs:1:7561)
    at HTMLDivElement.n (https://framerusercontent.com/sites/3Ogwtk4ppZqN0tp5HgJoby/swiper-react.ClaOAx7f.mjs:1:4186)
[  109945ms] TypeError: Cannot read properties of undefined (reading 'includes')
    at HTMLHtmlElement.onTransitionEnd (https://framerusercontent.com/sites/3Ogwtk4ppZqN0tp5HgJoby/script_main.J4bVUE-W.mjs:1:8597)
    at HTMLDivElement.<anonymous> (https://framerusercontent.com/sites/3Ogwtk4ppZqN0tp5HgJoby/swiper-react.ClaOAx7f.mjs:1:7561)
    at HTMLDivElement.n (https://framerusercontent.com/sites/3Ogwtk4ppZqN0tp5HgJoby/swiper-react.ClaOAx7f.mjs:1:4186)
[  115928ms] TypeError: Cannot read properties of undefined (reading 'includes')
    at HTMLHtmlElement.onTransitionEnd (https://framerusercontent.com/sites/3Ogwtk4ppZqN0tp5HgJoby/script_main.J4bVUE-W.mjs:1:8597)
    at HTMLDivElement.<anonymous> (https://framerusercontent.com/sites/3Ogwtk4ppZqN0tp5HgJoby/swiper-react.ClaOAx7f.mjs:1:7561)
    at HTMLDivElement.n (https://framerusercontent.com/sites/3Ogwtk4ppZqN0tp5HgJoby/swiper-react.ClaOAx7f.mjs:1:4186)
[  115961ms] TypeError: Cannot read properties of undefined (reading 'includes')
    at HTMLHtmlElement.onTransitionEnd (https://framerusercontent.com/sites/3Ogwtk4ppZqN0tp5HgJoby/script_main.J4bVUE-W.mjs:1:8597)
    at HTMLDivElement.<anonymous> (https://framerusercontent.com/sites/3Ogwtk4ppZqN0tp5HgJoby/swiper-react.ClaOAx7f.mjs:1:7561)
    at HTMLDivElement.n (https://framerusercontent.com/sites/3Ogwtk4ppZqN0tp5HgJoby/swiper-react.ClaOAx7f.mjs:1:4186)
[  121944ms] TypeError: Cannot read properties of undefined (reading 'includes')
    at HTMLHtmlElement.onTransitionEnd (https://framerusercontent.com/sites/3Ogwtk4ppZqN0tp5HgJoby/script_main.J4bVUE-W.mjs:1:8597)
    at HTMLDivElement.<anonymous> (https://framerusercontent.com/sites/3Ogwtk4ppZqN0tp5HgJoby/swiper-react.ClaOAx7f.mjs:1:7561)
    at HTMLDivElement.n (https://framerusercontent.com/sites/3Ogwtk4ppZqN0tp5HgJoby/swiper-react.ClaOAx7f.mjs:1:4186)
[  121961ms] TypeError: Cannot read properties of undefined (reading 'includes')
    at HTMLHtmlElement.onTransitionEnd (https://framerusercontent.com/sites/3Ogwtk4ppZqN0tp5HgJoby/script_main.J4bVUE-W.mjs:1:8597)
    at HTMLDivElement.<anonymous> (https://framerusercontent.com/sites/3Ogwtk4ppZqN0tp5HgJoby/swiper-react.ClaOAx7f.mjs:1:7561)
    at HTMLDivElement.n (https://framerusercontent.com/sites/3Ogwtk4ppZqN0tp5HgJoby/swiper-react.ClaOAx7f.mjs:1:4186)
[  127945ms] TypeError: Cannot read properties of undefined (reading 'includes')
    at HTMLHtmlElement.onTransitionEnd (https://framerusercontent.com/sites/3Ogwtk4ppZqN0tp5HgJoby/script_main.J4bVUE-W.mjs:1:8597)
    at HTMLDivElement.<anonymous> (https://framerusercontent.com/sites/3Ogwtk4ppZqN0tp5HgJoby/swiper-react.ClaOAx7f.mjs:1:7561)
    at HTMLDivElement.n (https://framerusercontent.com/sites/3Ogwtk4ppZqN0tp5HgJoby/swiper-react.ClaOAx7f.mjs:1:4186)
[  127961ms] TypeError: Cannot read properties of undefined (reading 'includes')
    at HTMLHtmlElement.onTransitionEnd (https://framerusercontent.com/sites/3Ogwtk4ppZqN0tp5HgJoby/script_main.J4bVUE-W.mjs:1:8597)
    at HTMLDivElement.<anonymous> (https://framerusercontent.com/sites/3Ogwtk4ppZqN0tp5HgJoby/swiper-react.ClaOAx7f.mjs:1:7561)
    at HTMLDivElement.n (https://framerusercontent.com/sites/3Ogwtk4ppZqN0tp5HgJoby/swiper-react.ClaOAx7f.mjs:1:4186)
