[     178ms] [WARNING] GoTrueClient@sb-mfhcdxnzzxuyfkcptoyh-auth-token:1 (2.98.0) 2026-03-25T04:40:59.534Z Multiple GoTrueClient instances detected in the same browser context. It is not an error, but this should be avoided as it may produce undefined behavior when used concurrently under the same storage key. @ http://localhost:3000/_next/static/chunks/node_modules_next_dist_f3530cac._.js:2297
[     225ms] [WARNING] Please ensure that the container has a non-static position, like 'relative', 'fixed', or 'absolute' to ensure scroll offset is calculated correctly. @ http://localhost:3000/_next/static/chunks/node_modules_next_dist_f3530cac._.js:2297
[     795ms] [ERROR] Failed to load resource: the server responded with a status of 404 () @ https://mfhcdxnzzxuyfkcptoyh.supabase.co/rest/v1/hero_config?select=*%2Csuggestions%3Ahero_suggestions%28*%29:0
[     839ms] [ERROR] Failed to load resource: the server responded with a status of 404 () @ https://mfhcdxnzzxuyfkcptoyh.supabase.co/rest/v1/inspiration_cards?select=*&order=sort_order.asc:0
[  101713ms] [ERROR] ./apps/web/app/(main)/places/page.tsx:1152:19
Parsing ecmascript source code failed
  1150 |       )}
  1151 |       </div>
> 1152 |       <OceanWave />
       |                   ^
  1153 |       <Footer />
  1154 |
  1155 |       {/* Detail Overlay — 3D flip card with discovery navigation */}

Expression expected

Import traces:
  Client Component Browser:
    ./apps/web/app/(main)/places/page.tsx [Client Component Browser]
    ./apps/web/app/(main)/places/page.tsx [Server Component]

  Client Component SSR:
    ./apps/web/app/(main)/places/page.tsx [Client Component SSR]
    ./apps/web/app/(main)/places/page.tsx [Server Component] @ http://localhost:3000/_next/static/chunks/node_modules_next_dist_f3530cac._.js:3127
[  101713ms] [ERROR] ./apps/web/app/(main)/places/page.tsx:1150:8
Parsing ecmascript source code failed
  1148 |           )}
  1149 |         </div>
> 1150 |       )}
       |        ^
  1151 |       </div>
  1152 |       <OceanWave />
  1153 |       <Footer />

Unexpected token. Did you mean `{'}'}` or `&rbrace;`?

Import traces:
  Client Component Browser:
    ./apps/web/app/(main)/places/page.tsx [Client Component Browser]
    ./apps/web/app/(main)/places/page.tsx [Server Component]

  Client Component SSR:
    ./apps/web/app/(main)/places/page.tsx [Client Component SSR]
    ./apps/web/app/(main)/places/page.tsx [Server Component] @ http://localhost:3000/_next/static/chunks/node_modules_next_dist_f3530cac._.js:3127
[  101714ms] [ERROR] ./apps/web/app/(main)/places/page.tsx:1168:6
Parsing ecmascript source code failed
  1166 |         )}
  1167 |       </AnimatePresence>
> 1168 |     </div>
       |      ^^^^^
  1169 |   );
  1170 | }
  1171 |

Unterminated regexp literal

Import traces:
  Client Component Browser:
    ./apps/web/app/(main)/places/page.tsx [Client Component Browser]
    ./apps/web/app/(main)/places/page.tsx [Server Component]

  Client Component SSR:
    ./apps/web/app/(main)/places/page.tsx [Client Component SSR]
    ./apps/web/app/(main)/places/page.tsx [Server Component] @ http://localhost:3000/_next/static/chunks/node_modules_next_dist_f3530cac._.js:3127
