[     215ms] [ERROR] ./apps/web/components/calendar/providers/YjsTripProvider.tsx:13:1
Module not found: Can't resolve '@supabase-labs/y-supabase'
  11 | } from 'react'
  12 | import * as Y from 'yjs'
> 13 | import { SupabaseProvider } from '@supabase-labs/y-supabase'
     | ^^^^^^^^^^^^^^^^^^^^^^^^^^^^^^^^^^^^^^^^^^^^^^^^^^^^^^^^^^^^
  14 | import { supabase } from '@travyl/shared'
  15 |
  16 | interface YjsTripContextValue {

Import traces:
  Client Component Browser:
    ./apps/web/components/calendar/providers/YjsTripProvider.tsx [Client Component Browser]
    ./apps/web/app/(trips-app)/trip/[id]/calendar/page.tsx [Client Component Browser]
    ./apps/web/app/(trips-app)/trip/[id]/calendar/page.tsx [Server Component]

  Client Component SSR:
    ./apps/web/components/calendar/providers/YjsTripProvider.tsx [Client Component SSR]
    ./apps/web/app/(trips-app)/trip/[id]/calendar/page.tsx [Client Component SSR]
    ./apps/web/app/(trips-app)/trip/[id]/calendar/page.tsx [Server Component]

https://nextjs.org/docs/messages/module-not-found @ http://localhost:3000/_next/static/chunks/node_modules_next_dist_f3530cac._.js:3127
[     287ms] [WARNING] GoTrueClient@sb-mfhcdxnzzxuyfkcptoyh-auth-token:1 (2.98.0) 2026-03-26T20:50:50.309Z Multiple GoTrueClient instances detected in the same browser context. It is not an error, but this should be avoided as it may produce undefined behavior when used concurrently under the same storage key. @ http://localhost:3000/_next/static/chunks/node_modules_next_dist_f3530cac._.js:2297
[     296ms] [ERROR] ./apps/web/components/calendar/providers/YjsTripProvider.tsx:13:1
Module not found: Can't resolve '@supabase-labs/y-supabase'
  11 | } from 'react'
  12 | import * as Y from 'yjs'
> 13 | import { SupabaseProvider } from '@supabase-labs/y-supabase'
     | ^^^^^^^^^^^^^^^^^^^^^^^^^^^^^^^^^^^^^^^^^^^^^^^^^^^^^^^^^^^^
  14 | import { supabase } from '@travyl/shared'
  15 |
  16 | interface YjsTripContextValue {

Import traces:
  Client Component Browser:
    ./apps/web/components/calendar/providers/YjsTripProvider.tsx [Client Component Browser]
    ./apps/web/app/(trips-app)/trip/[id]/calendar/page.tsx [Client Component Browser]
    ./apps/web/app/(trips-app)/trip/[id]/calendar/page.tsx [Server Component]

  Client Component SSR:
    ./apps/web/components/calendar/providers/YjsTripProvider.tsx [Client Component SSR]
    ./apps/web/app/(trips-app)/trip/[id]/calendar/page.tsx [Client Component SSR]
    ./apps/web/app/(trips-app)/trip/[id]/calendar/page.tsx [Server Component]

https://nextjs.org/docs/messages/module-not-found @ http://localhost:3000/_next/static/chunks/node_modules_next_dist_f3530cac._.js:3127
[     339ms] [ERROR] ./apps/web/components/calendar/providers/YjsTripProvider.tsx:13:1
Module not found: Can't resolve '@supabase-labs/y-supabase'
  11 | } from 'react'
  12 | import * as Y from 'yjs'
> 13 | import { SupabaseProvider } from '@supabase-labs/y-supabase'
     | ^^^^^^^^^^^^^^^^^^^^^^^^^^^^^^^^^^^^^^^^^^^^^^^^^^^^^^^^^^^^
  14 | import { supabase } from '@travyl/shared'
  15 |
  16 | interface YjsTripContextValue {

Import traces:
  Client Component Browser:
    ./apps/web/components/calendar/providers/YjsTripProvider.tsx [Client Component Browser]
    ./apps/web/app/(trips-app)/trip/[id]/calendar/page.tsx [Client Component Browser]
    ./apps/web/app/(trips-app)/trip/[id]/calendar/page.tsx [Server Component]

  Client Component SSR:
    ./apps/web/components/calendar/providers/YjsTripProvider.tsx [Client Component SSR]
    ./apps/web/app/(trips-app)/trip/[id]/calendar/page.tsx [Client Component SSR]
    ./apps/web/app/(trips-app)/trip/[id]/calendar/page.tsx [Server Component]

https://nextjs.org/docs/messages/module-not-found @ http://localhost:3000/_next/static/chunks/node_modules_next_dist_f3530cac._.js:3127
