[    2201ms] [ERROR] Failed to load resource: net::ERR_NAME_NOT_RESOLVED @ https://ssc.cntraveler.com/get_cookie_id?cookie_domain=cntraveler.com&r=1774480765478&callback=TreasureJSONPCallback0:0
[    3070ms] [WARNING] Allow attribute will take precedence over 'allowfullscreen'. @ https://player.cnevids.com/script/video/699ecdebf4856c76e3305940.js?autoplay=1&muted=1&continuousPlay=1&hasCompanion=false&hideHoverTitle=1&hidePosterTitle=1&onReady=setupInterlude1&playerType=interlude&recAlgorithm=_cne-interlude-cntraveler_612c4a47-d115-4032-aad7-b960522e626a_text2vec1_fallback_cral-top2-2&recStrategy=cral_top2_2&showPlaylistBar=false&isFullBleed=false&isRightRail=false&onIframeReady=onIframeReady17744807658361&videoEmbedPosition=inlineInjected:0
[    3643ms] ReferenceError: market is not defined
    at https://dd9ba414ca1f9a18bb791e721b65b673.safeframe.googlesyndication.com/safeframe/1-0-45/html/container.html:85:3
[    4004ms] [ERROR] Attestation check for Shared Storage on https://www.googleadservices.com failed. @ https://www.googleadservices.com/pagead/managed/js/activeview/current/reach_worklet.html:0
[    4013ms] [ERROR] Attestation check for Shared Storage on https://www.googleadservices.com failed. @ https://www.googleadservices.com/pagead/managed/js/activeview/current/reach_worklet.html:0
[    4020ms] [ERROR] Attestation check for Shared Storage on https://www.googleadservices.com failed. @ https://www.googleadservices.com/pagead/managed/js/activeview/current/reach_worklet.html:0
[    4022ms] [ERROR] Attestation check for Shared Storage on https://www.googleadservices.com failed. @ https://www.googleadservices.com/pagead/managed/js/activeview/current/reach_worklet.html:0
[    4022ms] [ERROR] Attestation check for Shared Storage on https://www.googleadservices.com failed. @ https://www.googleadservices.com/pagead/managed/js/activeview/current/reach_worklet.html:0
[    4025ms] [ERROR] Attestation check for Attribution Reporting on https://ad.doubleclick.net failed. @ https://www.cntraveler.com/gallery/affordable-hotels-in-barcelona-that-dont-skimp-on-style:0
[    4186ms] [WARNING] This ad's html cannot be accessed using the getHtml method on googletag.Slot. Returning the empty string instead. @ https://securepubads.g.doubleclick.net/pagead/managed/js/gpt/m202603190101/pubads_impl.js:18
[    4187ms] [WARNING] This ad's html cannot be accessed using the getHtml method on googletag.Slot. Returning the empty string instead. @ https://securepubads.g.doubleclick.net/pagead/managed/js/gpt/m202603190101/pubads_impl.js:18
[    4190ms] [WARNING] This ad's html cannot be accessed using the getHtml method on googletag.Slot. Returning the empty string instead. @ https://securepubads.g.doubleclick.net/pagead/managed/js/gpt/m202603190101/pubads_impl.js:18
[    4191ms] [WARNING] This ad's html cannot be accessed using the getHtml method on googletag.Slot. Returning the empty string instead. @ https://securepubads.g.doubleclick.net/pagead/managed/js/gpt/m202603190101/pubads_impl.js:18
[    5138ms] [ERROR] Refused to display 'https://ad.doubleclick.net/' in a frame because it set 'X-Frame-Options' to 'sameorigin'. @ chrome-error://chromewebdata/:0
[    5253ms] [WARNING] This ad's html cannot be accessed using the getHtml method on googletag.Slot. Returning the empty string instead. @ https://securepubads.g.doubleclick.net/pagead/managed/js/gpt/m202603190101/pubads_impl.js:18
[    4004ms] [ERROR] Attestation check for Shared Storage on https://www.googleadservices.com failed. @ https://www.googleadservices.com/pagead/managed/js/activeview/current/reach_worklet.html:0
[    4013ms] [ERROR] Attestation check for Shared Storage on https://www.googleadservices.com failed. @ https://www.googleadservices.com/pagead/managed/js/activeview/current/reach_worklet.html:0
[    4020ms] [ERROR] Attestation check for Shared Storage on https://www.googleadservices.com failed. @ https://www.googleadservices.com/pagead/managed/js/activeview/current/reach_worklet.html:0
[    4022ms] [ERROR] Attestation check for Shared Storage on https://www.googleadservices.com failed. @ https://www.googleadservices.com/pagead/managed/js/activeview/current/reach_worklet.html:0
[    4022ms] [ERROR] Attestation check for Shared Storage on https://www.googleadservices.com failed. @ https://www.googleadservices.com/pagead/managed/js/activeview/current/reach_worklet.html:0
[    5321ms] [ERROR] Attestation check for Attribution Reporting on https://ad.doubleclick.net failed. @ https://www.cntraveler.com/gallery/affordable-hotels-in-barcelona-that-dont-skimp-on-style:0
[    5351ms] [ERROR] Attestation check for Shared Storage on https://www.googleadservices.com failed. @ https://www.googleadservices.com/pagead/managed/js/activeview/current/reach_worklet.html:0
[    7137ms] [WARNING] [Meta Pixel] - Removed parameters from custom data due to potential violations. Go to Events Manager to learn more. @ https://connect.facebook.net/en_US/fbevents.js:175
