[     453ms] [WARNING] GoTrueClient@sb-mfhcdxnzzxuyfkcptoyh-auth-token:1 (2.98.0) 2026-03-25T22:03:33.238Z Multiple GoTrueClient instances detected in the same browser context. It is not an error, but this should be avoided as it may produce undefined behavior when used concurrently under the same storage key. @ http://localhost:3000/_next/static/chunks/node_modules_next_dist_f3530cac._.js:2297
[     550ms] [WARNING] Please ensure that the container has a non-static position, like 'relative', 'fixed', or 'absolute' to ensure scroll offset is calculated correctly. @ http://localhost:3000/_next/static/chunks/node_modules_next_dist_f3530cac._.js:2297
[     894ms] [ERROR] Failed to load resource: the server responded with a status of 404 () @ https://mfhcdxnzzxuyfkcptoyh.supabase.co/rest/v1/inspiration_cards?select=*&order=sort_order.asc:0
[     898ms] [ERROR] Failed to load resource: the server responded with a status of 404 () @ https://mfhcdxnzzxuyfkcptoyh.supabase.co/rest/v1/hero_config?select=*%2Csuggestions%3Ahero_suggestions%28*%29:0
[   81855ms] [ERROR] Failed to load resource: the server responded with a status of 404 () @ https://mfhcdxnzzxuyfkcptoyh.supabase.co/rest/v1/hotels?select=*&trip_id=eq.69dc3802-528c-4781-97b0-407e37d6b1c7&order=created_at.asc:0
[   81862ms] [ERROR] Failed to load resource: the server responded with a status of 404 () @ https://mfhcdxnzzxuyfkcptoyh.supabase.co/rest/v1/flights?select=*&trip_id=eq.69dc3802-528c-4781-97b0-407e37d6b1c7&order=created_at.asc:0
[   81870ms] [ERROR] Failed to load resource: the server responded with a status of 404 () @ https://mfhcdxnzzxuyfkcptoyh.supabase.co/rest/v1/itinerary_days?select=*%2Cactivities%28*%29&trip_id=eq.69dc3802-528c-4781-97b0-407e37d6b1c7&order=day_number.asc:0
[   84606ms] [ERROR] Failed to load resource: the server responded with a status of 404 () @ https://mfhcdxnzzxuyfkcptoyh.supabase.co/rest/v1/hotels?select=*&trip_id=eq.69dc3802-528c-4781-97b0-407e37d6b1c7&order=created_at.asc:0
[   84606ms] [ERROR] Failed to load resource: the server responded with a status of 404 () @ https://mfhcdxnzzxuyfkcptoyh.supabase.co/rest/v1/flights?select=*&trip_id=eq.69dc3802-528c-4781-97b0-407e37d6b1c7&order=created_at.asc:0
[   84614ms] [ERROR] Failed to load resource: the server responded with a status of 404 () @ https://mfhcdxnzzxuyfkcptoyh.supabase.co/rest/v1/itinerary_days?select=*%2Cactivities%28*%29&trip_id=eq.69dc3802-528c-4781-97b0-407e37d6b1c7&order=day_number.asc:0
[  173714ms] [ERROR] Failed to load resource: the server responded with a status of 404 () @ https://mfhcdxnzzxuyfkcptoyh.supabase.co/rest/v1/flights?select=*&trip_id=eq.69dc3802-528c-4781-97b0-407e37d6b1c7&order=created_at.asc:0
[  173715ms] [ERROR] Failed to load resource: the server responded with a status of 404 () @ https://mfhcdxnzzxuyfkcptoyh.supabase.co/rest/v1/hotels?select=*&trip_id=eq.69dc3802-528c-4781-97b0-407e37d6b1c7&order=created_at.asc:0
[  173851ms] [ERROR] Failed to load resource: the server responded with a status of 404 () @ https://mfhcdxnzzxuyfkcptoyh.supabase.co/rest/v1/itinerary_days?select=*%2Cactivities%28*%29&trip_id=eq.69dc3802-528c-4781-97b0-407e37d6b1c7&order=day_number.asc:0
[  182026ms] [ERROR] Failed to load resource: the server responded with a status of 500 (Internal Server Error) @ http://localhost:3000/api/suggest?destination=Rome%2C+Italy:0
[  182395ms] [ERROR] Failed to load resource: the server responded with a status of 404 () @ https://mfhcdxnzzxuyfkcptoyh.supabase.co/rest/v1/flights?select=*&trip_id=eq.69dc3802-528c-4781-97b0-407e37d6b1c7&order=created_at.asc:0
[  182400ms] [ERROR] Failed to load resource: the server responded with a status of 404 () @ https://mfhcdxnzzxuyfkcptoyh.supabase.co/rest/v1/hotels?select=*&trip_id=eq.69dc3802-528c-4781-97b0-407e37d6b1c7&order=created_at.asc:0
[  182418ms] [ERROR] Failed to load resource: the server responded with a status of 404 () @ https://mfhcdxnzzxuyfkcptoyh.supabase.co/rest/v1/itinerary_days?select=*%2Cactivities%28*%29&trip_id=eq.69dc3802-528c-4781-97b0-407e37d6b1c7&order=day_number.asc:0
[  188457ms] [ERROR] Failed to load resource: the server responded with a status of 404 () @ https://mfhcdxnzzxuyfkcptoyh.supabase.co/rest/v1/hotels?select=*&trip_id=eq.69dc3802-528c-4781-97b0-407e37d6b1c7&order=created_at.asc:0
[  188463ms] [ERROR] Failed to load resource: the server responded with a status of 404 () @ https://mfhcdxnzzxuyfkcptoyh.supabase.co/rest/v1/flights?select=*&trip_id=eq.69dc3802-528c-4781-97b0-407e37d6b1c7&order=created_at.asc:0
[  188612ms] [ERROR] Failed to load resource: the server responded with a status of 404 () @ https://mfhcdxnzzxuyfkcptoyh.supabase.co/rest/v1/itinerary_days?select=*%2Cactivities%28*%29&trip_id=eq.69dc3802-528c-4781-97b0-407e37d6b1c7&order=day_number.asc:0
[  190772ms] [ERROR] Failed to load resource: the server responded with a status of 404 () @ https://mfhcdxnzzxuyfkcptoyh.supabase.co/rest/v1/itinerary_days?select=*%2Cactivities%28*%29&trip_id=eq.69dc3802-528c-4781-97b0-407e37d6b1c7&order=day_number.asc:0
[  190792ms] [ERROR] Failed to load resource: the server responded with a status of 404 () @ https://mfhcdxnzzxuyfkcptoyh.supabase.co/rest/v1/hotels?select=*&trip_id=eq.69dc3802-528c-4781-97b0-407e37d6b1c7&order=created_at.asc:0
[  190805ms] [ERROR] Failed to load resource: the server responded with a status of 404 () @ https://mfhcdxnzzxuyfkcptoyh.supabase.co/rest/v1/flights?select=*&trip_id=eq.69dc3802-528c-4781-97b0-407e37d6b1c7&order=created_at.asc:0
[  192501ms] [ERROR] Failed to load resource: the server responded with a status of 404 () @ https://mfhcdxnzzxuyfkcptoyh.supabase.co/rest/v1/hotels?select=*&trip_id=eq.69dc3802-528c-4781-97b0-407e37d6b1c7&order=created_at.asc:0
[  192502ms] [ERROR] Failed to load resource: the server responded with a status of 404 () @ https://mfhcdxnzzxuyfkcptoyh.supabase.co/rest/v1/itinerary_days?select=*%2Cactivities%28*%29&trip_id=eq.69dc3802-528c-4781-97b0-407e37d6b1c7&order=day_number.asc:0
[  192517ms] [ERROR] Failed to load resource: the server responded with a status of 404 () @ https://mfhcdxnzzxuyfkcptoyh.supabase.co/rest/v1/flights?select=*&trip_id=eq.69dc3802-528c-4781-97b0-407e37d6b1c7&order=created_at.asc:0
[  196588ms] [ERROR] Failed to load resource: the server responded with a status of 404 () @ https://mfhcdxnzzxuyfkcptoyh.supabase.co/rest/v1/itinerary_days?select=*%2Cactivities%28*%29&trip_id=eq.69dc3802-528c-4781-97b0-407e37d6b1c7&order=day_number.asc:0
[  196608ms] [ERROR] Failed to load resource: the server responded with a status of 404 () @ https://mfhcdxnzzxuyfkcptoyh.supabase.co/rest/v1/flights?select=*&trip_id=eq.69dc3802-528c-4781-97b0-407e37d6b1c7&order=created_at.asc:0
[  196609ms] [ERROR] Failed to load resource: the server responded with a status of 404 () @ https://mfhcdxnzzxuyfkcptoyh.supabase.co/rest/v1/hotels?select=*&trip_id=eq.69dc3802-528c-4781-97b0-407e37d6b1c7&order=created_at.asc:0
[  198131ms] [ERROR] Failed to load resource: the server responded with a status of 404 () @ https://mfhcdxnzzxuyfkcptoyh.supabase.co/rest/v1/flights?select=*&trip_id=eq.69dc3802-528c-4781-97b0-407e37d6b1c7&order=created_at.asc:0
[  198147ms] [ERROR] Failed to load resource: the server responded with a status of 404 () @ https://mfhcdxnzzxuyfkcptoyh.supabase.co/rest/v1/hotels?select=*&trip_id=eq.69dc3802-528c-4781-97b0-407e37d6b1c7&order=created_at.asc:0
[  198160ms] [ERROR] Failed to load resource: the server responded with a status of 404 () @ https://mfhcdxnzzxuyfkcptoyh.supabase.co/rest/v1/itinerary_days?select=*%2Cactivities%28*%29&trip_id=eq.69dc3802-528c-4781-97b0-407e37d6b1c7&order=day_number.asc:0
[  204548ms] [ERROR] Failed to load resource: the server responded with a status of 404 () @ https://mfhcdxnzzxuyfkcptoyh.supabase.co/rest/v1/flights?select=*&trip_id=eq.69dc3802-528c-4781-97b0-407e37d6b1c7&order=created_at.asc:0
[  204557ms] [ERROR] Failed to load resource: the server responded with a status of 404 () @ https://mfhcdxnzzxuyfkcptoyh.supabase.co/rest/v1/itinerary_days?select=*%2Cactivities%28*%29&trip_id=eq.69dc3802-528c-4781-97b0-407e37d6b1c7&order=day_number.asc:0
[  204575ms] [ERROR] Failed to load resource: the server responded with a status of 404 () @ https://mfhcdxnzzxuyfkcptoyh.supabase.co/rest/v1/hotels?select=*&trip_id=eq.69dc3802-528c-4781-97b0-407e37d6b1c7&order=created_at.asc:0
[  206254ms] [ERROR] Failed to load resource: the server responded with a status of 404 () @ https://mfhcdxnzzxuyfkcptoyh.supabase.co/rest/v1/itinerary_days?select=*%2Cactivities%28*%29&trip_id=eq.69dc3802-528c-4781-97b0-407e37d6b1c7&order=day_number.asc:0
[  206268ms] [ERROR] Failed to load resource: the server responded with a status of 404 () @ https://mfhcdxnzzxuyfkcptoyh.supabase.co/rest/v1/hotels?select=*&trip_id=eq.69dc3802-528c-4781-97b0-407e37d6b1c7&order=created_at.asc:0
[  206268ms] [ERROR] Failed to load resource: the server responded with a status of 404 () @ https://mfhcdxnzzxuyfkcptoyh.supabase.co/rest/v1/flights?select=*&trip_id=eq.69dc3802-528c-4781-97b0-407e37d6b1c7&order=created_at.asc:0
[  209030ms] [ERROR] Failed to load resource: the server responded with a status of 404 () @ https://mfhcdxnzzxuyfkcptoyh.supabase.co/rest/v1/flights?select=*&trip_id=eq.69dc3802-528c-4781-97b0-407e37d6b1c7&order=created_at.asc:0
[  209036ms] [ERROR] Failed to load resource: the server responded with a status of 404 () @ https://mfhcdxnzzxuyfkcptoyh.supabase.co/rest/v1/hotels?select=*&trip_id=eq.69dc3802-528c-4781-97b0-407e37d6b1c7&order=created_at.asc:0
[  209039ms] [ERROR] Failed to load resource: the server responded with a status of 404 () @ https://mfhcdxnzzxuyfkcptoyh.supabase.co/rest/v1/itinerary_days?select=*%2Cactivities%28*%29&trip_id=eq.69dc3802-528c-4781-97b0-407e37d6b1c7&order=day_number.asc:0
[  210483ms] [ERROR] Failed to load resource: the server responded with a status of 404 () @ https://mfhcdxnzzxuyfkcptoyh.supabase.co/rest/v1/hotels?select=*&trip_id=eq.69dc3802-528c-4781-97b0-407e37d6b1c7&order=created_at.asc:0
[  210487ms] [ERROR] Failed to load resource: the server responded with a status of 404 () @ https://mfhcdxnzzxuyfkcptoyh.supabase.co/rest/v1/itinerary_days?select=*%2Cactivities%28*%29&trip_id=eq.69dc3802-528c-4781-97b0-407e37d6b1c7&order=day_number.asc:0
[  210556ms] [ERROR] Failed to load resource: the server responded with a status of 404 () @ https://mfhcdxnzzxuyfkcptoyh.supabase.co/rest/v1/flights?select=*&trip_id=eq.69dc3802-528c-4781-97b0-407e37d6b1c7&order=created_at.asc:0
[  213741ms] [ERROR] Failed to load resource: the server responded with a status of 404 () @ https://mfhcdxnzzxuyfkcptoyh.supabase.co/rest/v1/itinerary_days?select=*%2Cactivities%28*%29&trip_id=eq.69dc3802-528c-4781-97b0-407e37d6b1c7&order=day_number.asc:0
[  213764ms] [ERROR] Failed to load resource: the server responded with a status of 404 () @ https://mfhcdxnzzxuyfkcptoyh.supabase.co/rest/v1/hotels?select=*&trip_id=eq.69dc3802-528c-4781-97b0-407e37d6b1c7&order=created_at.asc:0
[  213764ms] [ERROR] Failed to load resource: the server responded with a status of 404 () @ https://mfhcdxnzzxuyfkcptoyh.supabase.co/rest/v1/flights?select=*&trip_id=eq.69dc3802-528c-4781-97b0-407e37d6b1c7&order=created_at.asc:0
[  218359ms] [ERROR] In HTML, %s cannot be a descendant of <%s>.
This will cause a hydration error.%s <button> button 

  ...
    <InnerScrollAndFocusHandler segmentPath={[...]} focusAndScrollRef={{apply:false, ...}}>
      <ErrorBoundary errorComponent={undefined} errorStyles={undefined} errorScripts={undefined}>
        <LoadingBoundary name="flights/" loading={null}>
          <HTTPAccessFallbackBoundary notFound={undefined} forbidden={undefined} unauthorized={undefined}>
            <RedirectBoundary>
              <RedirectErrorBoundary router={{...}}>
                <InnerLayoutRouter url="/trip/69dc..." tree={[...]} params={{id:"69dc38..."}} ...>
                  <SegmentViewNode type="page" pagePath="/apps/web/...">
                    <SegmentTrieNode>
                    <ClientPageRoot Component={function Flights} serverProvidedParams={{...}}>
                      <Flights params={Promise} searchParams={Promise}>
                        <div className="space-y-4">
                          <FlightSearchSection defaultFrom="JFK" defaultTo="FCO" defaultTravelers={2} ...>
                            <div className="bg-white r...">
>                             <button
>                               onClick={function onClick}
>                               className="w-full px-4 py-3 flex items-center justify-between hover:bg-gray-50/50 tran..."
>                             >
                                <div>
                                <div className="flex items...">
>                                 <button
>                                   onClick={function onClick}
>                                   className="text-[11px] px-2.5 py-1 rounded-full border flex items-center gap-1 tra..."
>                                 >
                                  ...
                              ...
                          ...
                  ...
                ...
      ...
 @ http://localhost:3000/_next/static/chunks/node_modules_next_dist_f3530cac._.js:3127
[  218359ms] [ERROR] <%s> cannot contain a nested %s.
See this log for the ancestor stack trace. button <button> @ http://localhost:3000/_next/static/chunks/node_modules_next_dist_f3530cac._.js:3127
[  349537ms] [ERROR] Failed to load resource: the server responded with a status of 404 () @ https://mfhcdxnzzxuyfkcptoyh.supabase.co/rest/v1/flights?select=*&trip_id=eq.69dc3802-528c-4781-97b0-407e37d6b1c7&order=created_at.asc:0
[  349537ms] [ERROR] Failed to load resource: the server responded with a status of 404 () @ https://mfhcdxnzzxuyfkcptoyh.supabase.co/rest/v1/hotels?select=*&trip_id=eq.69dc3802-528c-4781-97b0-407e37d6b1c7&order=created_at.asc:0
[  349554ms] [ERROR] Failed to load resource: the server responded with a status of 404 () @ https://mfhcdxnzzxuyfkcptoyh.supabase.co/rest/v1/itinerary_days?select=*%2Cactivities%28*%29&trip_id=eq.69dc3802-528c-4781-97b0-407e37d6b1c7&order=day_number.asc:0
[  398795ms] [ERROR] Failed to load resource: the server responded with a status of 404 () @ https://mfhcdxnzzxuyfkcptoyh.supabase.co/rest/v1/hotels?select=*&trip_id=eq.69dc3802-528c-4781-97b0-407e37d6b1c7&order=created_at.asc:0
[  398796ms] [ERROR] Failed to load resource: the server responded with a status of 404 () @ https://mfhcdxnzzxuyfkcptoyh.supabase.co/rest/v1/flights?select=*&trip_id=eq.69dc3802-528c-4781-97b0-407e37d6b1c7&order=created_at.asc:0
[  398840ms] [ERROR] Failed to load resource: the server responded with a status of 404 () @ https://mfhcdxnzzxuyfkcptoyh.supabase.co/rest/v1/itinerary_days?select=*%2Cactivities%28*%29&trip_id=eq.69dc3802-528c-4781-97b0-407e37d6b1c7&order=day_number.asc:0
