[    3233ms] [WARNING] GoTrueClient@sb-mfhcdxnzzxuyfkcptoyh-auth-token:1 (2.98.0) 2026-03-26T20:38:59.291Z Multiple GoTrueClient instances detected in the same browser context. It is not an error, but this should be avoided as it may produce undefined behavior when used concurrently under the same storage key. @ http://localhost:3000/_next/static/chunks/node_modules_next_dist_f3530cac._.js:2297
[    4310ms] [ERROR] Failed to load resource: the server responded with a status of 404 () @ https://mfhcdxnzzxuyfkcptoyh.supabase.co/rest/v1/itinerary_days?select=*%2Cactivities%28*%29&trip_id=eq.4de759a8-f7c2-400d-b656-b982bc838d4f&order=day_number.asc:0
[  911889ms] [WARNING] GoTrueClient@sb-mfhcdxnzzxuyfkcptoyh-auth-token:1 (2.98.0) 2026-03-26T20:54:07.950Z Multiple GoTrueClient instances detected in the same browser context. It is not an error, but this should be avoided as it may produce undefined behavior when used concurrently under the same storage key. @ http://localhost:3000/_next/static/chunks/node_modules_next_dist_f3530cac._.js:2297
[  912194ms] [ERROR] Failed to load resource: the server responded with a status of 404 () @ https://mfhcdxnzzxuyfkcptoyh.supabase.co/rest/v1/itinerary_days?select=*%2Cactivities%28*%29&trip_id=eq.4de759a8-f7c2-400d-b656-b982bc838d4f&order=day_number.asc:0
[  918513ms] [WARNING] GoTrueClient@sb-mfhcdxnzzxuyfkcptoyh-auth-token:1 (2.98.0) 2026-03-26T20:54:14.574Z Multiple GoTrueClient instances detected in the same browser context. It is not an error, but this should be avoided as it may produce undefined behavior when used concurrently under the same storage key. @ http://localhost:3000/_next/static/chunks/node_modules_next_dist_f3530cac._.js:2297
[  918667ms] [ERROR] Failed to load resource: the server responded with a status of 404 () @ https://mfhcdxnzzxuyfkcptoyh.supabase.co/rest/v1/itinerary_days?select=*%2Cactivities%28*%29&trip_id=eq.4de759a8-f7c2-400d-b656-b982bc838d4f&order=day_number.asc:0
[  946848ms] [ERROR] ./apps/web/app/(trips-app)/trip/[id]/trip-layout-inner.tsx:290:4
Parsing ecmascript source code failed
  288 |       style={{ transition: 'background-color 0.5s ease' }}
  289 |     >
> 290 | <<<<<<< HEAD
      |    ^^
  291 |       {/* Hero banner — only on overview + itinerary; skip on calendar and content tabs */}
  292 |       {(isOverview || isItinerary) && (
  293 | =======

Expression expected

Import trace:
  Server Component:
    ./apps/web/app/(trips-app)/trip/[id]/trip-layout-inner.tsx
    ./apps/web/app/(trips-app)/trip/[id]/layout.tsx @ http://localhost:3000/_next/static/chunks/node_modules_next_dist_f3530cac._.js:3127
[  946849ms] [ERROR] ./apps/web/app/(trips-app)/trip/[id]/trip-layout-inner.tsx:17:1
Parsing ecmascript source code failed
  15 | import TripTabs, { getTabMeta } from '@/components/trip-tabs';
  16 | import { useItineraryScreen, formatDateRange, useAuthStore, isTripOwner } from '@travyl/shared';
> 17 | >>>>>>> origin/develop
     | ^^^^^^^
  18 | import { OceanWave, Footer } from '@/components/home';
  19 | import { ItineraryProvider, useItineraryContext } from '@/components/itinerary/ItineraryContext';
  20 | import { TripThemeProvider } from '@/components/trip/TripThemeContext';

Merge conflict marker encountered.

Import trace:
  Server Component:
    ./apps/web/app/(trips-app)/trip/[id]/trip-layout-inner.tsx
    ./apps/web/app/(trips-app)/trip/[id]/layout.tsx @ http://localhost:3000/_next/static/chunks/node_modules_next_dist_f3530cac._.js:3127
[  946849ms] [ERROR] ./apps/web/components/calendar/providers/YjsTripProvider.tsx:13:1
Module not found: Can't resolve '@supabase-labs/y-supabase'
  11 | } from 'react'
  12 | import * as Y from 'yjs'
> 13 | import { SupabaseProvider } from '@supabase-labs/y-supabase'
     | ^^^^^^^^^^^^^^^^^^^^^^^^^^^^^^^^^^^^^^^^^^^^^^^^^^^^^^^^^^^^
  14 | import { supabase } from '@travyl/shared'
  15 |
  16 | interface YjsTripContextValue {

Import traces:
  Client Component Browser:
    ./apps/web/components/calendar/providers/YjsTripProvider.tsx [Client Component Browser]
    ./apps/web/app/(trips-app)/trip/[id]/calendar/page.tsx [Client Component Browser]
    ./apps/web/app/(trips-app)/trip/[id]/calendar/page.tsx [Server Component]

  Client Component SSR:
    ./apps/web/components/calendar/providers/YjsTripProvider.tsx [Client Component SSR]
    ./apps/web/app/(trips-app)/trip/[id]/calendar/page.tsx [Client Component SSR]
    ./apps/web/app/(trips-app)/trip/[id]/calendar/page.tsx [Server Component]

https://nextjs.org/docs/messages/module-not-found @ http://localhost:3000/_next/static/chunks/node_modules_next_dist_f3530cac._.js:3127
[  947113ms] [ERROR] ./apps/web/app/(trips-app)/trip/[id]/trip-layout-inner.tsx:290:4
Parsing ecmascript source code failed
  288 |       style={{ transition: 'background-color 0.5s ease' }}
  289 |     >
> 290 | <<<<<<< HEAD
      |    ^^
  291 |       {/* Hero banner — only on overview + itinerary; skip on calendar and content tabs */}
  292 |       {(isOverview || isItinerary) && (
  293 | =======

Expression expected

Import trace:
  Server Component:
    ./apps/web/app/(trips-app)/trip/[id]/trip-layout-inner.tsx
    ./apps/web/app/(trips-app)/trip/[id]/layout.tsx @ http://localhost:3000/_next/static/chunks/node_modules_next_dist_f3530cac._.js:3127
[  947113ms] [ERROR] ./apps/web/app/(trips-app)/trip/[id]/trip-layout-inner.tsx:17:1
Parsing ecmascript source code failed
  15 | import TripTabs, { getTabMeta } from '@/components/trip-tabs';
  16 | import { useItineraryScreen, formatDateRange, useAuthStore, isTripOwner } from '@travyl/shared';
> 17 | >>>>>>> origin/develop
     | ^^^^^^^
  18 | import { OceanWave, Footer } from '@/components/home';
  19 | import { ItineraryProvider, useItineraryContext } from '@/components/itinerary/ItineraryContext';
  20 | import { TripThemeProvider } from '@/components/trip/TripThemeContext';

Merge conflict marker encountered.

Import trace:
  Server Component:
    ./apps/web/app/(trips-app)/trip/[id]/trip-layout-inner.tsx
    ./apps/web/app/(trips-app)/trip/[id]/layout.tsx @ http://localhost:3000/_next/static/chunks/node_modules_next_dist_f3530cac._.js:3127
[  947113ms] [ERROR] ./apps/web/components/calendar/providers/YjsTripProvider.tsx:13:1
Module not found: Can't resolve '@supabase-labs/y-supabase'
  11 | } from 'react'
  12 | import * as Y from 'yjs'
> 13 | import { SupabaseProvider } from '@supabase-labs/y-supabase'
     | ^^^^^^^^^^^^^^^^^^^^^^^^^^^^^^^^^^^^^^^^^^^^^^^^^^^^^^^^^^^^
  14 | import { supabase } from '@travyl/shared'
  15 |
  16 | interface YjsTripContextValue {

Import traces:
  Client Component Browser:
    ./apps/web/components/calendar/providers/YjsTripProvider.tsx [Client Component Browser]
    ./apps/web/app/(trips-app)/trip/[id]/calendar/page.tsx [Client Component Browser]
    ./apps/web/app/(trips-app)/trip/[id]/calendar/page.tsx [Server Component]

  Client Component SSR:
    ./apps/web/components/calendar/providers/YjsTripProvider.tsx [Client Component SSR]
    ./apps/web/app/(trips-app)/trip/[id]/calendar/page.tsx [Client Component SSR]
    ./apps/web/app/(trips-app)/trip/[id]/calendar/page.tsx [Server Component]

https://nextjs.org/docs/messages/module-not-found @ http://localhost:3000/_next/static/chunks/node_modules_next_dist_f3530cac._.js:3127
[  947404ms] [ERROR] ./apps/web/app/(trips-app)/trip/[id]/trip-layout-inner.tsx:290:4
Parsing ecmascript source code failed
  288 |       style={{ transition: 'background-color 0.5s ease' }}
  289 |     >
> 290 | <<<<<<< HEAD
      |    ^^
  291 |       {/* Hero banner — only on overview + itinerary; skip on calendar and content tabs */}
  292 |       {(isOverview || isItinerary) && (
  293 | =======

Expression expected

Import trace:
  Server Component:
    ./apps/web/app/(trips-app)/trip/[id]/trip-layout-inner.tsx
    ./apps/web/app/(trips-app)/trip/[id]/layout.tsx @ http://localhost:3000/_next/static/chunks/node_modules_next_dist_f3530cac._.js:3127
[  947404ms] [ERROR] ./apps/web/app/(trips-app)/trip/[id]/trip-layout-inner.tsx:17:1
Parsing ecmascript source code failed
  15 | import TripTabs, { getTabMeta } from '@/components/trip-tabs';
  16 | import { useItineraryScreen, formatDateRange, useAuthStore, isTripOwner } from '@travyl/shared';
> 17 | >>>>>>> origin/develop
     | ^^^^^^^
  18 | import { OceanWave, Footer } from '@/components/home';
  19 | import { ItineraryProvider, useItineraryContext } from '@/components/itinerary/ItineraryContext';
  20 | import { TripThemeProvider } from '@/components/trip/TripThemeContext';

Merge conflict marker encountered.

Import trace:
  Server Component:
    ./apps/web/app/(trips-app)/trip/[id]/trip-layout-inner.tsx
    ./apps/web/app/(trips-app)/trip/[id]/layout.tsx @ http://localhost:3000/_next/static/chunks/node_modules_next_dist_f3530cac._.js:3127
[  947404ms] [ERROR] ./apps/web/components/calendar/providers/YjsTripProvider.tsx:13:1
Module not found: Can't resolve '@supabase-labs/y-supabase'
  11 | } from 'react'
  12 | import * as Y from 'yjs'
> 13 | import { SupabaseProvider } from '@supabase-labs/y-supabase'
     | ^^^^^^^^^^^^^^^^^^^^^^^^^^^^^^^^^^^^^^^^^^^^^^^^^^^^^^^^^^^^
  14 | import { supabase } from '@travyl/shared'
  15 |
  16 | interface YjsTripContextValue {

Import traces:
  Client Component Browser:
    ./apps/web/components/calendar/providers/YjsTripProvider.tsx [Client Component Browser]
    ./apps/web/app/(trips-app)/trip/[id]/calendar/page.tsx [Client Component Browser]
    ./apps/web/app/(trips-app)/trip/[id]/calendar/page.tsx [Server Component]

  Client Component SSR:
    ./apps/web/components/calendar/providers/YjsTripProvider.tsx [Client Component SSR]
    ./apps/web/app/(trips-app)/trip/[id]/calendar/page.tsx [Client Component SSR]
    ./apps/web/app/(trips-app)/trip/[id]/calendar/page.tsx [Server Component]

https://nextjs.org/docs/messages/module-not-found @ http://localhost:3000/_next/static/chunks/node_modules_next_dist_f3530cac._.js:3127
[  947404ms] [ERROR] Failed to load resource: the server responded with a status of 500 (Internal Server Error) @ http://localhost:3000/trip/4de759a8-f7c2-400d-b656-b982bc838d4f?_rsc=rhjcp:0
[  947522ms] [ERROR] ./apps/web/app/(trips-app)/trip/[id]/trip-layout-inner.tsx:290:4
Parsing ecmascript source code failed
  288 |       style={{ transition: 'background-color 0.5s ease' }}
  289 |     >
> 290 | <<<<<<< HEAD
      |    ^^
  291 |       {/* Hero banner — only on overview + itinerary; skip on calendar and content tabs */}
  292 |       {(isOverview || isItinerary) && (
  293 | =======

Expression expected

Import trace:
  Server Component:
    ./apps/web/app/(trips-app)/trip/[id]/trip-layout-inner.tsx
    ./apps/web/app/(trips-app)/trip/[id]/layout.tsx @ http://localhost:3000/_next/static/chunks/node_modules_next_dist_f3530cac._.js:3127
[  947522ms] [ERROR] ./apps/web/app/(trips-app)/trip/[id]/trip-layout-inner.tsx:17:1
Parsing ecmascript source code failed
  15 | import TripTabs, { getTabMeta } from '@/components/trip-tabs';
  16 | import { useItineraryScreen, formatDateRange, useAuthStore, isTripOwner } from '@travyl/shared';
> 17 | >>>>>>> origin/develop
     | ^^^^^^^
  18 | import { OceanWave, Footer } from '@/components/home';
  19 | import { ItineraryProvider, useItineraryContext } from '@/components/itinerary/ItineraryContext';
  20 | import { TripThemeProvider } from '@/components/trip/TripThemeContext';

Merge conflict marker encountered.

Import trace:
  Server Component:
    ./apps/web/app/(trips-app)/trip/[id]/trip-layout-inner.tsx
    ./apps/web/app/(trips-app)/trip/[id]/layout.tsx @ http://localhost:3000/_next/static/chunks/node_modules_next_dist_f3530cac._.js:3127
[  947522ms] [ERROR] ./apps/web/components/calendar/providers/YjsTripProvider.tsx:13:1
Module not found: Can't resolve '@supabase-labs/y-supabase'
  11 | } from 'react'
  12 | import * as Y from 'yjs'
> 13 | import { SupabaseProvider } from '@supabase-labs/y-supabase'
     | ^^^^^^^^^^^^^^^^^^^^^^^^^^^^^^^^^^^^^^^^^^^^^^^^^^^^^^^^^^^^
  14 | import { supabase } from '@travyl/shared'
  15 |
  16 | interface YjsTripContextValue {

Import traces:
  Client Component Browser:
    ./apps/web/components/calendar/providers/YjsTripProvider.tsx [Client Component Browser]
    ./apps/web/app/(trips-app)/trip/[id]/calendar/page.tsx [Client Component Browser]
    ./apps/web/app/(trips-app)/trip/[id]/calendar/page.tsx [Server Component]

  Client Component SSR:
    ./apps/web/components/calendar/providers/YjsTripProvider.tsx [Client Component SSR]
    ./apps/web/app/(trips-app)/trip/[id]/calendar/page.tsx [Client Component SSR]
    ./apps/web/app/(trips-app)/trip/[id]/calendar/page.tsx [Server Component]

https://nextjs.org/docs/messages/module-not-found @ http://localhost:3000/_next/static/chunks/node_modules_next_dist_f3530cac._.js:3127
[  947533ms] [ERROR] Failed to load resource: the server responded with a status of 500 (Internal Server Error) @ http://localhost:3000/trip/4de759a8-f7c2-400d-b656-b982bc838d4f?_rsc=rhjcp:0
[  947601ms] [ERROR] ./apps/web/app/(trips-app)/trip/[id]/trip-layout-inner.tsx:290:4
Parsing ecmascript source code failed
  288 |       style={{ transition: 'background-color 0.5s ease' }}
  289 |     >
> 290 | <<<<<<< HEAD
      |    ^^
  291 |       {/* Hero banner — only on overview + itinerary; skip on calendar and content tabs */}
  292 |       {(isOverview || isItinerary) && (
  293 | =======

Expression expected

Import trace:
  Server Component:
    ./apps/web/app/(trips-app)/trip/[id]/trip-layout-inner.tsx
    ./apps/web/app/(trips-app)/trip/[id]/layout.tsx @ http://localhost:3000/_next/static/chunks/node_modules_next_dist_f3530cac._.js:3127
[  947601ms] [ERROR] ./apps/web/app/(trips-app)/trip/[id]/trip-layout-inner.tsx:17:1
Parsing ecmascript source code failed
  15 | import TripTabs, { getTabMeta } from '@/components/trip-tabs';
  16 | import { useItineraryScreen, formatDateRange, useAuthStore, isTripOwner } from '@travyl/shared';
> 17 | >>>>>>> origin/develop
     | ^^^^^^^
  18 | import { OceanWave, Footer } from '@/components/home';
  19 | import { ItineraryProvider, useItineraryContext } from '@/components/itinerary/ItineraryContext';
  20 | import { TripThemeProvider } from '@/components/trip/TripThemeContext';

Merge conflict marker encountered.

Import trace:
  Server Component:
    ./apps/web/app/(trips-app)/trip/[id]/trip-layout-inner.tsx
    ./apps/web/app/(trips-app)/trip/[id]/layout.tsx @ http://localhost:3000/_next/static/chunks/node_modules_next_dist_f3530cac._.js:3127
[  947601ms] [ERROR] ./apps/web/components/calendar/providers/YjsTripProvider.tsx:13:1
Module not found: Can't resolve '@supabase-labs/y-supabase'
  11 | } from 'react'
  12 | import * as Y from 'yjs'
> 13 | import { SupabaseProvider } from '@supabase-labs/y-supabase'
     | ^^^^^^^^^^^^^^^^^^^^^^^^^^^^^^^^^^^^^^^^^^^^^^^^^^^^^^^^^^^^
  14 | import { supabase } from '@travyl/shared'
  15 |
  16 | interface YjsTripContextValue {

Import traces:
  Client Component Browser:
    ./apps/web/components/calendar/providers/YjsTripProvider.tsx [Client Component Browser]
    ./apps/web/app/(trips-app)/trip/[id]/calendar/page.tsx [Client Component Browser]
    ./apps/web/app/(trips-app)/trip/[id]/calendar/page.tsx [Server Component]

  Client Component SSR:
    ./apps/web/components/calendar/providers/YjsTripProvider.tsx [Client Component SSR]
    ./apps/web/app/(trips-app)/trip/[id]/calendar/page.tsx [Client Component SSR]
    ./apps/web/app/(trips-app)/trip/[id]/calendar/page.tsx [Server Component]

https://nextjs.org/docs/messages/module-not-found @ http://localhost:3000/_next/static/chunks/node_modules_next_dist_f3530cac._.js:3127
[  947624ms] [ERROR] Failed to load resource: the server responded with a status of 500 (Internal Server Error) @ http://localhost:3000/trip/4de759a8-f7c2-400d-b656-b982bc838d4f:0
[  947884ms] Error: ./apps/web/app/(trips-app)/trip/[id]/trip-layout-inner.tsx:290:4
Parsing ecmascript source code failed
  288 |       style={{ transition: 'background-color 0.5s ease' }}
  289 |     >
> 290 | <<<<<<< HEAD
      |    ^^
  291 |       {/* Hero banner — only on overview + itinerary; skip on calendar and content tabs */}
  292 |       {(isOverview || isItinerary) && (
  293 | =======

Expression expected

Import trace:
  Server Component:
    ./apps/web/app/(trips-app)/trip/[id]/trip-layout-inner.tsx
    ./apps/web/app/(trips-app)/trip/[id]/layout.tsx


    at <unknown> (Error: ./apps/web/app/(trips-app)/trip/[id]/trip-layout-inner.tsx:290:4)
    at Object.getCompilationErrors (file:///Users/z/Travyl/travyl/node_modules/next/dist/server/dev/hot-reloader-turbopack.js:1008:59)
    at DevBundlerService.getCompilationError (file:///Users/z/Travyl/travyl/node_modules/next/dist/server/lib/dev-bundler-service.js:44:55)
    at DevServer.getCompilationError (file:///Users/z/Travyl/travyl/node_modules/next/dist/server/dev/next-dev-server.js:706:42)
    at DevServer.findPageComponents (file:///Users/z/Travyl/travyl/node_modules/next/dist/server/dev/next-dev-server.js:676:43)
    at async DevServer.renderErrorToResponseImpl (file:///Users/z/Travyl/travyl/node_modules/next/dist/server/base-server.js:1733:26)
[  947958ms] [ERROR] ./apps/web/app/(trips-app)/trip/[id]/trip-layout-inner.tsx:290:4
Parsing ecmascript source code failed
  288 |       style={{ transition: 'background-color 0.5s ease' }}
  289 |     >
> 290 | <<<<<<< HEAD
      |    ^^
  291 |       {/* Hero banner — only on overview + itinerary; skip on calendar and content tabs */}
  292 |       {(isOverview || isItinerary) && (
  293 | =======

Expression expected

Import trace:
  Server Component:
    ./apps/web/app/(trips-app)/trip/[id]/trip-layout-inner.tsx
    ./apps/web/app/(trips-app)/trip/[id]/layout.tsx @ http://localhost:3000/_next/static/chunks/node_modules_next_dist_b3fb3b5f._.js:1920
[  947958ms] [ERROR] ./apps/web/app/(trips-app)/trip/[id]/trip-layout-inner.tsx:17:1
Parsing ecmascript source code failed
  15 | import TripTabs, { getTabMeta } from '@/components/trip-tabs';
  16 | import { useItineraryScreen, formatDateRange, useAuthStore, isTripOwner } from '@travyl/shared';
> 17 | >>>>>>> origin/develop
     | ^^^^^^^
  18 | import { OceanWave, Footer } from '@/components/home';
  19 | import { ItineraryProvider, useItineraryContext } from '@/components/itinerary/ItineraryContext';
  20 | import { TripThemeProvider } from '@/components/trip/TripThemeContext';

Merge conflict marker encountered.

Import trace:
  Server Component:
    ./apps/web/app/(trips-app)/trip/[id]/trip-layout-inner.tsx
    ./apps/web/app/(trips-app)/trip/[id]/layout.tsx @ http://localhost:3000/_next/static/chunks/node_modules_next_dist_b3fb3b5f._.js:1920
[  947958ms] [ERROR] ./apps/web/app/(trips-app)/trip/[id]/trip-layout-inner.tsx:290:4
Parsing ecmascript source code failed
  288 |       style={{ transition: 'background-color 0.5s ease' }}
  289 |     >
> 290 | <<<<<<< HEAD
      |    ^^
  291 |       {/* Hero banner — only on overview + itinerary; skip on calendar and content tabs */}
  292 |       {(isOverview || isItinerary) && (
  293 | =======

Expression expected

Import trace:
  Server Component:
    ./apps/web/app/(trips-app)/trip/[id]/trip-layout-inner.tsx
    ./apps/web/app/(trips-app)/trip/[id]/layout.tsx @ http://localhost:3000/_next/static/chunks/node_modules_next_dist_b3fb3b5f._.js:1920
[  947958ms] [ERROR] ./apps/web/app/(trips-app)/trip/[id]/trip-layout-inner.tsx:17:1
Parsing ecmascript source code failed
  15 | import TripTabs, { getTabMeta } from '@/components/trip-tabs';
  16 | import { useItineraryScreen, formatDateRange, useAuthStore, isTripOwner } from '@travyl/shared';
> 17 | >>>>>>> origin/develop
     | ^^^^^^^
  18 | import { OceanWave, Footer } from '@/components/home';
  19 | import { ItineraryProvider, useItineraryContext } from '@/components/itinerary/ItineraryContext';
  20 | import { TripThemeProvider } from '@/components/trip/TripThemeContext';

Merge conflict marker encountered.

Import trace:
  Server Component:
    ./apps/web/app/(trips-app)/trip/[id]/trip-layout-inner.tsx
    ./apps/web/app/(trips-app)/trip/[id]/layout.tsx @ http://localhost:3000/_next/static/chunks/node_modules_next_dist_b3fb3b5f._.js:1920
[  947958ms] [ERROR] ./apps/web/app/(trips-app)/trip/[id]/trip-layout-inner.tsx:290:4
Parsing ecmascript source code failed
  288 |       style={{ transition: 'background-color 0.5s ease' }}
  289 |     >
> 290 | <<<<<<< HEAD
      |    ^^
  291 |       {/* Hero banner — only on overview + itinerary; skip on calendar and content tabs */}
  292 |       {(isOverview || isItinerary) && (
  293 | =======

Expression expected

Import trace:
  Server Component:
    ./apps/web/app/(trips-app)/trip/[id]/trip-layout-inner.tsx
    ./apps/web/app/(trips-app)/trip/[id]/layout.tsx @ http://localhost:3000/_next/static/chunks/node_modules_next_dist_b3fb3b5f._.js:1920
[  947958ms] [ERROR] ./apps/web/app/(trips-app)/trip/[id]/trip-layout-inner.tsx:17:1
Parsing ecmascript source code failed
  15 | import TripTabs, { getTabMeta } from '@/components/trip-tabs';
  16 | import { useItineraryScreen, formatDateRange, useAuthStore, isTripOwner } from '@travyl/shared';
> 17 | >>>>>>> origin/develop
     | ^^^^^^^
  18 | import { OceanWave, Footer } from '@/components/home';
  19 | import { ItineraryProvider, useItineraryContext } from '@/components/itinerary/ItineraryContext';
  20 | import { TripThemeProvider } from '@/components/trip/TripThemeContext';

Merge conflict marker encountered.

Import trace:
  Server Component:
    ./apps/web/app/(trips-app)/trip/[id]/trip-layout-inner.tsx
    ./apps/web/app/(trips-app)/trip/[id]/layout.tsx @ http://localhost:3000/_next/static/chunks/node_modules_next_dist_b3fb3b5f._.js:1920
[  947958ms] [ERROR] ./apps/web/app/(trips-app)/trip/[id]/trip-layout-inner.tsx:290:4
Parsing ecmascript source code failed
  288 |       style={{ transition: 'background-color 0.5s ease' }}
  289 |     >
> 290 | <<<<<<< HEAD
      |    ^^
  291 |       {/* Hero banner — only on overview + itinerary; skip on calendar and content tabs */}
  292 |       {(isOverview || isItinerary) && (
  293 | =======

Expression expected

Import trace:
  Server Component:
    ./apps/web/app/(trips-app)/trip/[id]/trip-layout-inner.tsx
    ./apps/web/app/(trips-app)/trip/[id]/layout.tsx @ http://localhost:3000/_next/static/chunks/node_modules_next_dist_b3fb3b5f._.js:1920
[  947958ms] [ERROR] ./apps/web/app/(trips-app)/trip/[id]/trip-layout-inner.tsx:17:1
Parsing ecmascript source code failed
  15 | import TripTabs, { getTabMeta } from '@/components/trip-tabs';
  16 | import { useItineraryScreen, formatDateRange, useAuthStore, isTripOwner } from '@travyl/shared';
> 17 | >>>>>>> origin/develop
     | ^^^^^^^
  18 | import { OceanWave, Footer } from '@/components/home';
  19 | import { ItineraryProvider, useItineraryContext } from '@/components/itinerary/ItineraryContext';
  20 | import { TripThemeProvider } from '@/components/trip/TripThemeContext';

Merge conflict marker encountered.

Import trace:
  Server Component:
    ./apps/web/app/(trips-app)/trip/[id]/trip-layout-inner.tsx
    ./apps/web/app/(trips-app)/trip/[id]/layout.tsx @ http://localhost:3000/_next/static/chunks/node_modules_next_dist_b3fb3b5f._.js:1920
[  947958ms] [ERROR] ./apps/web/components/calendar/providers/YjsTripProvider.tsx:13:1
Module not found: Can't resolve '@supabase-labs/y-supabase'
  11 | } from 'react'
  12 | import * as Y from 'yjs'
> 13 | import { SupabaseProvider } from '@supabase-labs/y-supabase'
     | ^^^^^^^^^^^^^^^^^^^^^^^^^^^^^^^^^^^^^^^^^^^^^^^^^^^^^^^^^^^^
  14 | import { supabase } from '@travyl/shared'
  15 |
  16 | interface YjsTripContextValue {

Import traces:
  Client Component Browser:
    ./apps/web/components/calendar/providers/YjsTripProvider.tsx [Client Component Browser]
    ./apps/web/app/(trips-app)/trip/[id]/calendar/page.tsx [Client Component Browser]
    ./apps/web/app/(trips-app)/trip/[id]/calendar/page.tsx [Server Component]

  Client Component SSR:
    ./apps/web/components/calendar/providers/YjsTripProvider.tsx [Client Component SSR]
    ./apps/web/app/(trips-app)/trip/[id]/calendar/page.tsx [Client Component SSR]
    ./apps/web/app/(trips-app)/trip/[id]/calendar/page.tsx [Server Component]

https://nextjs.org/docs/messages/module-not-found @ http://localhost:3000/_next/static/chunks/node_modules_next_dist_b3fb3b5f._.js:1920
[  947959ms] [ERROR] ./apps/web/app/(trips-app)/trip/[id]/trip-layout-inner.tsx:290:4
Parsing ecmascript source code failed
  288 |       style={{ transition: 'background-color 0.5s ease' }}
  289 |     >
> 290 | <<<<<<< HEAD
      |    ^^
  291 |       {/* Hero banner — only on overview + itinerary; skip on calendar and content tabs */}
  292 |       {(isOverview || isItinerary) && (
  293 | =======

Expression expected

Import trace:
  Server Component:
    ./apps/web/app/(trips-app)/trip/[id]/trip-layout-inner.tsx
    ./apps/web/app/(trips-app)/trip/[id]/layout.tsx @ http://localhost:3000/_next/static/chunks/node_modules_next_dist_b3fb3b5f._.js:1920
[  947959ms] [ERROR] ./apps/web/app/(trips-app)/trip/[id]/trip-layout-inner.tsx:17:1
Parsing ecmascript source code failed
  15 | import TripTabs, { getTabMeta } from '@/components/trip-tabs';
  16 | import { useItineraryScreen, formatDateRange, useAuthStore, isTripOwner } from '@travyl/shared';
> 17 | >>>>>>> origin/develop
     | ^^^^^^^
  18 | import { OceanWave, Footer } from '@/components/home';
  19 | import { ItineraryProvider, useItineraryContext } from '@/components/itinerary/ItineraryContext';
  20 | import { TripThemeProvider } from '@/components/trip/TripThemeContext';

Merge conflict marker encountered.

Import trace:
  Server Component:
    ./apps/web/app/(trips-app)/trip/[id]/trip-layout-inner.tsx
    ./apps/web/app/(trips-app)/trip/[id]/layout.tsx @ http://localhost:3000/_next/static/chunks/node_modules_next_dist_b3fb3b5f._.js:1920
[  947959ms] [ERROR] ./apps/web/app/(trips-app)/trip/[id]/trip-layout-inner.tsx:290:4
Parsing ecmascript source code failed
  288 |       style={{ transition: 'background-color 0.5s ease' }}
  289 |     >
> 290 | <<<<<<< HEAD
      |    ^^
  291 |       {/* Hero banner — only on overview + itinerary; skip on calendar and content tabs */}
  292 |       {(isOverview || isItinerary) && (
  293 | =======

Expression expected

Import trace:
  Server Component:
    ./apps/web/app/(trips-app)/trip/[id]/trip-layout-inner.tsx
    ./apps/web/app/(trips-app)/trip/[id]/layout.tsx @ http://localhost:3000/_next/static/chunks/node_modules_next_dist_b3fb3b5f._.js:1920
[  947959ms] [ERROR] ./apps/web/app/(trips-app)/trip/[id]/trip-layout-inner.tsx:17:1
Parsing ecmascript source code failed
  15 | import TripTabs, { getTabMeta } from '@/components/trip-tabs';
  16 | import { useItineraryScreen, formatDateRange, useAuthStore, isTripOwner } from '@travyl/shared';
> 17 | >>>>>>> origin/develop
     | ^^^^^^^
  18 | import { OceanWave, Footer } from '@/components/home';
  19 | import { ItineraryProvider, useItineraryContext } from '@/components/itinerary/ItineraryContext';
  20 | import { TripThemeProvider } from '@/components/trip/TripThemeContext';

Merge conflict marker encountered.

Import trace:
  Server Component:
    ./apps/web/app/(trips-app)/trip/[id]/trip-layout-inner.tsx
    ./apps/web/app/(trips-app)/trip/[id]/layout.tsx @ http://localhost:3000/_next/static/chunks/node_modules_next_dist_b3fb3b5f._.js:1920
[  947959ms] [ERROR] ./apps/web/app/(trips-app)/trip/[id]/trip-layout-inner.tsx:290:4
Parsing ecmascript source code failed
  288 |       style={{ transition: 'background-color 0.5s ease' }}
  289 |     >
> 290 | <<<<<<< HEAD
      |    ^^
  291 |       {/* Hero banner — only on overview + itinerary; skip on calendar and content tabs */}
  292 |       {(isOverview || isItinerary) && (
  293 | =======

Expression expected

Import trace:
  Server Component:
    ./apps/web/app/(trips-app)/trip/[id]/trip-layout-inner.tsx
    ./apps/web/app/(trips-app)/trip/[id]/layout.tsx @ http://localhost:3000/_next/static/chunks/node_modules_next_dist_b3fb3b5f._.js:1920
[  947959ms] [ERROR] ./apps/web/app/(trips-app)/trip/[id]/trip-layout-inner.tsx:17:1
Parsing ecmascript source code failed
  15 | import TripTabs, { getTabMeta } from '@/components/trip-tabs';
  16 | import { useItineraryScreen, formatDateRange, useAuthStore, isTripOwner } from '@travyl/shared';
> 17 | >>>>>>> origin/develop
     | ^^^^^^^
  18 | import { OceanWave, Footer } from '@/components/home';
  19 | import { ItineraryProvider, useItineraryContext } from '@/components/itinerary/ItineraryContext';
  20 | import { TripThemeProvider } from '@/components/trip/TripThemeContext';

Merge conflict marker encountered.

Import trace:
  Server Component:
    ./apps/web/app/(trips-app)/trip/[id]/trip-layout-inner.tsx
    ./apps/web/app/(trips-app)/trip/[id]/layout.tsx @ http://localhost:3000/_next/static/chunks/node_modules_next_dist_b3fb3b5f._.js:1920
[  947959ms] [ERROR] ./apps/web/app/(trips-app)/trip/[id]/trip-layout-inner.tsx:290:4
Parsing ecmascript source code failed
  288 |       style={{ transition: 'background-color 0.5s ease' }}
  289 |     >
> 290 | <<<<<<< HEAD
      |    ^^
  291 |       {/* Hero banner — only on overview + itinerary; skip on calendar and content tabs */}
  292 |       {(isOverview || isItinerary) && (
  293 | =======

Expression expected

Import trace:
  Server Component:
    ./apps/web/app/(trips-app)/trip/[id]/trip-layout-inner.tsx
    ./apps/web/app/(trips-app)/trip/[id]/layout.tsx @ http://localhost:3000/_next/static/chunks/node_modules_next_dist_b3fb3b5f._.js:1920
[  947959ms] [ERROR] ./apps/web/app/(trips-app)/trip/[id]/trip-layout-inner.tsx:17:1
Parsing ecmascript source code failed
  15 | import TripTabs, { getTabMeta } from '@/components/trip-tabs';
  16 | import { useItineraryScreen, formatDateRange, useAuthStore, isTripOwner } from '@travyl/shared';
> 17 | >>>>>>> origin/develop
     | ^^^^^^^
  18 | import { OceanWave, Footer } from '@/components/home';
  19 | import { ItineraryProvider, useItineraryContext } from '@/components/itinerary/ItineraryContext';
  20 | import { TripThemeProvider } from '@/components/trip/TripThemeContext';

Merge conflict marker encountered.

Import trace:
  Server Component:
    ./apps/web/app/(trips-app)/trip/[id]/trip-layout-inner.tsx
    ./apps/web/app/(trips-app)/trip/[id]/layout.tsx @ http://localhost:3000/_next/static/chunks/node_modules_next_dist_b3fb3b5f._.js:1920
[  947959ms] [ERROR] ./apps/web/app/(trips-app)/trip/[id]/trip-layout-inner.tsx:290:4
Parsing ecmascript source code failed
  288 |       style={{ transition: 'background-color 0.5s ease' }}
  289 |     >
> 290 | <<<<<<< HEAD
      |    ^^
  291 |       {/* Hero banner — only on overview + itinerary; skip on calendar and content tabs */}
  292 |       {(isOverview || isItinerary) && (
  293 | =======

Expression expected

Import trace:
  Server Component:
    ./apps/web/app/(trips-app)/trip/[id]/trip-layout-inner.tsx
    ./apps/web/app/(trips-app)/trip/[id]/layout.tsx @ http://localhost:3000/_next/static/chunks/node_modules_next_dist_b3fb3b5f._.js:1920
[  947959ms] [ERROR] ./apps/web/app/(trips-app)/trip/[id]/trip-layout-inner.tsx:17:1
Parsing ecmascript source code failed
  15 | import TripTabs, { getTabMeta } from '@/components/trip-tabs';
  16 | import { useItineraryScreen, formatDateRange, useAuthStore, isTripOwner } from '@travyl/shared';
> 17 | >>>>>>> origin/develop
     | ^^^^^^^
  18 | import { OceanWave, Footer } from '@/components/home';
  19 | import { ItineraryProvider, useItineraryContext } from '@/components/itinerary/ItineraryContext';
  20 | import { TripThemeProvider } from '@/components/trip/TripThemeContext';

Merge conflict marker encountered.

Import trace:
  Server Component:
    ./apps/web/app/(trips-app)/trip/[id]/trip-layout-inner.tsx
    ./apps/web/app/(trips-app)/trip/[id]/layout.tsx @ http://localhost:3000/_next/static/chunks/node_modules_next_dist_b3fb3b5f._.js:1920
[  947959ms] [ERROR] ./apps/web/app/(trips-app)/trip/[id]/trip-layout-inner.tsx:290:4
Parsing ecmascript source code failed
  288 |       style={{ transition: 'background-color 0.5s ease' }}
  289 |     >
> 290 | <<<<<<< HEAD
      |    ^^
  291 |       {/* Hero banner — only on overview + itinerary; skip on calendar and content tabs */}
  292 |       {(isOverview || isItinerary) && (
  293 | =======

Expression expected

Import trace:
  Server Component:
    ./apps/web/app/(trips-app)/trip/[id]/trip-layout-inner.tsx
    ./apps/web/app/(trips-app)/trip/[id]/layout.tsx @ http://localhost:3000/_next/static/chunks/node_modules_next_dist_b3fb3b5f._.js:1920
[  947959ms] [ERROR] ./apps/web/app/(trips-app)/trip/[id]/trip-layout-inner.tsx:17:1
Parsing ecmascript source code failed
  15 | import TripTabs, { getTabMeta } from '@/components/trip-tabs';
  16 | import { useItineraryScreen, formatDateRange, useAuthStore, isTripOwner } from '@travyl/shared';
> 17 | >>>>>>> origin/develop
     | ^^^^^^^
  18 | import { OceanWave, Footer } from '@/components/home';
  19 | import { ItineraryProvider, useItineraryContext } from '@/components/itinerary/ItineraryContext';
  20 | import { TripThemeProvider } from '@/components/trip/TripThemeContext';

Merge conflict marker encountered.

Import trace:
  Server Component:
    ./apps/web/app/(trips-app)/trip/[id]/trip-layout-inner.tsx
    ./apps/web/app/(trips-app)/trip/[id]/layout.tsx @ http://localhost:3000/_next/static/chunks/node_modules_next_dist_b3fb3b5f._.js:1920
[  947959ms] [ERROR] ./apps/web/app/(trips-app)/trip/[id]/trip-layout-inner.tsx:290:4
Parsing ecmascript source code failed
  288 |       style={{ transition: 'background-color 0.5s ease' }}
  289 |     >
> 290 | <<<<<<< HEAD
      |    ^^
  291 |       {/* Hero banner — only on overview + itinerary; skip on calendar and content tabs */}
  292 |       {(isOverview || isItinerary) && (
  293 | =======

Expression expected

Import trace:
  Server Component:
    ./apps/web/app/(trips-app)/trip/[id]/trip-layout-inner.tsx
    ./apps/web/app/(trips-app)/trip/[id]/layout.tsx @ http://localhost:3000/_next/static/chunks/node_modules_next_dist_b3fb3b5f._.js:1920
[  947959ms] [ERROR] ./apps/web/app/(trips-app)/trip/[id]/trip-layout-inner.tsx:17:1
Parsing ecmascript source code failed
  15 | import TripTabs, { getTabMeta } from '@/components/trip-tabs';
  16 | import { useItineraryScreen, formatDateRange, useAuthStore, isTripOwner } from '@travyl/shared';
> 17 | >>>>>>> origin/develop
     | ^^^^^^^
  18 | import { OceanWave, Footer } from '@/components/home';
  19 | import { ItineraryProvider, useItineraryContext } from '@/components/itinerary/ItineraryContext';
  20 | import { TripThemeProvider } from '@/components/trip/TripThemeContext';

Merge conflict marker encountered.

Import trace:
  Server Component:
    ./apps/web/app/(trips-app)/trip/[id]/trip-layout-inner.tsx
    ./apps/web/app/(trips-app)/trip/[id]/layout.tsx @ http://localhost:3000/_next/static/chunks/node_modules_next_dist_b3fb3b5f._.js:1920
[  947985ms] [ERROR] ./apps/web/app/(trips-app)/trip/[id]/trip-layout-inner.tsx:290:4
Parsing ecmascript source code failed
  288 |       style={{ transition: 'background-color 0.5s ease' }}
  289 |     >
> 290 | <<<<<<< HEAD
      |    ^^
  291 |       {/* Hero banner — only on overview + itinerary; skip on calendar and content tabs */}
  292 |       {(isOverview || isItinerary) && (
  293 | =======

Expression expected

Import trace:
  Server Component:
    ./apps/web/app/(trips-app)/trip/[id]/trip-layout-inner.tsx
    ./apps/web/app/(trips-app)/trip/[id]/layout.tsx @ http://localhost:3000/_next/static/chunks/node_modules_next_dist_b3fb3b5f._.js:1920
[  947985ms] [ERROR] ./apps/web/app/(trips-app)/trip/[id]/trip-layout-inner.tsx:17:1
Parsing ecmascript source code failed
  15 | import TripTabs, { getTabMeta } from '@/components/trip-tabs';
  16 | import { useItineraryScreen, formatDateRange, useAuthStore, isTripOwner } from '@travyl/shared';
> 17 | >>>>>>> origin/develop
     | ^^^^^^^
  18 | import { OceanWave, Footer } from '@/components/home';
  19 | import { ItineraryProvider, useItineraryContext } from '@/components/itinerary/ItineraryContext';
  20 | import { TripThemeProvider } from '@/components/trip/TripThemeContext';

Merge conflict marker encountered.

Import trace:
  Server Component:
    ./apps/web/app/(trips-app)/trip/[id]/trip-layout-inner.tsx
    ./apps/web/app/(trips-app)/trip/[id]/layout.tsx @ http://localhost:3000/_next/static/chunks/node_modules_next_dist_b3fb3b5f._.js:1920
[  947985ms] [ERROR] ./apps/web/components/calendar/providers/YjsTripProvider.tsx:13:1
Module not found: Can't resolve '@supabase-labs/y-supabase'
  11 | } from 'react'
  12 | import * as Y from 'yjs'
> 13 | import { SupabaseProvider } from '@supabase-labs/y-supabase'
     | ^^^^^^^^^^^^^^^^^^^^^^^^^^^^^^^^^^^^^^^^^^^^^^^^^^^^^^^^^^^^
  14 | import { supabase } from '@travyl/shared'
  15 |
  16 | interface YjsTripContextValue {

Import traces:
  Client Component Browser:
    ./apps/web/components/calendar/providers/YjsTripProvider.tsx [Client Component Browser]
    ./apps/web/app/(trips-app)/trip/[id]/calendar/page.tsx [Client Component Browser]
    ./apps/web/app/(trips-app)/trip/[id]/calendar/page.tsx [Server Component]

  Client Component SSR:
    ./apps/web/components/calendar/providers/YjsTripProvider.tsx [Client Component SSR]
    ./apps/web/app/(trips-app)/trip/[id]/calendar/page.tsx [Client Component SSR]
    ./apps/web/app/(trips-app)/trip/[id]/calendar/page.tsx [Server Component]

https://nextjs.org/docs/messages/module-not-found @ http://localhost:3000/_next/static/chunks/node_modules_next_dist_b3fb3b5f._.js:1920
[  966723ms] [WARNING] [Fast Refresh] performing full reload

Fast Refresh will perform a full reload when you edit a file that's imported by modules outside of the React rendering tree.
You might have a file which exports a React component but also exports a value that is imported by a non-React component file.
Consider migrating the non-React component export to a separate file and importing it into both files.

It is also possible the parent component of the component you edited is a class component, which disables Fast Refresh.
Fast Refresh requires at least one parent function component in your React tree. @ http://localhost:3000/_next/static/chunks/node_modules_next_dist_b3fb3b5f._.js:1206
[  966727ms] [WARNING] [Fast Refresh] performing full reload because your application had an unrecoverable error @ http://localhost:3000/_next/static/chunks/node_modules_next_dist_b3fb3b5f._.js:1206
[  970037ms] [WARNING] GoTrueClient@sb-mfhcdxnzzxuyfkcptoyh-auth-token:1 (2.98.0) 2026-03-26T20:55:06.098Z Multiple GoTrueClient instances detected in the same browser context. It is not an error, but this should be avoided as it may produce undefined behavior when used concurrently under the same storage key. @ http://localhost:3000/_next/static/chunks/node_modules_next_dist_f3530cac._.js:2297
[  970360ms] [ERROR] Failed to load resource: the server responded with a status of 404 () @ https://mfhcdxnzzxuyfkcptoyh.supabase.co/rest/v1/itinerary_days?select=*%2Cactivities%28*%29&trip_id=eq.4de759a8-f7c2-400d-b656-b982bc838d4f&order=day_number.asc:0
[ 1097810ms] [ERROR] Failed to load resource: the server responded with a status of 500 (Internal Server Error) @ http://localhost:3000/trip/4de759a8-f7c2-400d-b656-b982bc838d4f?_rsc=rhjcp:0
[ 1097901ms] [ERROR] ./apps/web/app/(trips-app)/trip/[id]/trip-layout-inner.tsx:290:4
Parsing ecmascript source code failed
  288 |       style={{ transition: 'background-color 0.5s ease' }}
  289 |     >
> 290 | <<<<<<< HEAD
      |    ^^
  291 |       {/* Hero banner — only on overview + itinerary; skip on calendar and content tabs */}
  292 |       {(isOverview || isItinerary) && (
  293 | =======

Expression expected

Import trace:
  Server Component:
    ./apps/web/app/(trips-app)/trip/[id]/trip-layout-inner.tsx
    ./apps/web/app/(trips-app)/trip/[id]/layout.tsx @ http://localhost:3000/_next/static/chunks/node_modules_next_dist_f3530cac._.js:3127
[ 1097901ms] [ERROR] ./apps/web/app/(trips-app)/trip/[id]/trip-layout-inner.tsx:17:1
Parsing ecmascript source code failed
  15 | import TripTabs, { getTabMeta } from '@/components/trip-tabs';
  16 | import { useItineraryScreen, formatDateRange, useAuthStore, isTripOwner } from '@travyl/shared';
> 17 | >>>>>>> origin/develop
     | ^^^^^^^
  18 | import { OceanWave, Footer } from '@/components/home';
  19 | import { ItineraryProvider, useItineraryContext } from '@/components/itinerary/ItineraryContext';
  20 | import { TripThemeProvider } from '@/components/trip/TripThemeContext';

Merge conflict marker encountered.

Import trace:
  Server Component:
    ./apps/web/app/(trips-app)/trip/[id]/trip-layout-inner.tsx
    ./apps/web/app/(trips-app)/trip/[id]/layout.tsx @ http://localhost:3000/_next/static/chunks/node_modules_next_dist_f3530cac._.js:3127
[ 1097901ms] [ERROR] ./apps/web/components/calendar/providers/YjsTripProvider.tsx:13:1
Module not found: Can't resolve '@supabase-labs/y-supabase'
  11 | } from 'react'
  12 | import * as Y from 'yjs'
> 13 | import { SupabaseProvider } from '@supabase-labs/y-supabase'
     | ^^^^^^^^^^^^^^^^^^^^^^^^^^^^^^^^^^^^^^^^^^^^^^^^^^^^^^^^^^^^
  14 | import { supabase } from '@travyl/shared'
  15 |
  16 | interface YjsTripContextValue {

Import traces:
  Client Component Browser:
    ./apps/web/components/calendar/providers/YjsTripProvider.tsx [Client Component Browser]
    ./apps/web/app/(trips-app)/trip/[id]/calendar/page.tsx [Client Component Browser]
    ./apps/web/app/(trips-app)/trip/[id]/calendar/page.tsx [Server Component]

  Client Component SSR:
    ./apps/web/components/calendar/providers/YjsTripProvider.tsx [Client Component SSR]
    ./apps/web/app/(trips-app)/trip/[id]/calendar/page.tsx [Client Component SSR]
    ./apps/web/app/(trips-app)/trip/[id]/calendar/page.tsx [Server Component]

https://nextjs.org/docs/messages/module-not-found @ http://localhost:3000/_next/static/chunks/node_modules_next_dist_f3530cac._.js:3127
[ 1097929ms] [ERROR] Failed to load resource: the server responded with a status of 500 (Internal Server Error) @ http://localhost:3000/trip/4de759a8-f7c2-400d-b656-b982bc838d4f?_rsc=rhjcp:0
[ 1098006ms] [ERROR] ./apps/web/app/(trips-app)/trip/[id]/trip-layout-inner.tsx:290:4
Parsing ecmascript source code failed
  288 |       style={{ transition: 'background-color 0.5s ease' }}
  289 |     >
> 290 | <<<<<<< HEAD
      |    ^^
  291 |       {/* Hero banner — only on overview + itinerary; skip on calendar and content tabs */}
  292 |       {(isOverview || isItinerary) && (
  293 | =======

Expression expected

Import trace:
  Server Component:
    ./apps/web/app/(trips-app)/trip/[id]/trip-layout-inner.tsx
    ./apps/web/app/(trips-app)/trip/[id]/layout.tsx @ http://localhost:3000/_next/static/chunks/node_modules_next_dist_f3530cac._.js:3127
[ 1098007ms] [ERROR] ./apps/web/app/(trips-app)/trip/[id]/trip-layout-inner.tsx:17:1
Parsing ecmascript source code failed
  15 | import TripTabs, { getTabMeta } from '@/components/trip-tabs';
  16 | import { useItineraryScreen, formatDateRange, useAuthStore, isTripOwner } from '@travyl/shared';
> 17 | >>>>>>> origin/develop
     | ^^^^^^^
  18 | import { OceanWave, Footer } from '@/components/home';
  19 | import { ItineraryProvider, useItineraryContext } from '@/components/itinerary/ItineraryContext';
  20 | import { TripThemeProvider } from '@/components/trip/TripThemeContext';

Merge conflict marker encountered.

Import trace:
  Server Component:
    ./apps/web/app/(trips-app)/trip/[id]/trip-layout-inner.tsx
    ./apps/web/app/(trips-app)/trip/[id]/layout.tsx @ http://localhost:3000/_next/static/chunks/node_modules_next_dist_f3530cac._.js:3127
[ 1098007ms] [ERROR] ./apps/web/components/calendar/providers/YjsTripProvider.tsx:13:1
Module not found: Can't resolve '@supabase-labs/y-supabase'
  11 | } from 'react'
  12 | import * as Y from 'yjs'
> 13 | import { SupabaseProvider } from '@supabase-labs/y-supabase'
     | ^^^^^^^^^^^^^^^^^^^^^^^^^^^^^^^^^^^^^^^^^^^^^^^^^^^^^^^^^^^^
  14 | import { supabase } from '@travyl/shared'
  15 |
  16 | interface YjsTripContextValue {

Import traces:
  Client Component Browser:
    ./apps/web/components/calendar/providers/YjsTripProvider.tsx [Client Component Browser]
    ./apps/web/app/(trips-app)/trip/[id]/calendar/page.tsx [Client Component Browser]
    ./apps/web/app/(trips-app)/trip/[id]/calendar/page.tsx [Server Component]

  Client Component SSR:
    ./apps/web/components/calendar/providers/YjsTripProvider.tsx [Client Component SSR]
    ./apps/web/app/(trips-app)/trip/[id]/calendar/page.tsx [Client Component SSR]
    ./apps/web/app/(trips-app)/trip/[id]/calendar/page.tsx [Server Component]

https://nextjs.org/docs/messages/module-not-found @ http://localhost:3000/_next/static/chunks/node_modules_next_dist_f3530cac._.js:3127
[ 1098027ms] [ERROR] Failed to load resource: the server responded with a status of 500 (Internal Server Error) @ http://localhost:3000/trip/4de759a8-f7c2-400d-b656-b982bc838d4f:0
[ 1098222ms] Error: ./apps/web/app/(trips-app)/trip/[id]/trip-layout-inner.tsx:290:4
Parsing ecmascript source code failed
  288 |       style={{ transition: 'background-color 0.5s ease' }}
  289 |     >
> 290 | <<<<<<< HEAD
      |    ^^
  291 |       {/* Hero banner — only on overview + itinerary; skip on calendar and content tabs */}
  292 |       {(isOverview || isItinerary) && (
  293 | =======

Expression expected

Import trace:
  Server Component:
    ./apps/web/app/(trips-app)/trip/[id]/trip-layout-inner.tsx
    ./apps/web/app/(trips-app)/trip/[id]/layout.tsx


    at <unknown> (Error: ./apps/web/app/(trips-app)/trip/[id]/trip-layout-inner.tsx:290:4)
    at Object.getCompilationErrors (file:///Users/z/Travyl/travyl/node_modules/next/dist/server/dev/hot-reloader-turbopack.js:1008:59)
    at DevBundlerService.getCompilationError (file:///Users/z/Travyl/travyl/node_modules/next/dist/server/lib/dev-bundler-service.js:44:55)
    at DevServer.getCompilationError (file:///Users/z/Travyl/travyl/node_modules/next/dist/server/dev/next-dev-server.js:706:42)
    at DevServer.findPageComponents (file:///Users/z/Travyl/travyl/node_modules/next/dist/server/dev/next-dev-server.js:676:43)
    at async DevServer.renderErrorToResponseImpl (file:///Users/z/Travyl/travyl/node_modules/next/dist/server/base-server.js:1733:26)
[ 1098254ms] [ERROR] ./apps/web/app/(trips-app)/trip/[id]/trip-layout-inner.tsx:290:4
Parsing ecmascript source code failed
  288 |       style={{ transition: 'background-color 0.5s ease' }}
  289 |     >
> 290 | <<<<<<< HEAD
      |    ^^
  291 |       {/* Hero banner — only on overview + itinerary; skip on calendar and content tabs */}
  292 |       {(isOverview || isItinerary) && (
  293 | =======

Expression expected

Import trace:
  Server Component:
    ./apps/web/app/(trips-app)/trip/[id]/trip-layout-inner.tsx
    ./apps/web/app/(trips-app)/trip/[id]/layout.tsx @ http://localhost:3000/_next/static/chunks/node_modules_next_dist_b3fb3b5f._.js:1920
[ 1098254ms] [ERROR] ./apps/web/app/(trips-app)/trip/[id]/trip-layout-inner.tsx:17:1
Parsing ecmascript source code failed
  15 | import TripTabs, { getTabMeta } from '@/components/trip-tabs';
  16 | import { useItineraryScreen, formatDateRange, useAuthStore, isTripOwner } from '@travyl/shared';
> 17 | >>>>>>> origin/develop
     | ^^^^^^^
  18 | import { OceanWave, Footer } from '@/components/home';
  19 | import { ItineraryProvider, useItineraryContext } from '@/components/itinerary/ItineraryContext';
  20 | import { TripThemeProvider } from '@/components/trip/TripThemeContext';

Merge conflict marker encountered.

Import trace:
  Server Component:
    ./apps/web/app/(trips-app)/trip/[id]/trip-layout-inner.tsx
    ./apps/web/app/(trips-app)/trip/[id]/layout.tsx @ http://localhost:3000/_next/static/chunks/node_modules_next_dist_b3fb3b5f._.js:1920
[ 1098254ms] [ERROR] ./apps/web/app/(trips-app)/trip/[id]/trip-layout-inner.tsx:290:4
Parsing ecmascript source code failed
  288 |       style={{ transition: 'background-color 0.5s ease' }}
  289 |     >
> 290 | <<<<<<< HEAD
      |    ^^
  291 |       {/* Hero banner — only on overview + itinerary; skip on calendar and content tabs */}
  292 |       {(isOverview || isItinerary) && (
  293 | =======

Expression expected

Import trace:
  Server Component:
    ./apps/web/app/(trips-app)/trip/[id]/trip-layout-inner.tsx
    ./apps/web/app/(trips-app)/trip/[id]/layout.tsx @ http://localhost:3000/_next/static/chunks/node_modules_next_dist_b3fb3b5f._.js:1920
[ 1098254ms] [ERROR] ./apps/web/app/(trips-app)/trip/[id]/trip-layout-inner.tsx:17:1
Parsing ecmascript source code failed
  15 | import TripTabs, { getTabMeta } from '@/components/trip-tabs';
  16 | import { useItineraryScreen, formatDateRange, useAuthStore, isTripOwner } from '@travyl/shared';
> 17 | >>>>>>> origin/develop
     | ^^^^^^^
  18 | import { OceanWave, Footer } from '@/components/home';
  19 | import { ItineraryProvider, useItineraryContext } from '@/components/itinerary/ItineraryContext';
  20 | import { TripThemeProvider } from '@/components/trip/TripThemeContext';

Merge conflict marker encountered.

Import trace:
  Server Component:
    ./apps/web/app/(trips-app)/trip/[id]/trip-layout-inner.tsx
    ./apps/web/app/(trips-app)/trip/[id]/layout.tsx @ http://localhost:3000/_next/static/chunks/node_modules_next_dist_b3fb3b5f._.js:1920
[ 1098254ms] [ERROR] ./apps/web/app/(trips-app)/trip/[id]/trip-layout-inner.tsx:290:4
Parsing ecmascript source code failed
  288 |       style={{ transition: 'background-color 0.5s ease' }}
  289 |     >
> 290 | <<<<<<< HEAD
      |    ^^
  291 |       {/* Hero banner — only on overview + itinerary; skip on calendar and content tabs */}
  292 |       {(isOverview || isItinerary) && (
  293 | =======

Expression expected

Import trace:
  Server Component:
    ./apps/web/app/(trips-app)/trip/[id]/trip-layout-inner.tsx
    ./apps/web/app/(trips-app)/trip/[id]/layout.tsx @ http://localhost:3000/_next/static/chunks/node_modules_next_dist_b3fb3b5f._.js:1920
[ 1098254ms] [ERROR] ./apps/web/app/(trips-app)/trip/[id]/trip-layout-inner.tsx:17:1
Parsing ecmascript source code failed
  15 | import TripTabs, { getTabMeta } from '@/components/trip-tabs';
  16 | import { useItineraryScreen, formatDateRange, useAuthStore, isTripOwner } from '@travyl/shared';
> 17 | >>>>>>> origin/develop
     | ^^^^^^^
  18 | import { OceanWave, Footer } from '@/components/home';
  19 | import { ItineraryProvider, useItineraryContext } from '@/components/itinerary/ItineraryContext';
  20 | import { TripThemeProvider } from '@/components/trip/TripThemeContext';

Merge conflict marker encountered.

Import trace:
  Server Component:
    ./apps/web/app/(trips-app)/trip/[id]/trip-layout-inner.tsx
    ./apps/web/app/(trips-app)/trip/[id]/layout.tsx @ http://localhost:3000/_next/static/chunks/node_modules_next_dist_b3fb3b5f._.js:1920
[ 1098255ms] [ERROR] ./apps/web/app/(trips-app)/trip/[id]/trip-layout-inner.tsx:290:4
Parsing ecmascript source code failed
  288 |       style={{ transition: 'background-color 0.5s ease' }}
  289 |     >
> 290 | <<<<<<< HEAD
      |    ^^
  291 |       {/* Hero banner — only on overview + itinerary; skip on calendar and content tabs */}
  292 |       {(isOverview || isItinerary) && (
  293 | =======

Expression expected

Import trace:
  Server Component:
    ./apps/web/app/(trips-app)/trip/[id]/trip-layout-inner.tsx
    ./apps/web/app/(trips-app)/trip/[id]/layout.tsx @ http://localhost:3000/_next/static/chunks/node_modules_next_dist_b3fb3b5f._.js:1920
[ 1098255ms] [ERROR] ./apps/web/app/(trips-app)/trip/[id]/trip-layout-inner.tsx:17:1
Parsing ecmascript source code failed
  15 | import TripTabs, { getTabMeta } from '@/components/trip-tabs';
  16 | import { useItineraryScreen, formatDateRange, useAuthStore, isTripOwner } from '@travyl/shared';
> 17 | >>>>>>> origin/develop
     | ^^^^^^^
  18 | import { OceanWave, Footer } from '@/components/home';
  19 | import { ItineraryProvider, useItineraryContext } from '@/components/itinerary/ItineraryContext';
  20 | import { TripThemeProvider } from '@/components/trip/TripThemeContext';

Merge conflict marker encountered.

Import trace:
  Server Component:
    ./apps/web/app/(trips-app)/trip/[id]/trip-layout-inner.tsx
    ./apps/web/app/(trips-app)/trip/[id]/layout.tsx @ http://localhost:3000/_next/static/chunks/node_modules_next_dist_b3fb3b5f._.js:1920
[ 1098255ms] [ERROR] ./apps/web/components/calendar/providers/YjsTripProvider.tsx:13:1
Module not found: Can't resolve '@supabase-labs/y-supabase'
  11 | } from 'react'
  12 | import * as Y from 'yjs'
> 13 | import { SupabaseProvider } from '@supabase-labs/y-supabase'
     | ^^^^^^^^^^^^^^^^^^^^^^^^^^^^^^^^^^^^^^^^^^^^^^^^^^^^^^^^^^^^
  14 | import { supabase } from '@travyl/shared'
  15 |
  16 | interface YjsTripContextValue {

Import traces:
  Client Component Browser:
    ./apps/web/components/calendar/providers/YjsTripProvider.tsx [Client Component Browser]
    ./apps/web/app/(trips-app)/trip/[id]/calendar/page.tsx [Client Component Browser]
    ./apps/web/app/(trips-app)/trip/[id]/calendar/page.tsx [Server Component]

  Client Component SSR:
    ./apps/web/components/calendar/providers/YjsTripProvider.tsx [Client Component SSR]
    ./apps/web/app/(trips-app)/trip/[id]/calendar/page.tsx [Client Component SSR]
    ./apps/web/app/(trips-app)/trip/[id]/calendar/page.tsx [Server Component]

https://nextjs.org/docs/messages/module-not-found @ http://localhost:3000/_next/static/chunks/node_modules_next_dist_b3fb3b5f._.js:1920
[ 1098255ms] [ERROR] ./apps/web/app/(trips-app)/trip/[id]/trip-layout-inner.tsx:290:4
Parsing ecmascript source code failed
  288 |       style={{ transition: 'background-color 0.5s ease' }}
  289 |     >
> 290 | <<<<<<< HEAD
      |    ^^
  291 |       {/* Hero banner — only on overview + itinerary; skip on calendar and content tabs */}
  292 |       {(isOverview || isItinerary) && (
  293 | =======

Expression expected

Import trace:
  Server Component:
    ./apps/web/app/(trips-app)/trip/[id]/trip-layout-inner.tsx
    ./apps/web/app/(trips-app)/trip/[id]/layout.tsx @ http://localhost:3000/_next/static/chunks/node_modules_next_dist_b3fb3b5f._.js:1920
[ 1098255ms] [ERROR] ./apps/web/app/(trips-app)/trip/[id]/trip-layout-inner.tsx:17:1
Parsing ecmascript source code failed
  15 | import TripTabs, { getTabMeta } from '@/components/trip-tabs';
  16 | import { useItineraryScreen, formatDateRange, useAuthStore, isTripOwner } from '@travyl/shared';
> 17 | >>>>>>> origin/develop
     | ^^^^^^^
  18 | import { OceanWave, Footer } from '@/components/home';
  19 | import { ItineraryProvider, useItineraryContext } from '@/components/itinerary/ItineraryContext';
  20 | import { TripThemeProvider } from '@/components/trip/TripThemeContext';

Merge conflict marker encountered.

Import trace:
  Server Component:
    ./apps/web/app/(trips-app)/trip/[id]/trip-layout-inner.tsx
    ./apps/web/app/(trips-app)/trip/[id]/layout.tsx @ http://localhost:3000/_next/static/chunks/node_modules_next_dist_b3fb3b5f._.js:1920
[ 1098255ms] [ERROR] ./apps/web/app/(trips-app)/trip/[id]/trip-layout-inner.tsx:290:4
Parsing ecmascript source code failed
  288 |       style={{ transition: 'background-color 0.5s ease' }}
  289 |     >
> 290 | <<<<<<< HEAD
      |    ^^
  291 |       {/* Hero banner — only on overview + itinerary; skip on calendar and content tabs */}
  292 |       {(isOverview || isItinerary) && (
  293 | =======

Expression expected

Import trace:
  Server Component:
    ./apps/web/app/(trips-app)/trip/[id]/trip-layout-inner.tsx
    ./apps/web/app/(trips-app)/trip/[id]/layout.tsx @ http://localhost:3000/_next/static/chunks/node_modules_next_dist_b3fb3b5f._.js:1920
[ 1098255ms] [ERROR] ./apps/web/app/(trips-app)/trip/[id]/trip-layout-inner.tsx:17:1
Parsing ecmascript source code failed
  15 | import TripTabs, { getTabMeta } from '@/components/trip-tabs';
  16 | import { useItineraryScreen, formatDateRange, useAuthStore, isTripOwner } from '@travyl/shared';
> 17 | >>>>>>> origin/develop
     | ^^^^^^^
  18 | import { OceanWave, Footer } from '@/components/home';
  19 | import { ItineraryProvider, useItineraryContext } from '@/components/itinerary/ItineraryContext';
  20 | import { TripThemeProvider } from '@/components/trip/TripThemeContext';

Merge conflict marker encountered.

Import trace:
  Server Component:
    ./apps/web/app/(trips-app)/trip/[id]/trip-layout-inner.tsx
    ./apps/web/app/(trips-app)/trip/[id]/layout.tsx @ http://localhost:3000/_next/static/chunks/node_modules_next_dist_b3fb3b5f._.js:1920
[ 1098255ms] [ERROR] ./apps/web/app/(trips-app)/trip/[id]/trip-layout-inner.tsx:290:4
Parsing ecmascript source code failed
  288 |       style={{ transition: 'background-color 0.5s ease' }}
  289 |     >
> 290 | <<<<<<< HEAD
      |    ^^
  291 |       {/* Hero banner — only on overview + itinerary; skip on calendar and content tabs */}
  292 |       {(isOverview || isItinerary) && (
  293 | =======

Expression expected

Import trace:
  Server Component:
    ./apps/web/app/(trips-app)/trip/[id]/trip-layout-inner.tsx
    ./apps/web/app/(trips-app)/trip/[id]/layout.tsx @ http://localhost:3000/_next/static/chunks/node_modules_next_dist_b3fb3b5f._.js:1920
[ 1098255ms] [ERROR] ./apps/web/app/(trips-app)/trip/[id]/trip-layout-inner.tsx:17:1
Parsing ecmascript source code failed
  15 | import TripTabs, { getTabMeta } from '@/components/trip-tabs';
  16 | import { useItineraryScreen, formatDateRange, useAuthStore, isTripOwner } from '@travyl/shared';
> 17 | >>>>>>> origin/develop
     | ^^^^^^^
  18 | import { OceanWave, Footer } from '@/components/home';
  19 | import { ItineraryProvider, useItineraryContext } from '@/components/itinerary/ItineraryContext';
  20 | import { TripThemeProvider } from '@/components/trip/TripThemeContext';

Merge conflict marker encountered.

Import trace:
  Server Component:
    ./apps/web/app/(trips-app)/trip/[id]/trip-layout-inner.tsx
    ./apps/web/app/(trips-app)/trip/[id]/layout.tsx @ http://localhost:3000/_next/static/chunks/node_modules_next_dist_b3fb3b5f._.js:1920
[ 1098255ms] [ERROR] ./apps/web/app/(trips-app)/trip/[id]/trip-layout-inner.tsx:290:4
Parsing ecmascript source code failed
  288 |       style={{ transition: 'background-color 0.5s ease' }}
  289 |     >
> 290 | <<<<<<< HEAD
      |    ^^
  291 |       {/* Hero banner — only on overview + itinerary; skip on calendar and content tabs */}
  292 |       {(isOverview || isItinerary) && (
  293 | =======

Expression expected

Import trace:
  Server Component:
    ./apps/web/app/(trips-app)/trip/[id]/trip-layout-inner.tsx
    ./apps/web/app/(trips-app)/trip/[id]/layout.tsx @ http://localhost:3000/_next/static/chunks/node_modules_next_dist_b3fb3b5f._.js:1920
[ 1098255ms] [ERROR] ./apps/web/app/(trips-app)/trip/[id]/trip-layout-inner.tsx:17:1
Parsing ecmascript source code failed
  15 | import TripTabs, { getTabMeta } from '@/components/trip-tabs';
  16 | import { useItineraryScreen, formatDateRange, useAuthStore, isTripOwner } from '@travyl/shared';
> 17 | >>>>>>> origin/develop
     | ^^^^^^^
  18 | import { OceanWave, Footer } from '@/components/home';
  19 | import { ItineraryProvider, useItineraryContext } from '@/components/itinerary/ItineraryContext';
  20 | import { TripThemeProvider } from '@/components/trip/TripThemeContext';

Merge conflict marker encountered.

Import trace:
  Server Component:
    ./apps/web/app/(trips-app)/trip/[id]/trip-layout-inner.tsx
    ./apps/web/app/(trips-app)/trip/[id]/layout.tsx @ http://localhost:3000/_next/static/chunks/node_modules_next_dist_b3fb3b5f._.js:1920
[ 1098255ms] [ERROR] ./apps/web/app/(trips-app)/trip/[id]/trip-layout-inner.tsx:290:4
Parsing ecmascript source code failed
  288 |       style={{ transition: 'background-color 0.5s ease' }}
  289 |     >
> 290 | <<<<<<< HEAD
      |    ^^
  291 |       {/* Hero banner — only on overview + itinerary; skip on calendar and content tabs */}
  292 |       {(isOverview || isItinerary) && (
  293 | =======

Expression expected

Import trace:
  Server Component:
    ./apps/web/app/(trips-app)/trip/[id]/trip-layout-inner.tsx
    ./apps/web/app/(trips-app)/trip/[id]/layout.tsx @ http://localhost:3000/_next/static/chunks/node_modules_next_dist_b3fb3b5f._.js:1920
[ 1098255ms] [ERROR] ./apps/web/app/(trips-app)/trip/[id]/trip-layout-inner.tsx:17:1
Parsing ecmascript source code failed
  15 | import TripTabs, { getTabMeta } from '@/components/trip-tabs';
  16 | import { useItineraryScreen, formatDateRange, useAuthStore, isTripOwner } from '@travyl/shared';
> 17 | >>>>>>> origin/develop
     | ^^^^^^^
  18 | import { OceanWave, Footer } from '@/components/home';
  19 | import { ItineraryProvider, useItineraryContext } from '@/components/itinerary/ItineraryContext';
  20 | import { TripThemeProvider } from '@/components/trip/TripThemeContext';

Merge conflict marker encountered.

Import trace:
  Server Component:
    ./apps/web/app/(trips-app)/trip/[id]/trip-layout-inner.tsx
    ./apps/web/app/(trips-app)/trip/[id]/layout.tsx @ http://localhost:3000/_next/static/chunks/node_modules_next_dist_b3fb3b5f._.js:1920
[ 1098255ms] [ERROR] ./apps/web/app/(trips-app)/trip/[id]/trip-layout-inner.tsx:290:4
Parsing ecmascript source code failed
  288 |       style={{ transition: 'background-color 0.5s ease' }}
  289 |     >
> 290 | <<<<<<< HEAD
      |    ^^
  291 |       {/* Hero banner — only on overview + itinerary; skip on calendar and content tabs */}
  292 |       {(isOverview || isItinerary) && (
  293 | =======

Expression expected

Import trace:
  Server Component:
    ./apps/web/app/(trips-app)/trip/[id]/trip-layout-inner.tsx
    ./apps/web/app/(trips-app)/trip/[id]/layout.tsx @ http://localhost:3000/_next/static/chunks/node_modules_next_dist_b3fb3b5f._.js:1920
[ 1098255ms] [ERROR] ./apps/web/app/(trips-app)/trip/[id]/trip-layout-inner.tsx:17:1
Parsing ecmascript source code failed
  15 | import TripTabs, { getTabMeta } from '@/components/trip-tabs';
  16 | import { useItineraryScreen, formatDateRange, useAuthStore, isTripOwner } from '@travyl/shared';
> 17 | >>>>>>> origin/develop
     | ^^^^^^^
  18 | import { OceanWave, Footer } from '@/components/home';
  19 | import { ItineraryProvider, useItineraryContext } from '@/components/itinerary/ItineraryContext';
  20 | import { TripThemeProvider } from '@/components/trip/TripThemeContext';

Merge conflict marker encountered.

Import trace:
  Server Component:
    ./apps/web/app/(trips-app)/trip/[id]/trip-layout-inner.tsx
    ./apps/web/app/(trips-app)/trip/[id]/layout.tsx @ http://localhost:3000/_next/static/chunks/node_modules_next_dist_b3fb3b5f._.js:1920
[ 1098255ms] [ERROR] ./apps/web/app/(trips-app)/trip/[id]/trip-layout-inner.tsx:290:4
Parsing ecmascript source code failed
  288 |       style={{ transition: 'background-color 0.5s ease' }}
  289 |     >
> 290 | <<<<<<< HEAD
      |    ^^
  291 |       {/* Hero banner — only on overview + itinerary; skip on calendar and content tabs */}
  292 |       {(isOverview || isItinerary) && (
  293 | =======

Expression expected

Import trace:
  Server Component:
    ./apps/web/app/(trips-app)/trip/[id]/trip-layout-inner.tsx
    ./apps/web/app/(trips-app)/trip/[id]/layout.tsx @ http://localhost:3000/_next/static/chunks/node_modules_next_dist_b3fb3b5f._.js:1920
[ 1098255ms] [ERROR] ./apps/web/app/(trips-app)/trip/[id]/trip-layout-inner.tsx:17:1
Parsing ecmascript source code failed
  15 | import TripTabs, { getTabMeta } from '@/components/trip-tabs';
  16 | import { useItineraryScreen, formatDateRange, useAuthStore, isTripOwner } from '@travyl/shared';
> 17 | >>>>>>> origin/develop
     | ^^^^^^^
  18 | import { OceanWave, Footer } from '@/components/home';
  19 | import { ItineraryProvider, useItineraryContext } from '@/components/itinerary/ItineraryContext';
  20 | import { TripThemeProvider } from '@/components/trip/TripThemeContext';

Merge conflict marker encountered.

Import trace:
  Server Component:
    ./apps/web/app/(trips-app)/trip/[id]/trip-layout-inner.tsx
    ./apps/web/app/(trips-app)/trip/[id]/layout.tsx @ http://localhost:3000/_next/static/chunks/node_modules_next_dist_b3fb3b5f._.js:1920
[ 1098290ms] [ERROR] ./apps/web/app/(trips-app)/trip/[id]/trip-layout-inner.tsx:290:4
Parsing ecmascript source code failed
  288 |       style={{ transition: 'background-color 0.5s ease' }}
  289 |     >
> 290 | <<<<<<< HEAD
      |    ^^
  291 |       {/* Hero banner — only on overview + itinerary; skip on calendar and content tabs */}
  292 |       {(isOverview || isItinerary) && (
  293 | =======

Expression expected

Import trace:
  Server Component:
    ./apps/web/app/(trips-app)/trip/[id]/trip-layout-inner.tsx
    ./apps/web/app/(trips-app)/trip/[id]/layout.tsx @ http://localhost:3000/_next/static/chunks/node_modules_next_dist_b3fb3b5f._.js:1920
[ 1098290ms] [ERROR] ./apps/web/app/(trips-app)/trip/[id]/trip-layout-inner.tsx:17:1
Parsing ecmascript source code failed
  15 | import TripTabs, { getTabMeta } from '@/components/trip-tabs';
  16 | import { useItineraryScreen, formatDateRange, useAuthStore, isTripOwner } from '@travyl/shared';
> 17 | >>>>>>> origin/develop
     | ^^^^^^^
  18 | import { OceanWave, Footer } from '@/components/home';
  19 | import { ItineraryProvider, useItineraryContext } from '@/components/itinerary/ItineraryContext';
  20 | import { TripThemeProvider } from '@/components/trip/TripThemeContext';

Merge conflict marker encountered.

Import trace:
  Server Component:
    ./apps/web/app/(trips-app)/trip/[id]/trip-layout-inner.tsx
    ./apps/web/app/(trips-app)/trip/[id]/layout.tsx @ http://localhost:3000/_next/static/chunks/node_modules_next_dist_b3fb3b5f._.js:1920
[ 1098290ms] [ERROR] ./apps/web/components/calendar/providers/YjsTripProvider.tsx:13:1
Module not found: Can't resolve '@supabase-labs/y-supabase'
  11 | } from 'react'
  12 | import * as Y from 'yjs'
> 13 | import { SupabaseProvider } from '@supabase-labs/y-supabase'
     | ^^^^^^^^^^^^^^^^^^^^^^^^^^^^^^^^^^^^^^^^^^^^^^^^^^^^^^^^^^^^
  14 | import { supabase } from '@travyl/shared'
  15 |
  16 | interface YjsTripContextValue {

Import traces:
  Client Component Browser:
    ./apps/web/components/calendar/providers/YjsTripProvider.tsx [Client Component Browser]
    ./apps/web/app/(trips-app)/trip/[id]/calendar/page.tsx [Client Component Browser]
    ./apps/web/app/(trips-app)/trip/[id]/calendar/page.tsx [Server Component]

  Client Component SSR:
    ./apps/web/components/calendar/providers/YjsTripProvider.tsx [Client Component SSR]
    ./apps/web/app/(trips-app)/trip/[id]/calendar/page.tsx [Client Component SSR]
    ./apps/web/app/(trips-app)/trip/[id]/calendar/page.tsx [Server Component]

https://nextjs.org/docs/messages/module-not-found @ http://localhost:3000/_next/static/chunks/node_modules_next_dist_b3fb3b5f._.js:1920
[ 1107746ms] [ERROR] ./apps/web/app/(trips-app)/trip/[id]/trip-layout-inner.tsx:290:4
Parsing ecmascript source code failed
  288 |       style={{ transition: 'background-color 0.5s ease' }}
  289 |     >
> 290 | <<<<<<< HEAD
      |    ^^
  291 |       {/* Hero banner — only on overview + itinerary; skip on calendar and content tabs */}
  292 |       {(isOverview || isItinerary) && (
  293 | =======

Expression expected

Import trace:
  Server Component:
    ./apps/web/app/(trips-app)/trip/[id]/trip-layout-inner.tsx
    ./apps/web/app/(trips-app)/trip/[id]/layout.tsx @ http://localhost:3000/_next/static/chunks/node_modules_next_dist_b3fb3b5f._.js:1920
[ 1107746ms] [ERROR] ./apps/web/app/(trips-app)/trip/[id]/trip-layout-inner.tsx:17:1
Parsing ecmascript source code failed
  15 | import TripTabs, { getTabMeta } from '@/components/trip-tabs';
  16 | import { useItineraryScreen, formatDateRange, useAuthStore, isTripOwner } from '@travyl/shared';
> 17 | >>>>>>> origin/develop
     | ^^^^^^^
  18 | import { OceanWave, Footer } from '@/components/home';
  19 | import { ItineraryProvider, useItineraryContext } from '@/components/itinerary/ItineraryContext';
  20 | import { TripThemeProvider } from '@/components/trip/TripThemeContext';

Merge conflict marker encountered.

Import trace:
  Server Component:
    ./apps/web/app/(trips-app)/trip/[id]/trip-layout-inner.tsx
    ./apps/web/app/(trips-app)/trip/[id]/layout.tsx @ http://localhost:3000/_next/static/chunks/node_modules_next_dist_b3fb3b5f._.js:1920
[ 1107746ms] [ERROR] ./apps/web/components/calendar/providers/YjsTripProvider.tsx:13:1
Module not found: Can't resolve '@supabase-labs/y-supabase'
  11 | } from 'react'
  12 | import * as Y from 'yjs'
> 13 | import { SupabaseProvider } from '@supabase-labs/y-supabase'
     | ^^^^^^^^^^^^^^^^^^^^^^^^^^^^^^^^^^^^^^^^^^^^^^^^^^^^^^^^^^^^
  14 | import { supabase } from '@travyl/shared'
  15 |
  16 | interface YjsTripContextValue {

Import traces:
  Client Component Browser:
    ./apps/web/components/calendar/providers/YjsTripProvider.tsx [Client Component Browser]
    ./apps/web/app/(trips-app)/trip/[id]/calendar/page.tsx [Client Component Browser]
    ./apps/web/app/(trips-app)/trip/[id]/calendar/page.tsx [Server Component]

  Client Component SSR:
    ./apps/web/components/calendar/providers/YjsTripProvider.tsx [Client Component SSR]
    ./apps/web/app/(trips-app)/trip/[id]/calendar/page.tsx [Client Component SSR]
    ./apps/web/app/(trips-app)/trip/[id]/calendar/page.tsx [Server Component]

https://nextjs.org/docs/messages/module-not-found @ http://localhost:3000/_next/static/chunks/node_modules_next_dist_b3fb3b5f._.js:1920
[ 1525571ms] [ERROR] ./apps/web/app/(trips-app)/trip/[id]/trip-layout-inner.tsx:285:4
Parsing ecmascript source code failed
  283 |       style={{ transition: 'background-color 0.5s ease' }}
  284 |     >
> 285 | <<<<<<< HEAD
      |    ^^
  286 |       {/* Hero banner — only on overview + itinerary; skip on calendar and content tabs */}
  287 |       {(isOverview || isItinerary) && (
  288 | =======

Expression expected

Import trace:
  Server Component:
    ./apps/web/app/(trips-app)/trip/[id]/trip-layout-inner.tsx
    ./apps/web/app/(trips-app)/trip/[id]/layout.tsx @ http://localhost:3000/_next/static/chunks/node_modules_next_dist_b3fb3b5f._.js:1920
[ 1525571ms] [ERROR] ./apps/web/components/calendar/providers/YjsTripProvider.tsx:13:1
Module not found: Can't resolve '@supabase-labs/y-supabase'
  11 | } from 'react'
  12 | import * as Y from 'yjs'
> 13 | import { SupabaseProvider } from '@supabase-labs/y-supabase'
     | ^^^^^^^^^^^^^^^^^^^^^^^^^^^^^^^^^^^^^^^^^^^^^^^^^^^^^^^^^^^^
  14 | import { supabase } from '@travyl/shared'
  15 |
  16 | interface YjsTripContextValue {

Import traces:
  Client Component Browser:
    ./apps/web/components/calendar/providers/YjsTripProvider.tsx [Client Component Browser]
    ./apps/web/app/(trips-app)/trip/[id]/calendar/page.tsx [Client Component Browser]
    ./apps/web/app/(trips-app)/trip/[id]/calendar/page.tsx [Server Component]

  Client Component SSR:
    ./apps/web/components/calendar/providers/YjsTripProvider.tsx [Client Component SSR]
    ./apps/web/app/(trips-app)/trip/[id]/calendar/page.tsx [Client Component SSR]
    ./apps/web/app/(trips-app)/trip/[id]/calendar/page.tsx [Server Component]

https://nextjs.org/docs/messages/module-not-found @ http://localhost:3000/_next/static/chunks/node_modules_next_dist_b3fb3b5f._.js:1920
[ 1548951ms] [ERROR] ./apps/web/components/calendar/providers/YjsTripProvider.tsx:13:1
Module not found: Can't resolve '@supabase-labs/y-supabase'
  11 | } from 'react'
  12 | import * as Y from 'yjs'
> 13 | import { SupabaseProvider } from '@supabase-labs/y-supabase'
     | ^^^^^^^^^^^^^^^^^^^^^^^^^^^^^^^^^^^^^^^^^^^^^^^^^^^^^^^^^^^^
  14 | import { supabase } from '@travyl/shared'
  15 |
  16 | interface YjsTripContextValue {

Import traces:
  Client Component Browser:
    ./apps/web/components/calendar/providers/YjsTripProvider.tsx [Client Component Browser]
    ./apps/web/app/(trips-app)/trip/[id]/calendar/page.tsx [Client Component Browser]
    ./apps/web/app/(trips-app)/trip/[id]/calendar/page.tsx [Server Component]

  Client Component SSR:
    ./apps/web/components/calendar/providers/YjsTripProvider.tsx [Client Component SSR]
    ./apps/web/app/(trips-app)/trip/[id]/calendar/page.tsx [Client Component SSR]
    ./apps/web/app/(trips-app)/trip/[id]/calendar/page.tsx [Server Component]

https://nextjs.org/docs/messages/module-not-found @ http://localhost:3000/_next/static/chunks/node_modules_next_dist_b3fb3b5f._.js:1920
[ 1548951ms] [ERROR] ./apps/web/app/(trips-app)/trip/[id]/trip-layout-inner.tsx:285:4
Parsing ecmascript source code failed
  283 |       style={{ transition: 'background-color 0.5s ease' }}
  284 |     >
> 285 | <<<<<<< HEAD
      |    ^^
  286 |       {/* Hero banner — only on overview + itinerary; skip on calendar and content tabs */}
  287 |       {(isOverview || isItinerary) && (
  288 | =======

Expression expected

Import trace:
  Server Component:
    ./apps/web/app/(trips-app)/trip/[id]/trip-layout-inner.tsx
    ./apps/web/app/(trips-app)/trip/[id]/layout.tsx @ http://localhost:3000/_next/static/chunks/node_modules_next_dist_b3fb3b5f._.js:1920
[ 1801772ms] [ERROR] ./apps/web/components/calendar/providers/YjsTripProvider.tsx:13:1
Module not found: Can't resolve '@supabase-labs/y-supabase'
  11 | } from 'react'
  12 | import * as Y from 'yjs'
> 13 | import { SupabaseProvider } from '@supabase-labs/y-supabase'
     | ^^^^^^^^^^^^^^^^^^^^^^^^^^^^^^^^^^^^^^^^^^^^^^^^^^^^^^^^^^^^
  14 | import { supabase } from '@travyl/shared'
  15 |
  16 | interface YjsTripContextValue {

Import traces:
  Client Component Browser:
    ./apps/web/components/calendar/providers/YjsTripProvider.tsx [Client Component Browser]
    ./apps/web/app/(trips-app)/trip/[id]/calendar/page.tsx [Client Component Browser]
    ./apps/web/app/(trips-app)/trip/[id]/calendar/page.tsx [Server Component]

  Client Component SSR:
    ./apps/web/components/calendar/providers/YjsTripProvider.tsx [Client Component SSR]
    ./apps/web/app/(trips-app)/trip/[id]/calendar/page.tsx [Client Component SSR]
    ./apps/web/app/(trips-app)/trip/[id]/calendar/page.tsx [Server Component]

https://nextjs.org/docs/messages/module-not-found @ http://localhost:3000/_next/static/chunks/node_modules_next_dist_b3fb3b5f._.js:1920
[ 1877310ms] [ERROR] ./apps/web/components/calendar/providers/YjsTripProvider.tsx:13:1
Module not found: Can't resolve '@supabase-labs/y-supabase'
  11 | } from 'react'
  12 | import * as Y from 'yjs'
> 13 | import { SupabaseProvider } from '@supabase-labs/y-supabase'
     | ^^^^^^^^^^^^^^^^^^^^^^^^^^^^^^^^^^^^^^^^^^^^^^^^^^^^^^^^^^^^
  14 | import { supabase } from '@travyl/shared'
  15 |
  16 | interface YjsTripContextValue {

Import traces:
  Client Component Browser:
    ./apps/web/components/calendar/providers/YjsTripProvider.tsx [Client Component Browser]
    ./apps/web/app/(trips-app)/trip/[id]/calendar/page.tsx [Client Component Browser]
    ./apps/web/app/(trips-app)/trip/[id]/calendar/page.tsx [Server Component]

  Client Component SSR:
    ./apps/web/components/calendar/providers/YjsTripProvider.tsx [Client Component SSR]
    ./apps/web/app/(trips-app)/trip/[id]/calendar/page.tsx [Client Component SSR]
    ./apps/web/app/(trips-app)/trip/[id]/calendar/page.tsx [Server Component]

https://nextjs.org/docs/messages/module-not-found @ http://localhost:3000/_next/static/chunks/node_modules_next_dist_b3fb3b5f._.js:1920
