[     213ms] [ERROR] ./apps/web/components/calendar/providers/YjsTripProvider.tsx:13:1
Module not found: Can't resolve '@supabase-labs/y-supabase'
  11 | } from 'react'
  12 | import * as Y from 'yjs'
> 13 | import { SupabaseProvider } from '@supabase-labs/y-supabase'
     | ^^^^^^^^^^^^^^^^^^^^^^^^^^^^^^^^^^^^^^^^^^^^^^^^^^^^^^^^^^^^
  14 | import { supabase } from '@travyl/shared'
  15 |
  16 | interface YjsTripContextValue {

Import traces:
  Client Component Browser:
    ./apps/web/components/calendar/providers/YjsTripProvider.tsx [Client Component Browser]
    ./apps/web/app/(trips-app)/trip/[id]/calendar/page.tsx [Client Component Browser]
    ./apps/web/app/(trips-app)/trip/[id]/calendar/page.tsx [Server Component]

  Client Component SSR:
    ./apps/web/components/calendar/providers/YjsTripProvider.tsx [Client Component SSR]
    ./apps/web/app/(trips-app)/trip/[id]/calendar/page.tsx [Client Component SSR]
    ./apps/web/app/(trips-app)/trip/[id]/calendar/page.tsx [Server Component]

https://nextjs.org/docs/messages/module-not-found @ http://localhost:3000/_next/static/chunks/node_modules_next_dist_b3fb3b5f._.js:1920
[     492ms] [WARNING] GoTrueClient@sb-mfhcdxnzzxuyfkcptoyh-auth-token:1 (2.98.0) 2026-03-26T20:50:35.570Z Multiple GoTrueClient instances detected in the same browser context. It is not an error, but this should be avoided as it may produce undefined behavior when used concurrently under the same storage key. @ http://localhost:3000/_next/static/chunks/node_modules_next_dist_f3530cac._.js:2297
[     494ms] [ERROR] ./apps/web/components/calendar/providers/YjsTripProvider.tsx:13:1
Module not found: Can't resolve '@supabase-labs/y-supabase'
  11 | } from 'react'
  12 | import * as Y from 'yjs'
> 13 | import { SupabaseProvider } from '@supabase-labs/y-supabase'
     | ^^^^^^^^^^^^^^^^^^^^^^^^^^^^^^^^^^^^^^^^^^^^^^^^^^^^^^^^^^^^
  14 | import { supabase } from '@travyl/shared'
  15 |
  16 | interface YjsTripContextValue {

Import traces:
  Client Component Browser:
    ./apps/web/components/calendar/providers/YjsTripProvider.tsx [Client Component Browser]
    ./apps/web/app/(trips-app)/trip/[id]/calendar/page.tsx [Client Component Browser]
    ./apps/web/app/(trips-app)/trip/[id]/calendar/page.tsx [Server Component]

  Client Component SSR:
    ./apps/web/components/calendar/providers/YjsTripProvider.tsx [Client Component SSR]
    ./apps/web/app/(trips-app)/trip/[id]/calendar/page.tsx [Client Component SSR]
    ./apps/web/app/(trips-app)/trip/[id]/calendar/page.tsx [Server Component]

https://nextjs.org/docs/messages/module-not-found @ http://localhost:3000/_next/static/chunks/node_modules_next_dist_f3530cac._.js:3127
[     564ms] [ERROR] ./apps/web/components/calendar/providers/YjsTripProvider.tsx:13:1
Module not found: Can't resolve '@supabase-labs/y-supabase'
  11 | } from 'react'
  12 | import * as Y from 'yjs'
> 13 | import { SupabaseProvider } from '@supabase-labs/y-supabase'
     | ^^^^^^^^^^^^^^^^^^^^^^^^^^^^^^^^^^^^^^^^^^^^^^^^^^^^^^^^^^^^
  14 | import { supabase } from '@travyl/shared'
  15 |
  16 | interface YjsTripContextValue {

Import traces:
  Client Component Browser:
    ./apps/web/components/calendar/providers/YjsTripProvider.tsx [Client Component Browser]
    ./apps/web/app/(trips-app)/trip/[id]/calendar/page.tsx [Client Component Browser]
    ./apps/web/app/(trips-app)/trip/[id]/calendar/page.tsx [Server Component]

  Client Component SSR:
    ./apps/web/components/calendar/providers/YjsTripProvider.tsx [Client Component SSR]
    ./apps/web/app/(trips-app)/trip/[id]/calendar/page.tsx [Client Component SSR]
    ./apps/web/app/(trips-app)/trip/[id]/calendar/page.tsx [Server Component]

https://nextjs.org/docs/messages/module-not-found @ http://localhost:3000/_next/static/chunks/node_modules_next_dist_f3530cac._.js:3127
[     723ms] [ERROR] Failed to load resource: the server responded with a status of 404 () @ https://mfhcdxnzzxuyfkcptoyh.supabase.co/rest/v1/itinerary_days?select=*%2Cactivities%28*%29&trip_id=eq.5c9031cd-d302-49fc-a2f6-b83061f5a617&order=day_number.asc:0
[     777ms] [ERROR] Failed to load resource: the server responded with a status of 406 () @ https://mfhcdxnzzxuyfkcptoyh.supabase.co/rest/v1/trips?select=*&id=eq.5c9031cd-d302-49fc-a2f6-b83061f5a617:0
[    1098ms] [ERROR] ./apps/web/components/calendar/providers/YjsTripProvider.tsx:13:1
Module not found: Can't resolve '@supabase-labs/y-supabase'
  11 | } from 'react'
  12 | import * as Y from 'yjs'
> 13 | import { SupabaseProvider } from '@supabase-labs/y-supabase'
     | ^^^^^^^^^^^^^^^^^^^^^^^^^^^^^^^^^^^^^^^^^^^^^^^^^^^^^^^^^^^^
  14 | import { supabase } from '@travyl/shared'
  15 |
  16 | interface YjsTripContextValue {

Import traces:
  Client Component Browser:
    ./apps/web/components/calendar/providers/YjsTripProvider.tsx [Client Component Browser]
    ./apps/web/app/(trips-app)/trip/[id]/calendar/page.tsx [Client Component Browser]
    ./apps/web/app/(trips-app)/trip/[id]/calendar/page.tsx [Server Component]

  Client Component SSR:
    ./apps/web/components/calendar/providers/YjsTripProvider.tsx [Client Component SSR]
    ./apps/web/app/(trips-app)/trip/[id]/calendar/page.tsx [Client Component SSR]
    ./apps/web/app/(trips-app)/trip/[id]/calendar/page.tsx [Server Component]

https://nextjs.org/docs/messages/module-not-found @ http://localhost:3000/_next/static/chunks/node_modules_next_dist_f3530cac._.js:3127
