[     308ms] [WARNING] GoTrueClient@sb-mfhcdxnzzxuyfkcptoyh-auth-token:1 (2.98.0) 2026-03-25T04:04:46.497Z Multiple GoTrueClient instances detected in the same browser context. It is not an error, but this should be avoided as it may produce undefined behavior when used concurrently under the same storage key. @ http://localhost:3000/_next/static/chunks/node_modules_next_dist_f3530cac._.js:2297
[     807ms] [WARNING] Image with src "https://lh3.googleusercontent.com/gps-cs-s/AHVAwerIw0WtVin_tntbC8ZDwmkXyxLwZOgK-6_Va2g82Pt8IuM6SDDNb2o5BiBivLvWuINgFDzJVwLO7tzoULfqoetB4Fz6cAbxdmNCcJcmfB_f_nlzoCA9uNuR3-AqFQC4CKZF0iY=w600-h400-k-no" was detected as the Largest Contentful Paint (LCP). Please add the `loading="eager"` property if this image is above the fold.
Read more: https://nextjs.org/docs/app/api-reference/components/image#loading @ http://localhost:3000/_next/static/chunks/node_modules_next_dist_f3530cac._.js:2297
[  106718ms] [ERROR] Failed to load resource: the server responded with a status of 404 () @ https://mfhcdxnzzxuyfkcptoyh.supabase.co/rest/v1/itinerary_days?select=*%2Cactivities%28*%29&trip_id=eq.310611b8-4b3e-4398-9025-70fdf2d70cf3&order=day_number.asc:0
[  106733ms] [ERROR] Failed to load resource: the server responded with a status of 404 () @ https://mfhcdxnzzxuyfkcptoyh.supabase.co/rest/v1/hotels?select=*&trip_id=eq.310611b8-4b3e-4398-9025-70fdf2d70cf3&order=created_at.asc:0
[  106943ms] [ERROR] Failed to load resource: the server responded with a status of 404 () @ https://mfhcdxnzzxuyfkcptoyh.supabase.co/rest/v1/flights?select=*&trip_id=eq.310611b8-4b3e-4398-9025-70fdf2d70cf3&order=created_at.asc:0
[  115472ms] [ERROR] Failed to load resource: the server responded with a status of 404 () @ https://mfhcdxnzzxuyfkcptoyh.supabase.co/rest/v1/hotels?select=*&trip_id=eq.310611b8-4b3e-4398-9025-70fdf2d70cf3&order=created_at.asc:0
[  115476ms] [ERROR] Failed to load resource: the server responded with a status of 404 () @ https://mfhcdxnzzxuyfkcptoyh.supabase.co/rest/v1/flights?select=*&trip_id=eq.310611b8-4b3e-4398-9025-70fdf2d70cf3&order=created_at.asc:0
[  115548ms] [ERROR] Failed to load resource: the server responded with a status of 404 () @ https://mfhcdxnzzxuyfkcptoyh.supabase.co/rest/v1/itinerary_days?select=*%2Cactivities%28*%29&trip_id=eq.310611b8-4b3e-4398-9025-70fdf2d70cf3&order=day_number.asc:0
[  291949ms] [ERROR] Failed to load resource: the server responded with a status of 500 (Internal Server Error) @ http://localhost:3000/api/suggest?destination=Tokyo%2C+Japan:0
[  297276ms] [ERROR] Failed to load resource: the server responded with a status of 404 () @ https://mfhcdxnzzxuyfkcptoyh.supabase.co/rest/v1/itinerary_days?select=*%2Cactivities%28*%29&trip_id=eq.310611b8-4b3e-4398-9025-70fdf2d70cf3&order=day_number.asc:0
[  297313ms] [ERROR] Failed to load resource: the server responded with a status of 404 () @ https://mfhcdxnzzxuyfkcptoyh.supabase.co/rest/v1/flights?select=*&trip_id=eq.310611b8-4b3e-4398-9025-70fdf2d70cf3&order=created_at.asc:0
[  297313ms] [ERROR] Failed to load resource: the server responded with a status of 404 () @ https://mfhcdxnzzxuyfkcptoyh.supabase.co/rest/v1/hotels?select=*&trip_id=eq.310611b8-4b3e-4398-9025-70fdf2d70cf3&order=created_at.asc:0
[  302170ms] [ERROR] Failed to load resource: the server responded with a status of 404 () @ https://mfhcdxnzzxuyfkcptoyh.supabase.co/rest/v1/itinerary_days?select=*%2Cactivities%28*%29&trip_id=eq.310611b8-4b3e-4398-9025-70fdf2d70cf3&order=day_number.asc:0
[  302189ms] [ERROR] Failed to load resource: the server responded with a status of 404 () @ https://mfhcdxnzzxuyfkcptoyh.supabase.co/rest/v1/hotels?select=*&trip_id=eq.310611b8-4b3e-4398-9025-70fdf2d70cf3&order=created_at.asc:0
[  302189ms] [ERROR] Failed to load resource: the server responded with a status of 404 () @ https://mfhcdxnzzxuyfkcptoyh.supabase.co/rest/v1/flights?select=*&trip_id=eq.310611b8-4b3e-4398-9025-70fdf2d70cf3&order=created_at.asc:0
[  305800ms] [WARNING] GoTrueClient@sb-mfhcdxnzzxuyfkcptoyh-auth-token:1 (2.98.0) 2026-03-25T04:09:51.988Z Multiple GoTrueClient instances detected in the same browser context. It is not an error, but this should be avoided as it may produce undefined behavior when used concurrently under the same storage key. @ http://localhost:3000/_next/static/chunks/node_modules_next_dist_f3530cac._.js:2297
[  306108ms] [ERROR] Failed to load resource: the server responded with a status of 404 () @ https://mfhcdxnzzxuyfkcptoyh.supabase.co/rest/v1/itinerary_days?select=*%2Cactivities%28*%29&trip_id=eq.310611b8-4b3e-4398-9025-70fdf2d70cf3&order=day_number.asc:0
[  306110ms] [ERROR] Failed to load resource: the server responded with a status of 404 () @ https://mfhcdxnzzxuyfkcptoyh.supabase.co/rest/v1/flights?select=*&trip_id=eq.310611b8-4b3e-4398-9025-70fdf2d70cf3&order=created_at.asc:0
[  306120ms] [ERROR] Failed to load resource: the server responded with a status of 404 () @ https://mfhcdxnzzxuyfkcptoyh.supabase.co/rest/v1/hotels?select=*&trip_id=eq.310611b8-4b3e-4398-9025-70fdf2d70cf3&order=created_at.asc:0
[  306434ms] [ERROR] Failed to load resource: the server responded with a status of 500 (Internal Server Error) @ http://localhost:3000/api/suggest?destination=Tokyo%2C+Japan:0
