[     536ms] [WARNING] GoTrueClient@sb-mfhcdxnzzxuyfkcptoyh-auth-token:1 (2.98.0) 2026-03-25T23:36:16.007Z Multiple GoTrueClient instances detected in the same browser context. It is not an error, but this should be avoided as it may produce undefined behavior when used concurrently under the same storage key. @ http://localhost:3000/_next/static/chunks/node_modules_next_dist_f3530cac._.js:2297
[     995ms] [ERROR] Failed to load resource: the server responded with a status of 404 () @ https://mfhcdxnzzxuyfkcptoyh.supabase.co/rest/v1/itinerary_days?select=*%2Cactivities%28*%29&trip_id=eq.73e55665-64b1-462b-a72a-f26b152afd46&order=day_number.asc:0
[ 1715779ms] [ERROR] Failed to load resource: the server responded with a status of 404 () @ https://mfhcdxnzzxuyfkcptoyh.supabase.co/rest/v1/itinerary_days?select=*%2Cactivities%28*%29&trip_id=eq.73e55665-64b1-462b-a72a-f26b152afd46&order=day_number.asc:0
[ 2157940ms] [WARNING] GoTrueClient@sb-mfhcdxnzzxuyfkcptoyh-auth-token:1 (2.98.0) 2026-03-26T00:12:13.410Z Multiple GoTrueClient instances detected in the same browser context. It is not an error, but this should be avoided as it may produce undefined behavior when used concurrently under the same storage key. @ http://localhost:3000/_next/static/chunks/node_modules_next_dist_f3530cac._.js:2297
[ 2158348ms] [ERROR] Failed to load resource: the server responded with a status of 404 () @ https://mfhcdxnzzxuyfkcptoyh.supabase.co/rest/v1/itinerary_days?select=*%2Cactivities%28*%29&trip_id=eq.73e55665-64b1-462b-a72a-f26b152afd46&order=day_number.asc:0
[ 2388811ms] [WARNING] GoTrueClient@sb-mfhcdxnzzxuyfkcptoyh-auth-token:1 (2.98.0) 2026-03-26T00:16:04.281Z Multiple GoTrueClient instances detected in the same browser context. It is not an error, but this should be avoided as it may produce undefined behavior when used concurrently under the same storage key. @ http://localhost:3000/_next/static/chunks/node_modules_next_dist_f3530cac._.js:2297
[ 2389265ms] [ERROR] Failed to load resource: the server responded with a status of 404 () @ https://mfhcdxnzzxuyfkcptoyh.supabase.co/rest/v1/itinerary_days?select=*%2Cactivities%28*%29&trip_id=eq.73e55665-64b1-462b-a72a-f26b152afd46&order=day_number.asc:0
[ 2598404ms] [ERROR] Failed to load resource: the server responded with a status of 500 (Internal Server Error) @ http://localhost:3000/api/suggest?destination=Barcelona%2C+Spain:0
[ 2992469ms] [WARNING] GoTrueClient@sb-mfhcdxnzzxuyfkcptoyh-auth-token:1 (2.98.0) 2026-03-26T00:26:07.939Z Multiple GoTrueClient instances detected in the same browser context. It is not an error, but this should be avoided as it may produce undefined behavior when used concurrently under the same storage key. @ http://localhost:3000/_next/static/chunks/node_modules_next_dist_f3530cac._.js:2297
[ 2992932ms] [ERROR] Failed to load resource: the server responded with a status of 404 () @ https://mfhcdxnzzxuyfkcptoyh.supabase.co/rest/v1/itinerary_days?select=*%2Cactivities%28*%29&trip_id=eq.73e55665-64b1-462b-a72a-f26b152afd46&order=day_number.asc:0
[ 2994632ms] [WARNING] GoTrueClient@sb-mfhcdxnzzxuyfkcptoyh-auth-token:1 (2.98.0) 2026-03-26T00:26:10.102Z Multiple GoTrueClient instances detected in the same browser context. It is not an error, but this should be avoided as it may produce undefined behavior when used concurrently under the same storage key. @ http://localhost:3000/_next/static/chunks/node_modules_next_dist_f3530cac._.js:2297
[ 2995090ms] [ERROR] Failed to load resource: the server responded with a status of 404 () @ https://mfhcdxnzzxuyfkcptoyh.supabase.co/rest/v1/itinerary_days?select=*%2Cactivities%28*%29&trip_id=eq.73e55665-64b1-462b-a72a-f26b152afd46&order=day_number.asc:0
[ 2996895ms] [WARNING] GoTrueClient@sb-mfhcdxnzzxuyfkcptoyh-auth-token:1 (2.98.0) 2026-03-26T00:26:12.366Z Multiple GoTrueClient instances detected in the same browser context. It is not an error, but this should be avoided as it may produce undefined behavior when used concurrently under the same storage key. @ http://localhost:3000/_next/static/chunks/node_modules_next_dist_f3530cac._.js:2297
[ 2997058ms] [ERROR] Failed to load resource: the server responded with a status of 404 () @ https://mfhcdxnzzxuyfkcptoyh.supabase.co/rest/v1/itinerary_days?select=*%2Cactivities%28*%29&trip_id=eq.73e55665-64b1-462b-a72a-f26b152afd46&order=day_number.asc:0
[ 2999139ms] [WARNING] GoTrueClient@sb-mfhcdxnzzxuyfkcptoyh-auth-token:1 (2.98.0) 2026-03-26T00:26:14.609Z Multiple GoTrueClient instances detected in the same browser context. It is not an error, but this should be avoided as it may produce undefined behavior when used concurrently under the same storage key. @ http://localhost:3000/_next/static/chunks/node_modules_next_dist_f3530cac._.js:2297
[ 2999311ms] [ERROR] Failed to load resource: the server responded with a status of 404 () @ https://mfhcdxnzzxuyfkcptoyh.supabase.co/rest/v1/itinerary_days?select=*%2Cactivities%28*%29&trip_id=eq.73e55665-64b1-462b-a72a-f26b152afd46&order=day_number.asc:0
[ 2999398ms] [ERROR] In HTML, %s cannot be a descendant of <%s>.
This will cause a hydration error.%s <button> button 

  ...
    <InnerScrollAndFocusHandler segmentPath={[...]} focusAndScrollRef={{apply:false, ...}}>
      <ErrorBoundary errorComponent={undefined} errorStyles={undefined} errorScripts={undefined}>
        <LoadingBoundary name="flights/" loading={null}>
          <HTTPAccessFallbackBoundary notFound={undefined} forbidden={undefined} unauthorized={undefined}>
            <RedirectBoundary>
              <RedirectErrorBoundary router={{...}}>
                <InnerLayoutRouter url="/trip/73e5..." tree={[...]} params={{id:"73e556..."}} ...>
                  <SegmentViewNode type="page" pagePath="/apps/web/...">
                    <SegmentTrieNode>
                    <ClientPageRoot Component={function Flights} serverProvidedParams={{...}}>
                      <Flights params={Promise} searchParams={Promise}>
                        <div className="space-y-4">
                          <FlightSearchSection defaultFrom="JFK" defaultTo="BCN" defaultTravelers={2} ...>
                            <div className="bg-white r...">
>                             <button
>                               onClick={function onClick}
>                               className="w-full px-4 py-3 flex items-center justify-between hover:bg-gray-50/50 tran..."
>                             >
                                <div>
                                <div className="flex items...">
>                                 <button
>                                   onClick={function onClick}
>                                   className="text-[11px] px-2.5 py-1 rounded-full border flex items-center gap-1 tra..."
>                                 >
                                  ...
                              ...
                          ...
                  ...
                ...
      ...
 @ http://localhost:3000/_next/static/chunks/node_modules_next_dist_f3530cac._.js:3127
[ 2999398ms] [ERROR] <%s> cannot contain a nested %s.
See this log for the ancestor stack trace. button <button> @ http://localhost:3000/_next/static/chunks/node_modules_next_dist_f3530cac._.js:3127
[ 3001583ms] [WARNING] GoTrueClient@sb-mfhcdxnzzxuyfkcptoyh-auth-token:1 (2.98.0) 2026-03-26T00:26:17.054Z Multiple GoTrueClient instances detected in the same browser context. It is not an error, but this should be avoided as it may produce undefined behavior when used concurrently under the same storage key. @ http://localhost:3000/_next/static/chunks/node_modules_next_dist_f3530cac._.js:2297
[ 3001769ms] [ERROR] Failed to load resource: the server responded with a status of 404 () @ https://mfhcdxnzzxuyfkcptoyh.supabase.co/rest/v1/itinerary_days?select=*%2Cactivities%28*%29&trip_id=eq.73e55665-64b1-462b-a72a-f26b152afd46&order=day_number.asc:0
[ 3003961ms] [WARNING] GoTrueClient@sb-mfhcdxnzzxuyfkcptoyh-auth-token:1 (2.98.0) 2026-03-26T00:26:19.432Z Multiple GoTrueClient instances detected in the same browser context. It is not an error, but this should be avoided as it may produce undefined behavior when used concurrently under the same storage key. @ http://localhost:3000/_next/static/chunks/node_modules_next_dist_f3530cac._.js:2297
[ 3004134ms] [ERROR] Failed to load resource: the server responded with a status of 404 () @ https://mfhcdxnzzxuyfkcptoyh.supabase.co/rest/v1/itinerary_days?select=*%2Cactivities%28*%29&trip_id=eq.73e55665-64b1-462b-a72a-f26b152afd46&order=day_number.asc:0
[ 3006505ms] [WARNING] GoTrueClient@sb-mfhcdxnzzxuyfkcptoyh-auth-token:1 (2.98.0) 2026-03-26T00:26:21.976Z Multiple GoTrueClient instances detected in the same browser context. It is not an error, but this should be avoided as it may produce undefined behavior when used concurrently under the same storage key. @ http://localhost:3000/_next/static/chunks/node_modules_next_dist_f3530cac._.js:2297
[ 3006668ms] [ERROR] Failed to load resource: the server responded with a status of 404 () @ https://mfhcdxnzzxuyfkcptoyh.supabase.co/rest/v1/itinerary_days?select=*%2Cactivities%28*%29&trip_id=eq.73e55665-64b1-462b-a72a-f26b152afd46&order=day_number.asc:0
[ 3008732ms] [WARNING] GoTrueClient@sb-mfhcdxnzzxuyfkcptoyh-auth-token:1 (2.98.0) 2026-03-26T00:26:24.202Z Multiple GoTrueClient instances detected in the same browser context. It is not an error, but this should be avoided as it may produce undefined behavior when used concurrently under the same storage key. @ http://localhost:3000/_next/static/chunks/node_modules_next_dist_f3530cac._.js:2297
[ 3008887ms] [ERROR] Failed to load resource: the server responded with a status of 404 () @ https://mfhcdxnzzxuyfkcptoyh.supabase.co/rest/v1/itinerary_days?select=*%2Cactivities%28*%29&trip_id=eq.73e55665-64b1-462b-a72a-f26b152afd46&order=day_number.asc:0
[ 3011177ms] [WARNING] GoTrueClient@sb-mfhcdxnzzxuyfkcptoyh-auth-token:1 (2.98.0) 2026-03-26T00:26:26.647Z Multiple GoTrueClient instances detected in the same browser context. It is not an error, but this should be avoided as it may produce undefined behavior when used concurrently under the same storage key. @ http://localhost:3000/_next/static/chunks/node_modules_next_dist_f3530cac._.js:2297
[ 3011353ms] [ERROR] Failed to load resource: the server responded with a status of 404 () @ https://mfhcdxnzzxuyfkcptoyh.supabase.co/rest/v1/itinerary_days?select=*%2Cactivities%28*%29&trip_id=eq.73e55665-64b1-462b-a72a-f26b152afd46&order=day_number.asc:0
[ 3013326ms] [WARNING] GoTrueClient@sb-mfhcdxnzzxuyfkcptoyh-auth-token:1 (2.98.0) 2026-03-26T00:26:28.797Z Multiple GoTrueClient instances detected in the same browser context. It is not an error, but this should be avoided as it may produce undefined behavior when used concurrently under the same storage key. @ http://localhost:3000/_next/static/chunks/node_modules_next_dist_f3530cac._.js:2297
[ 3013509ms] [ERROR] Failed to load resource: the server responded with a status of 404 () @ https://mfhcdxnzzxuyfkcptoyh.supabase.co/rest/v1/itinerary_days?select=*%2Cactivities%28*%29&trip_id=eq.73e55665-64b1-462b-a72a-f26b152afd46&order=day_number.asc:0
[ 3014241ms] [ERROR] Failed to load resource: the server responded with a status of 500 (Internal Server Error) @ http://localhost:3000/api/suggest?destination=Barcelona%2C+Spain:0
[ 3015847ms] [WARNING] GoTrueClient@sb-mfhcdxnzzxuyfkcptoyh-auth-token:1 (2.98.0) 2026-03-26T00:26:31.318Z Multiple GoTrueClient instances detected in the same browser context. It is not an error, but this should be avoided as it may produce undefined behavior when used concurrently under the same storage key. @ http://localhost:3000/_next/static/chunks/node_modules_next_dist_f3530cac._.js:2297
[ 3016198ms] [ERROR] Failed to load resource: the server responded with a status of 404 () @ https://mfhcdxnzzxuyfkcptoyh.supabase.co/rest/v1/itinerary_days?select=*%2Cactivities%28*%29&trip_id=eq.73e55665-64b1-462b-a72a-f26b152afd46&order=day_number.asc:0
[ 3043961ms] [WARNING] Please ensure that the container has a non-static position, like 'relative', 'fixed', or 'absolute' to ensure scroll offset is calculated correctly. @ http://localhost:3000/_next/static/chunks/node_modules_next_dist_f3530cac._.js:2297
[ 3044146ms] [ERROR] Failed to load resource: the server responded with a status of 404 () @ https://mfhcdxnzzxuyfkcptoyh.supabase.co/rest/v1/hero_config?select=*%2Csuggestions%3Ahero_suggestions%28*%29:0
[ 3044147ms] [ERROR] Failed to load resource: the server responded with a status of 404 () @ https://mfhcdxnzzxuyfkcptoyh.supabase.co/rest/v1/inspiration_cards?select=*&order=sort_order.asc:0
[ 3060210ms] [WARNING] GoTrueClient@sb-mfhcdxnzzxuyfkcptoyh-auth-token:1 (2.98.0) 2026-03-26T00:27:15.680Z Multiple GoTrueClient instances detected in the same browser context. It is not an error, but this should be avoided as it may produce undefined behavior when used concurrently under the same storage key. @ http://localhost:3000/_next/static/chunks/node_modules_next_dist_f3530cac._.js:2297
[ 3060411ms] [ERROR] Failed to load resource: the server responded with a status of 404 () @ https://mfhcdxnzzxuyfkcptoyh.supabase.co/rest/v1/itinerary_days?select=*%2Cactivities%28*%29&trip_id=eq.73e55665-64b1-462b-a72a-f26b152afd46&order=day_number.asc:0
[ 3063492ms] [WARNING] GoTrueClient@sb-mfhcdxnzzxuyfkcptoyh-auth-token:1 (2.98.0) 2026-03-26T00:27:18.962Z Multiple GoTrueClient instances detected in the same browser context. It is not an error, but this should be avoided as it may produce undefined behavior when used concurrently under the same storage key. @ http://localhost:3000/_next/static/chunks/node_modules_next_dist_f3530cac._.js:2297
[ 3063649ms] [ERROR] Failed to load resource: the server responded with a status of 404 () @ https://mfhcdxnzzxuyfkcptoyh.supabase.co/rest/v1/itinerary_days?select=*%2Cactivities%28*%29&trip_id=eq.73e55665-64b1-462b-a72a-f26b152afd46&order=day_number.asc:0
[ 3066764ms] [WARNING] GoTrueClient@sb-mfhcdxnzzxuyfkcptoyh-auth-token:1 (2.98.0) 2026-03-26T00:27:22.234Z Multiple GoTrueClient instances detected in the same browser context. It is not an error, but this should be avoided as it may produce undefined behavior when used concurrently under the same storage key. @ http://localhost:3000/_next/static/chunks/node_modules_next_dist_f3530cac._.js:2297
[ 3066938ms] [ERROR] Failed to load resource: the server responded with a status of 404 () @ https://mfhcdxnzzxuyfkcptoyh.supabase.co/rest/v1/itinerary_days?select=*%2Cactivities%28*%29&trip_id=eq.73e55665-64b1-462b-a72a-f26b152afd46&order=day_number.asc:0
[ 3070013ms] [WARNING] GoTrueClient@sb-mfhcdxnzzxuyfkcptoyh-auth-token:1 (2.98.0) 2026-03-26T00:27:25.484Z Multiple GoTrueClient instances detected in the same browser context. It is not an error, but this should be avoided as it may produce undefined behavior when used concurrently under the same storage key. @ http://localhost:3000/_next/static/chunks/node_modules_next_dist_f3530cac._.js:2297
[ 3070163ms] [ERROR] Failed to load resource: the server responded with a status of 404 () @ https://mfhcdxnzzxuyfkcptoyh.supabase.co/rest/v1/itinerary_days?select=*%2Cactivities%28*%29&trip_id=eq.73e55665-64b1-462b-a72a-f26b152afd46&order=day_number.asc:0
[ 3073297ms] [WARNING] GoTrueClient@sb-mfhcdxnzzxuyfkcptoyh-auth-token:1 (2.98.0) 2026-03-26T00:27:28.768Z Multiple GoTrueClient instances detected in the same browser context. It is not an error, but this should be avoided as it may produce undefined behavior when used concurrently under the same storage key. @ http://localhost:3000/_next/static/chunks/node_modules_next_dist_f3530cac._.js:2297
[ 3073476ms] [ERROR] Failed to load resource: the server responded with a status of 404 () @ https://mfhcdxnzzxuyfkcptoyh.supabase.co/rest/v1/itinerary_days?select=*%2Cactivities%28*%29&trip_id=eq.73e55665-64b1-462b-a72a-f26b152afd46&order=day_number.asc:0
[ 3074049ms] [ERROR] Failed to load resource: the server responded with a status of 500 (Internal Server Error) @ http://localhost:3000/api/suggest?destination=Barcelona%2C+Spain:0
[ 3076631ms] [WARNING] GoTrueClient@sb-mfhcdxnzzxuyfkcptoyh-auth-token:1 (2.98.0) 2026-03-26T00:27:32.101Z Multiple GoTrueClient instances detected in the same browser context. It is not an error, but this should be avoided as it may produce undefined behavior when used concurrently under the same storage key. @ http://localhost:3000/_next/static/chunks/node_modules_next_dist_f3530cac._.js:2297
[ 3076815ms] [ERROR] Failed to load resource: the server responded with a status of 404 () @ https://mfhcdxnzzxuyfkcptoyh.supabase.co/rest/v1/itinerary_days?select=*%2Cactivities%28*%29&trip_id=eq.73e55665-64b1-462b-a72a-f26b152afd46&order=day_number.asc:0
[ 5775125ms] [WARNING] GoTrueClient@sb-mfhcdxnzzxuyfkcptoyh-auth-token:1 (2.98.0) 2026-03-26T01:12:30.594Z Multiple GoTrueClient instances detected in the same browser context. It is not an error, but this should be avoided as it may produce undefined behavior when used concurrently under the same storage key. @ http://localhost:3000/_next/static/chunks/node_modules_next_dist_f3530cac._.js:2297
[ 5776093ms] [ERROR] Failed to load resource: the server responded with a status of 404 () @ https://mfhcdxnzzxuyfkcptoyh.supabase.co/rest/v1/itinerary_days?select=*%2Cactivities%28*%29&trip_id=eq.73e55665-64b1-462b-a72a-f26b152afd46&order=day_number.asc:0
[ 5779104ms] [WARNING] GoTrueClient@sb-mfhcdxnzzxuyfkcptoyh-auth-token:1 (2.98.0) 2026-03-26T01:12:34.575Z Multiple GoTrueClient instances detected in the same browser context. It is not an error, but this should be avoided as it may produce undefined behavior when used concurrently under the same storage key. @ http://localhost:3000/_next/static/chunks/node_modules_next_dist_f3530cac._.js:2297
[ 5779290ms] [ERROR] Failed to load resource: the server responded with a status of 404 () @ https://mfhcdxnzzxuyfkcptoyh.supabase.co/rest/v1/itinerary_days?select=*%2Cactivities%28*%29&trip_id=eq.73e55665-64b1-462b-a72a-f26b152afd46&order=day_number.asc:0
