[     146ms] [WARNING] GoTrueClient@sb-mfhcdxnzzxuyfkcptoyh-auth-token:1 (2.98.0) 2026-03-25T04:24:38.481Z Multiple GoTrueClient instances detected in the same browser context. It is not an error, but this should be avoided as it may produce undefined behavior when used concurrently under the same storage key. @ http://localhost:3000/_next/static/chunks/node_modules_next_dist_f3530cac._.js:2297
[   25353ms] [ERROR] Failed to load resource: the server responded with a status of 401 (Unauthorized) @ http://localhost:3000/api/opentripmap?lat=33.8120918&lng=-117.9189742&category=attraction&limit=8&radius=10000:0
[   25548ms] [ERROR] Failed to load resource: the server responded with a status of 401 (Unauthorized) @ http://localhost:3000/api/opentripmap?lat=33.8120918&lng=-117.9189742&category=architecture&limit=8&radius=10000:0
[   25716ms] [ERROR] Failed to load resource: the server responded with a status of 401 (Unauthorized) @ http://localhost:3000/api/opentripmap?lat=33.8120918&lng=-117.9189742&category=museum&limit=8&radius=10000:0
[   25742ms] [ERROR] Failed to load resource: the server responded with a status of 401 (Unauthorized) @ http://localhost:3000/api/opentripmap?lat=33.8120918&lng=-117.9189742&category=nature&limit=8&radius=10000:0
[   26041ms] [ERROR] Failed to load resource: the server responded with a status of 401 (Unauthorized) @ http://localhost:3000/api/opentripmap?lat=33.8120918&lng=-117.9189742&category=historic&limit=8&radius=10000:0
[   32693ms] [ERROR] Failed to load resource: the server responded with a status of 401 (Unauthorized) @ http://localhost:3000/api/opentripmap?lat=36.322538&lng=-86.682009&category=attraction&limit=8&radius=10000:0
[   32820ms] [ERROR] Failed to load resource: the server responded with a status of 401 (Unauthorized) @ http://localhost:3000/api/opentripmap?lat=36.322538&lng=-86.682009&category=museum&limit=8&radius=10000:0
[   33045ms] [ERROR] Failed to load resource: the server responded with a status of 401 (Unauthorized) @ http://localhost:3000/api/opentripmap?lat=36.322538&lng=-86.682009&category=historic&limit=8&radius=10000:0
[   33112ms] [ERROR] Failed to load resource: the server responded with a status of 401 (Unauthorized) @ http://localhost:3000/api/opentripmap?lat=36.322538&lng=-86.682009&category=architecture&limit=8&radius=10000:0
[   33170ms] [ERROR] Failed to load resource: the server responded with a status of 401 (Unauthorized) @ http://localhost:3000/api/opentripmap?lat=36.322538&lng=-86.682009&category=nature&limit=8&radius=10000:0
[   43795ms] [ERROR] Failed to load resource: the server responded with a status of 401 (Unauthorized) @ http://localhost:3000/api/opentripmap?lat=35.4091972&lng=-118.9899947&category=attraction&limit=8&radius=10000:0
[   43982ms] [ERROR] Failed to load resource: the server responded with a status of 401 (Unauthorized) @ http://localhost:3000/api/opentripmap?lat=35.4091972&lng=-118.9899947&category=architecture&limit=8&radius=10000:0
[   44084ms] [ERROR] Failed to load resource: the server responded with a status of 401 (Unauthorized) @ http://localhost:3000/api/opentripmap?lat=35.4091972&lng=-118.9899947&category=museum&limit=8&radius=10000:0
[   44171ms] [ERROR] Failed to load resource: the server responded with a status of 401 (Unauthorized) @ http://localhost:3000/api/opentripmap?lat=35.4091972&lng=-118.9899947&category=nature&limit=8&radius=10000:0
[   44291ms] [ERROR] Failed to load resource: the server responded with a status of 401 (Unauthorized) @ http://localhost:3000/api/opentripmap?lat=35.4091972&lng=-118.9899947&category=historic&limit=8&radius=10000:0
[   45253ms] [ERROR] Failed to load resource: the server responded with a status of 401 (Unauthorized) @ http://localhost:3000/api/opentripmap?lat=35.4091972&lng=-118.9899947&category=attraction&limit=8&radius=10000:0
[   45443ms] [ERROR] Failed to load resource: the server responded with a status of 401 (Unauthorized) @ http://localhost:3000/api/opentripmap?lat=35.4091972&lng=-118.9899947&category=architecture&limit=8&radius=10000:0
[   45480ms] [ERROR] Failed to load resource: the server responded with a status of 401 (Unauthorized) @ http://localhost:3000/api/opentripmap?lat=35.4091972&lng=-118.9899947&category=museum&limit=8&radius=10000:0
[   45486ms] [ERROR] Failed to load resource: the server responded with a status of 401 (Unauthorized) @ http://localhost:3000/api/opentripmap?lat=35.4091972&lng=-118.9899947&category=nature&limit=8&radius=10000:0
[   45631ms] [ERROR] Failed to load resource: the server responded with a status of 401 (Unauthorized) @ http://localhost:3000/api/opentripmap?lat=35.4091972&lng=-118.9899947&category=historic&limit=8&radius=10000:0
