[     419ms] [WARNING] GoTrueClient@sb-mfhcdxnzzxuyfkcptoyh-auth-token:1 (2.98.0) 2026-03-25T22:42:16.012Z Multiple GoTrueClient instances detected in the same browser context. It is not an error, but this should be avoided as it may produce undefined behavior when used concurrently under the same storage key. @ http://localhost:3000/_next/static/chunks/node_modules_next_dist_f3530cac._.js:2297
[     608ms] [ERROR] Failed to load resource: the server responded with a status of 404 () @ https://mfhcdxnzzxuyfkcptoyh.supabase.co/rest/v1/itinerary_days?select=*%2Cactivities%28*%29&trip_id=eq.fc858466-bfe0-4493-b549-b6c06fcd31d4&order=day_number.asc:0
[     704ms] [ERROR] In HTML, %s cannot be a descendant of <%s>.
This will cause a hydration error.%s <button> button 

  ...
    <InnerScrollAndFocusHandler segmentPath={[...]} focusAndScrollRef={{apply:false, ...}}>
      <ErrorBoundary errorComponent={undefined} errorStyles={undefined} errorScripts={undefined}>
        <LoadingBoundary name="flights/" loading={null}>
          <HTTPAccessFallbackBoundary notFound={undefined} forbidden={undefined} unauthorized={undefined}>
            <RedirectBoundary>
              <RedirectErrorBoundary router={{...}}>
                <InnerLayoutRouter url="/trip/fc85..." tree={[...]} params={{id:"fc8584..."}} ...>
                  <SegmentViewNode type="page" pagePath="/apps/web/...">
                    <SegmentTrieNode>
                    <ClientPageRoot Component={function Flights} serverProvidedParams={{...}}>
                      <Flights params={Promise} searchParams={Promise}>
                        <div className="space-y-4">
                          <FlightSearchSection defaultFrom="JFK" defaultTo="FCO" defaultTravelers={2} ...>
                            <div className="bg-white r...">
>                             <button
>                               onClick={function onClick}
>                               className="w-full px-4 py-3 flex items-center justify-between hover:bg-gray-50/50 tran..."
>                             >
                                <div>
                                <div className="flex items...">
>                                 <button
>                                   onClick={function onClick}
>                                   className="text-[11px] px-2.5 py-1 rounded-full border flex items-center gap-1 tra..."
>                                 >
                                  ...
                              ...
                          ...
                  ...
                ...
      ...
 @ http://localhost:3000/_next/static/chunks/node_modules_next_dist_f3530cac._.js:3127
[     704ms] [ERROR] <%s> cannot contain a nested %s.
See this log for the ancestor stack trace. button <button> @ http://localhost:3000/_next/static/chunks/node_modules_next_dist_f3530cac._.js:3127
