[     560ms] [ERROR] ./apps/web/components/calendar/providers/YjsTripProvider.tsx:13:1
Module not found: Can't resolve '@supabase-labs/y-supabase'
  11 | } from 'react'
  12 | import * as Y from 'yjs'
> 13 | import { SupabaseProvider } from '@supabase-labs/y-supabase'
     | ^^^^^^^^^^^^^^^^^^^^^^^^^^^^^^^^^^^^^^^^^^^^^^^^^^^^^^^^^^^^
  14 | import { supabase } from '@travyl/shared'
  15 |
  16 | interface YjsTripContextValue {

Import traces:
  Client Component Browser:
    ./apps/web/components/calendar/providers/YjsTripProvider.tsx [Client Component Browser]
    ./apps/web/app/(trips-app)/trip/[id]/calendar/page.tsx [Client Component Browser]
    ./apps/web/app/(trips-app)/trip/[id]/calendar/page.tsx [Server Component]

  Client Component SSR:
    ./apps/web/components/calendar/providers/YjsTripProvider.tsx [Client Component SSR]
    ./apps/web/app/(trips-app)/trip/[id]/calendar/page.tsx [Client Component SSR]
    ./apps/web/app/(trips-app)/trip/[id]/calendar/page.tsx [Server Component]

https://nextjs.org/docs/messages/module-not-found @ http://localhost:3000/_next/static/chunks/node_modules_next_dist_b3fb3b5f._.js:1920
[    1032ms] [WARNING] GoTrueClient@sb-mfhcdxnzzxuyfkcptoyh-auth-token:1 (2.98.0) 2026-03-26T21:11:52.868Z Multiple GoTrueClient instances detected in the same browser context. It is not an error, but this should be avoided as it may produce undefined behavior when used concurrently under the same storage key. @ http://localhost:3000/_next/static/chunks/node_modules_next_dist_f3530cac._.js:2297
[    1034ms] [ERROR] ./apps/web/components/calendar/providers/YjsTripProvider.tsx:13:1
Module not found: Can't resolve '@supabase-labs/y-supabase'
  11 | } from 'react'
  12 | import * as Y from 'yjs'
> 13 | import { SupabaseProvider } from '@supabase-labs/y-supabase'
     | ^^^^^^^^^^^^^^^^^^^^^^^^^^^^^^^^^^^^^^^^^^^^^^^^^^^^^^^^^^^^
  14 | import { supabase } from '@travyl/shared'
  15 |
  16 | interface YjsTripContextValue {

Import traces:
  Client Component Browser:
    ./apps/web/components/calendar/providers/YjsTripProvider.tsx [Client Component Browser]
    ./apps/web/app/(trips-app)/trip/[id]/calendar/page.tsx [Client Component Browser]
    ./apps/web/app/(trips-app)/trip/[id]/calendar/page.tsx [Server Component]

  Client Component SSR:
    ./apps/web/components/calendar/providers/YjsTripProvider.tsx [Client Component SSR]
    ./apps/web/app/(trips-app)/trip/[id]/calendar/page.tsx [Client Component SSR]
    ./apps/web/app/(trips-app)/trip/[id]/calendar/page.tsx [Server Component]

https://nextjs.org/docs/messages/module-not-found @ http://localhost:3000/_next/static/chunks/node_modules_next_dist_f3530cac._.js:3127
[    1162ms] [ERROR] ./apps/web/components/calendar/providers/YjsTripProvider.tsx:13:1
Module not found: Can't resolve '@supabase-labs/y-supabase'
  11 | } from 'react'
  12 | import * as Y from 'yjs'
> 13 | import { SupabaseProvider } from '@supabase-labs/y-supabase'
     | ^^^^^^^^^^^^^^^^^^^^^^^^^^^^^^^^^^^^^^^^^^^^^^^^^^^^^^^^^^^^
  14 | import { supabase } from '@travyl/shared'
  15 |
  16 | interface YjsTripContextValue {

Import traces:
  Client Component Browser:
    ./apps/web/components/calendar/providers/YjsTripProvider.tsx [Client Component Browser]
    ./apps/web/app/(trips-app)/trip/[id]/calendar/page.tsx [Client Component Browser]
    ./apps/web/app/(trips-app)/trip/[id]/calendar/page.tsx [Server Component]

  Client Component SSR:
    ./apps/web/components/calendar/providers/YjsTripProvider.tsx [Client Component SSR]
    ./apps/web/app/(trips-app)/trip/[id]/calendar/page.tsx [Client Component SSR]
    ./apps/web/app/(trips-app)/trip/[id]/calendar/page.tsx [Server Component]

https://nextjs.org/docs/messages/module-not-found @ http://localhost:3000/_next/static/chunks/node_modules_next_dist_f3530cac._.js:3127
[    1219ms] [ERROR] ./apps/web/components/calendar/providers/YjsTripProvider.tsx:13:1
Module not found: Can't resolve '@supabase-labs/y-supabase'
  11 | } from 'react'
  12 | import * as Y from 'yjs'
> 13 | import { SupabaseProvider } from '@supabase-labs/y-supabase'
     | ^^^^^^^^^^^^^^^^^^^^^^^^^^^^^^^^^^^^^^^^^^^^^^^^^^^^^^^^^^^^
  14 | import { supabase } from '@travyl/shared'
  15 |
  16 | interface YjsTripContextValue {

Import traces:
  Client Component Browser:
    ./apps/web/components/calendar/providers/YjsTripProvider.tsx [Client Component Browser]
    ./apps/web/app/(trips-app)/trip/[id]/calendar/page.tsx [Client Component Browser]
    ./apps/web/app/(trips-app)/trip/[id]/calendar/page.tsx [Server Component]

  Client Component SSR:
    ./apps/web/components/calendar/providers/YjsTripProvider.tsx [Client Component SSR]
    ./apps/web/app/(trips-app)/trip/[id]/calendar/page.tsx [Client Component SSR]
    ./apps/web/app/(trips-app)/trip/[id]/calendar/page.tsx [Server Component]

https://nextjs.org/docs/messages/module-not-found @ http://localhost:3000/_next/static/chunks/node_modules_next_dist_f3530cac._.js:3127
[    1228ms] [ERROR] Failed to load resource: the server responded with a status of 500 (Internal Server Error) @ http://localhost:3000/api/exchange-rates?base=USD:0
[    1229ms] [ERROR] Failed to load resource: the server responded with a status of 500 (Internal Server Error) @ http://localhost:3000/api/quote?tag=travel:0
[    1648ms] [ERROR] Failed to load resource: the server responded with a status of 404 () @ https://mfhcdxnzzxuyfkcptoyh.supabase.co/rest/v1/itinerary_days?select=*%2Cactivities%28*%29&trip_id=eq.4de759a8-f7c2-400d-b656-b982bc838d4f&order=day_number.asc:0
[    2557ms] [ERROR] ./apps/web/components/calendar/providers/YjsTripProvider.tsx:13:1
Module not found: Can't resolve '@supabase-labs/y-supabase'
  11 | } from 'react'
  12 | import * as Y from 'yjs'
> 13 | import { SupabaseProvider } from '@supabase-labs/y-supabase'
     | ^^^^^^^^^^^^^^^^^^^^^^^^^^^^^^^^^^^^^^^^^^^^^^^^^^^^^^^^^^^^
  14 | import { supabase } from '@travyl/shared'
  15 |
  16 | interface YjsTripContextValue {

Import traces:
  Client Component Browser:
    ./apps/web/components/calendar/providers/YjsTripProvider.tsx [Client Component Browser]
    ./apps/web/app/(trips-app)/trip/[id]/calendar/page.tsx [Client Component Browser]
    ./apps/web/app/(trips-app)/trip/[id]/calendar/page.tsx [Server Component]

  Client Component SSR:
    ./apps/web/components/calendar/providers/YjsTripProvider.tsx [Client Component SSR]
    ./apps/web/app/(trips-app)/trip/[id]/calendar/page.tsx [Client Component SSR]
    ./apps/web/app/(trips-app)/trip/[id]/calendar/page.tsx [Server Component]

https://nextjs.org/docs/messages/module-not-found @ http://localhost:3000/_next/static/chunks/node_modules_next_dist_f3530cac._.js:3127
[    2558ms] [ERROR] ./apps/web/components/calendar/providers/YjsTripProvider.tsx:13:1
Module not found: Can't resolve '@supabase-labs/y-supabase'
  11 | } from 'react'
  12 | import * as Y from 'yjs'
> 13 | import { SupabaseProvider } from '@supabase-labs/y-supabase'
     | ^^^^^^^^^^^^^^^^^^^^^^^^^^^^^^^^^^^^^^^^^^^^^^^^^^^^^^^^^^^^
  14 | import { supabase } from '@travyl/shared'
  15 |
  16 | interface YjsTripContextValue {

Import traces:
  Client Component Browser:
    ./apps/web/components/calendar/providers/YjsTripProvider.tsx [Client Component Browser]
    ./apps/web/app/(trips-app)/trip/[id]/calendar/page.tsx [Client Component Browser]
    ./apps/web/app/(trips-app)/trip/[id]/calendar/page.tsx [Server Component]

  Client Component SSR:
    ./apps/web/components/calendar/providers/YjsTripProvider.tsx [Client Component SSR]
    ./apps/web/app/(trips-app)/trip/[id]/calendar/page.tsx [Client Component SSR]
    ./apps/web/app/(trips-app)/trip/[id]/calendar/page.tsx [Server Component]

https://nextjs.org/docs/messages/module-not-found @ http://localhost:3000/_next/static/chunks/node_modules_next_dist_f3530cac._.js:3127
[    2558ms] [ERROR] ./apps/web/components/calendar/providers/YjsTripProvider.tsx:13:1
Module not found: Can't resolve '@supabase-labs/y-supabase'
  11 | } from 'react'
  12 | import * as Y from 'yjs'
> 13 | import { SupabaseProvider } from '@supabase-labs/y-supabase'
     | ^^^^^^^^^^^^^^^^^^^^^^^^^^^^^^^^^^^^^^^^^^^^^^^^^^^^^^^^^^^^
  14 | import { supabase } from '@travyl/shared'
  15 |
  16 | interface YjsTripContextValue {

Import traces:
  Client Component Browser:
    ./apps/web/components/calendar/providers/YjsTripProvider.tsx [Client Component Browser]
    ./apps/web/app/(trips-app)/trip/[id]/calendar/page.tsx [Client Component Browser]
    ./apps/web/app/(trips-app)/trip/[id]/calendar/page.tsx [Server Component]

  Client Component SSR:
    ./apps/web/components/calendar/providers/YjsTripProvider.tsx [Client Component SSR]
    ./apps/web/app/(trips-app)/trip/[id]/calendar/page.tsx [Client Component SSR]
    ./apps/web/app/(trips-app)/trip/[id]/calendar/page.tsx [Server Component]

https://nextjs.org/docs/messages/module-not-found @ http://localhost:3000/_next/static/chunks/node_modules_next_dist_f3530cac._.js:3127
[    2559ms] [ERROR] ./apps/web/components/calendar/providers/YjsTripProvider.tsx:13:1
Module not found: Can't resolve '@supabase-labs/y-supabase'
  11 | } from 'react'
  12 | import * as Y from 'yjs'
> 13 | import { SupabaseProvider } from '@supabase-labs/y-supabase'
     | ^^^^^^^^^^^^^^^^^^^^^^^^^^^^^^^^^^^^^^^^^^^^^^^^^^^^^^^^^^^^
  14 | import { supabase } from '@travyl/shared'
  15 |
  16 | interface YjsTripContextValue {

Import traces:
  Client Component Browser:
    ./apps/web/components/calendar/providers/YjsTripProvider.tsx [Client Component Browser]
    ./apps/web/app/(trips-app)/trip/[id]/calendar/page.tsx [Client Component Browser]
    ./apps/web/app/(trips-app)/trip/[id]/calendar/page.tsx [Server Component]

  Client Component SSR:
    ./apps/web/components/calendar/providers/YjsTripProvider.tsx [Client Component SSR]
    ./apps/web/app/(trips-app)/trip/[id]/calendar/page.tsx [Client Component SSR]
    ./apps/web/app/(trips-app)/trip/[id]/calendar/page.tsx [Server Component]

https://nextjs.org/docs/messages/module-not-found @ http://localhost:3000/_next/static/chunks/node_modules_next_dist_f3530cac._.js:3127
[    2735ms] [ERROR] ./apps/web/components/calendar/providers/YjsTripProvider.tsx:13:1
Module not found: Can't resolve '@supabase-labs/y-supabase'
  11 | } from 'react'
  12 | import * as Y from 'yjs'
> 13 | import { SupabaseProvider } from '@supabase-labs/y-supabase'
     | ^^^^^^^^^^^^^^^^^^^^^^^^^^^^^^^^^^^^^^^^^^^^^^^^^^^^^^^^^^^^
  14 | import { supabase } from '@travyl/shared'
  15 |
  16 | interface YjsTripContextValue {

Import traces:
  Client Component Browser:
    ./apps/web/components/calendar/providers/YjsTripProvider.tsx [Client Component Browser]
    ./apps/web/app/(trips-app)/trip/[id]/calendar/page.tsx [Client Component Browser]
    ./apps/web/app/(trips-app)/trip/[id]/calendar/page.tsx [Server Component]

  Client Component SSR:
    ./apps/web/components/calendar/providers/YjsTripProvider.tsx [Client Component SSR]
    ./apps/web/app/(trips-app)/trip/[id]/calendar/page.tsx [Client Component SSR]
    ./apps/web/app/(trips-app)/trip/[id]/calendar/page.tsx [Server Component]

https://nextjs.org/docs/messages/module-not-found @ http://localhost:3000/_next/static/chunks/node_modules_next_dist_f3530cac._.js:3127
[    2736ms] [ERROR] Failed to load resource: the server responded with a status of 500 (Internal Server Error) @ http://localhost:3000/api/places?lat=41.3825802&lng=2.177073&category=cafe&limit=4:0
[    2736ms] [ERROR] Failed to load resource: the server responded with a status of 500 (Internal Server Error) @ http://localhost:3000/api/places?lat=41.3825802&lng=2.177073&category=sightseeing&limit=4:0
[    2736ms] [ERROR] Failed to load resource: the server responded with a status of 500 (Internal Server Error) @ http://localhost:3000/api/places?lat=41.3825802&lng=2.177073&category=restaurant&limit=4:0
[    2736ms] [ERROR] Failed to load resource: the server responded with a status of 500 (Internal Server Error) @ http://localhost:3000/api/places?lat=41.3825802&lng=2.177073&category=museum&limit=4:0
[    2736ms] [ERROR] Failed to load resource: the server responded with a status of 500 (Internal Server Error) @ http://localhost:3000/api/places?lat=41.3825802&lng=2.177073&category=park&limit=4:0
[    2742ms] [ERROR] Failed to load resource: the server responded with a status of 500 (Internal Server Error) @ http://localhost:3000/api/places?lat=41.3825802&lng=2.177073&category=shopping&limit=4:0
[    2762ms] [ERROR] Failed to load resource: the server responded with a status of 500 (Internal Server Error) @ http://localhost:3000/api/exchange-rates?base=USD:0
[    2762ms] [ERROR] Failed to load resource: the server responded with a status of 500 (Internal Server Error) @ http://localhost:3000/api/events?lat=41.3825802&lng=2.177073&limit=10:0
[    2782ms] [ERROR] ./apps/web/components/calendar/providers/YjsTripProvider.tsx:13:1
Module not found: Can't resolve '@supabase-labs/y-supabase'
  11 | } from 'react'
  12 | import * as Y from 'yjs'
> 13 | import { SupabaseProvider } from '@supabase-labs/y-supabase'
     | ^^^^^^^^^^^^^^^^^^^^^^^^^^^^^^^^^^^^^^^^^^^^^^^^^^^^^^^^^^^^
  14 | import { supabase } from '@travyl/shared'
  15 |
  16 | interface YjsTripContextValue {

Import traces:
  Client Component Browser:
    ./apps/web/components/calendar/providers/YjsTripProvider.tsx [Client Component Browser]
    ./apps/web/app/(trips-app)/trip/[id]/calendar/page.tsx [Client Component Browser]
    ./apps/web/app/(trips-app)/trip/[id]/calendar/page.tsx [Server Component]

  Client Component SSR:
    ./apps/web/components/calendar/providers/YjsTripProvider.tsx [Client Component SSR]
    ./apps/web/app/(trips-app)/trip/[id]/calendar/page.tsx [Client Component SSR]
    ./apps/web/app/(trips-app)/trip/[id]/calendar/page.tsx [Server Component]

https://nextjs.org/docs/messages/module-not-found @ http://localhost:3000/_next/static/chunks/node_modules_next_dist_f3530cac._.js:3127
[   57743ms] [WARNING] [Fast Refresh] performing full reload

Fast Refresh will perform a full reload when you edit a file that's imported by modules outside of the React rendering tree.
You might have a file which exports a React component but also exports a value that is imported by a non-React component file.
Consider migrating the non-React component export to a separate file and importing it into both files.

It is also possible the parent component of the component you edited is a class component, which disables Fast Refresh.
Fast Refresh requires at least one parent function component in your React tree. @ http://localhost:3000/_next/static/chunks/node_modules_next_dist_f3530cac._.js:2297
[   58427ms] [WARNING] GoTrueClient@sb-mfhcdxnzzxuyfkcptoyh-auth-token:1 (2.100.0) 2026-03-26T21:12:50.263Z Multiple GoTrueClient instances detected in the same browser context. It is not an error, but this should be avoided as it may produce undefined behavior when used concurrently under the same storage key. @ http://localhost:3000/_next/static/chunks/node_modules_next_dist_f3530cac._.js:2297
[   59182ms] [ERROR] Failed to load resource: the server responded with a status of 404 () @ https://mfhcdxnzzxuyfkcptoyh.supabase.co/rest/v1/itinerary_days?select=*%2Cactivities%28*%29&trip_id=eq.4de759a8-f7c2-400d-b656-b982bc838d4f&order=day_number.asc:0
