[     296ms] [WARNING] Caught a recoverable error. The site is still functional, but might have some UI flickering or degraded page load performance. If you are the author of this website, update external components and check recently added custom code or code overrides to fix the following server/client mismatches:
 Error: Minified React error #421; visit https://reactjs.org/docs/error-decoder.html?invariant=421 for the full message or use the non-minified dev environment for full errors and additional helpful warnings.
    at ns (https://framerusercontent.com/sites/3Ogwtk4ppZqN0tp5HgJoby/react.CXJ6rYzl.mjs:8:9242)
    at $o (https://framerusercontent.com/sites/3Ogwtk4ppZqN0tp5HgJoby/react.CXJ6rYzl.mjs:8:7196)
    at cp (https://framerusercontent.com/sites/3Ogwtk4ppZqN0tp5HgJoby/react.CXJ6rYzl.mjs:8:68482)
    at $s (https://framerusercontent.com/sites/3Ogwtk4ppZqN0tp5HgJoby/react.CXJ6rYzl.mjs:8:37073)
    at Zs (https://framerusercontent.com/sites/3Ogwtk4ppZqN0tp5HgJoby/react.CXJ6rYzl.mjs:8:37004)
    at Xs (https://framerusercontent.com/sites/3Ogwtk4ppZqN0tp5HgJoby/react.CXJ6rYzl.mjs:8:36864)
    at Hs (https://framerusercontent.com/sites/3Ogwtk4ppZqN0tp5HgJoby/react.CXJ6rYzl.mjs:8:34051)
    at ra (https://framerusercontent.com/sites/3Ogwtk4ppZqN0tp5HgJoby/react.CXJ6rYzl.mjs:6:2685)
    at nc (https://framerusercontent.com/sites/3Ogwtk4ppZqN0tp5HgJoby/react.CXJ6rYzl.mjs:8:38545)
    at tc (https://framerusercontent.com/sites/3Ogwtk4ppZqN0tp5HgJoby/react.CXJ6rYzl.mjs:8:37545) null @ https://framerusercontent.com/sites/3Ogwtk4ppZqN0tp5HgJoby/script_main.J4bVUE-W.mjs:0
[     296ms] [WARNING] Caught a recoverable error. The site is still functional, but might have some UI flickering or degraded page load performance. If you are the author of this website, update external components and check recently added custom code or code overrides to fix the following server/client mismatches:
 Error: Minified React error #421; visit https://reactjs.org/docs/error-decoder.html?invariant=421 for the full message or use the non-minified dev environment for full errors and additional helpful warnings.
    at ns (https://framerusercontent.com/sites/3Ogwtk4ppZqN0tp5HgJoby/react.CXJ6rYzl.mjs:8:9242)
    at $o (https://framerusercontent.com/sites/3Ogwtk4ppZqN0tp5HgJoby/react.CXJ6rYzl.mjs:8:7196)
    at cp (https://framerusercontent.com/sites/3Ogwtk4ppZqN0tp5HgJoby/react.CXJ6rYzl.mjs:8:68482)
    at $s (https://framerusercontent.com/sites/3Ogwtk4ppZqN0tp5HgJoby/react.CXJ6rYzl.mjs:8:37073)
    at Zs (https://framerusercontent.com/sites/3Ogwtk4ppZqN0tp5HgJoby/react.CXJ6rYzl.mjs:8:37004)
    at Xs (https://framerusercontent.com/sites/3Ogwtk4ppZqN0tp5HgJoby/react.CXJ6rYzl.mjs:8:36864)
    at Hs (https://framerusercontent.com/sites/3Ogwtk4ppZqN0tp5HgJoby/react.CXJ6rYzl.mjs:8:34051)
    at ra (https://framerusercontent.com/sites/3Ogwtk4ppZqN0tp5HgJoby/react.CXJ6rYzl.mjs:6:2685)
    at nc (https://framerusercontent.com/sites/3Ogwtk4ppZqN0tp5HgJoby/react.CXJ6rYzl.mjs:8:38545)
    at tc (https://framerusercontent.com/sites/3Ogwtk4ppZqN0tp5HgJoby/react.CXJ6rYzl.mjs:8:37545) null @ https://framerusercontent.com/sites/3Ogwtk4ppZqN0tp5HgJoby/script_main.J4bVUE-W.mjs:0
[     296ms] [WARNING] Caught a recoverable error. The site is still functional, but might have some UI flickering or degraded page load performance. If you are the author of this website, update external components and check recently added custom code or code overrides to fix the following server/client mismatches:
 Error: Minified React error #421; visit https://reactjs.org/docs/error-decoder.html?invariant=421 for the full message or use the non-minified dev environment for full errors and additional helpful warnings.
    at ns (https://framerusercontent.com/sites/3Ogwtk4ppZqN0tp5HgJoby/react.CXJ6rYzl.mjs:8:9242)
    at $o (https://framerusercontent.com/sites/3Ogwtk4ppZqN0tp5HgJoby/react.CXJ6rYzl.mjs:8:7196)
    at cp (https://framerusercontent.com/sites/3Ogwtk4ppZqN0tp5HgJoby/react.CXJ6rYzl.mjs:8:68482)
    at $s (https://framerusercontent.com/sites/3Ogwtk4ppZqN0tp5HgJoby/react.CXJ6rYzl.mjs:8:37073)
    at Zs (https://framerusercontent.com/sites/3Ogwtk4ppZqN0tp5HgJoby/react.CXJ6rYzl.mjs:8:37004)
    at Xs (https://framerusercontent.com/sites/3Ogwtk4ppZqN0tp5HgJoby/react.CXJ6rYzl.mjs:8:36864)
    at Hs (https://framerusercontent.com/sites/3Ogwtk4ppZqN0tp5HgJoby/react.CXJ6rYzl.mjs:8:34051)
    at ra (https://framerusercontent.com/sites/3Ogwtk4ppZqN0tp5HgJoby/react.CXJ6rYzl.mjs:6:2685)
    at nc (https://framerusercontent.com/sites/3Ogwtk4ppZqN0tp5HgJoby/react.CXJ6rYzl.mjs:8:38545)
    at tc (https://framerusercontent.com/sites/3Ogwtk4ppZqN0tp5HgJoby/react.CXJ6rYzl.mjs:8:37545) null @ https://framerusercontent.com/sites/3Ogwtk4ppZqN0tp5HgJoby/script_main.J4bVUE-W.mjs:0
[     297ms] [WARNING] Caught a recoverable error. The site is still functional, but might have some UI flickering or degraded page load performance. If you are the author of this website, update external components and check recently added custom code or code overrides to fix the following server/client mismatches:
 Error: Minified React error #421; visit https://reactjs.org/docs/error-decoder.html?invariant=421 for the full message or use the non-minified dev environment for full errors and additional helpful warnings.
    at ns (https://framerusercontent.com/sites/3Ogwtk4ppZqN0tp5HgJoby/react.CXJ6rYzl.mjs:8:9242)
    at $o (https://framerusercontent.com/sites/3Ogwtk4ppZqN0tp5HgJoby/react.CXJ6rYzl.mjs:8:7196)
    at cp (https://framerusercontent.com/sites/3Ogwtk4ppZqN0tp5HgJoby/react.CXJ6rYzl.mjs:8:68482)
    at $s (https://framerusercontent.com/sites/3Ogwtk4ppZqN0tp5HgJoby/react.CXJ6rYzl.mjs:8:37073)
    at Zs (https://framerusercontent.com/sites/3Ogwtk4ppZqN0tp5HgJoby/react.CXJ6rYzl.mjs:8:37004)
    at Xs (https://framerusercontent.com/sites/3Ogwtk4ppZqN0tp5HgJoby/react.CXJ6rYzl.mjs:8:36864)
    at Hs (https://framerusercontent.com/sites/3Ogwtk4ppZqN0tp5HgJoby/react.CXJ6rYzl.mjs:8:34051)
    at ra (https://framerusercontent.com/sites/3Ogwtk4ppZqN0tp5HgJoby/react.CXJ6rYzl.mjs:6:2685)
    at nc (https://framerusercontent.com/sites/3Ogwtk4ppZqN0tp5HgJoby/react.CXJ6rYzl.mjs:8:38545)
    at tc (https://framerusercontent.com/sites/3Ogwtk4ppZqN0tp5HgJoby/react.CXJ6rYzl.mjs:8:37545) null @ https://framerusercontent.com/sites/3Ogwtk4ppZqN0tp5HgJoby/script_main.J4bVUE-W.mjs:0
[     297ms] [WARNING] Caught a recoverable error. The site is still functional, but might have some UI flickering or degraded page load performance. If you are the author of this website, update external components and check recently added custom code or code overrides to fix the following server/client mismatches:
 Error: Minified React error #421; visit https://reactjs.org/docs/error-decoder.html?invariant=421 for the full message or use the non-minified dev environment for full errors and additional helpful warnings.
    at ns (https://framerusercontent.com/sites/3Ogwtk4ppZqN0tp5HgJoby/react.CXJ6rYzl.mjs:8:9242)
    at $o (https://framerusercontent.com/sites/3Ogwtk4ppZqN0tp5HgJoby/react.CXJ6rYzl.mjs:8:7196)
    at cp (https://framerusercontent.com/sites/3Ogwtk4ppZqN0tp5HgJoby/react.CXJ6rYzl.mjs:8:68482)
    at $s (https://framerusercontent.com/sites/3Ogwtk4ppZqN0tp5HgJoby/react.CXJ6rYzl.mjs:8:37073)
    at Zs (https://framerusercontent.com/sites/3Ogwtk4ppZqN0tp5HgJoby/react.CXJ6rYzl.mjs:8:37004)
    at Xs (https://framerusercontent.com/sites/3Ogwtk4ppZqN0tp5HgJoby/react.CXJ6rYzl.mjs:8:36864)
    at Hs (https://framerusercontent.com/sites/3Ogwtk4ppZqN0tp5HgJoby/react.CXJ6rYzl.mjs:8:34051)
    at ra (https://framerusercontent.com/sites/3Ogwtk4ppZqN0tp5HgJoby/react.CXJ6rYzl.mjs:6:2685)
    at nc (https://framerusercontent.com/sites/3Ogwtk4ppZqN0tp5HgJoby/react.CXJ6rYzl.mjs:8:38545)
    at tc (https://framerusercontent.com/sites/3Ogwtk4ppZqN0tp5HgJoby/react.CXJ6rYzl.mjs:8:37545) null @ https://framerusercontent.com/sites/3Ogwtk4ppZqN0tp5HgJoby/script_main.J4bVUE-W.mjs:0
[     309ms] [WARNING] Caught a recoverable error. The site is still functional, but might have some UI flickering or degraded page load performance. If you are the author of this website, update external components and check recently added custom code or code overrides to fix the following server/client mismatches:
 Error: Minified React error #421; visit https://reactjs.org/docs/error-decoder.html?invariant=421 for the full message or use the non-minified dev environment for full errors and additional helpful warnings.
    at ns (https://framerusercontent.com/sites/3Ogwtk4ppZqN0tp5HgJoby/react.CXJ6rYzl.mjs:8:9242)
    at $o (https://framerusercontent.com/sites/3Ogwtk4ppZqN0tp5HgJoby/react.CXJ6rYzl.mjs:8:7196)
    at cp (https://framerusercontent.com/sites/3Ogwtk4ppZqN0tp5HgJoby/react.CXJ6rYzl.mjs:8:68482)
    at $s (https://framerusercontent.com/sites/3Ogwtk4ppZqN0tp5HgJoby/react.CXJ6rYzl.mjs:8:37073)
    at Zs (https://framerusercontent.com/sites/3Ogwtk4ppZqN0tp5HgJoby/react.CXJ6rYzl.mjs:8:37004)
    at Xs (https://framerusercontent.com/sites/3Ogwtk4ppZqN0tp5HgJoby/react.CXJ6rYzl.mjs:8:36864)
    at Hs (https://framerusercontent.com/sites/3Ogwtk4ppZqN0tp5HgJoby/react.CXJ6rYzl.mjs:8:34051)
    at ra (https://framerusercontent.com/sites/3Ogwtk4ppZqN0tp5HgJoby/react.CXJ6rYzl.mjs:6:2685)
    at nc (https://framerusercontent.com/sites/3Ogwtk4ppZqN0tp5HgJoby/react.CXJ6rYzl.mjs:8:38545)
    at tc (https://framerusercontent.com/sites/3Ogwtk4ppZqN0tp5HgJoby/react.CXJ6rYzl.mjs:8:37545) null @ https://framerusercontent.com/sites/3Ogwtk4ppZqN0tp5HgJoby/script_main.J4bVUE-W.mjs:0
[     309ms] [WARNING] Caught a recoverable error. The site is still functional, but might have some UI flickering or degraded page load performance. If you are the author of this website, update external components and check recently added custom code or code overrides to fix the following server/client mismatches:
 Error: Minified React error #421; visit https://reactjs.org/docs/error-decoder.html?invariant=421 for the full message or use the non-minified dev environment for full errors and additional helpful warnings.
    at ns (https://framerusercontent.com/sites/3Ogwtk4ppZqN0tp5HgJoby/react.CXJ6rYzl.mjs:8:9242)
    at $o (https://framerusercontent.com/sites/3Ogwtk4ppZqN0tp5HgJoby/react.CXJ6rYzl.mjs:8:7196)
    at cp (https://framerusercontent.com/sites/3Ogwtk4ppZqN0tp5HgJoby/react.CXJ6rYzl.mjs:8:68482)
    at $s (https://framerusercontent.com/sites/3Ogwtk4ppZqN0tp5HgJoby/react.CXJ6rYzl.mjs:8:37073)
    at Zs (https://framerusercontent.com/sites/3Ogwtk4ppZqN0tp5HgJoby/react.CXJ6rYzl.mjs:8:37004)
    at Xs (https://framerusercontent.com/sites/3Ogwtk4ppZqN0tp5HgJoby/react.CXJ6rYzl.mjs:8:36864)
    at Hs (https://framerusercontent.com/sites/3Ogwtk4ppZqN0tp5HgJoby/react.CXJ6rYzl.mjs:8:34051)
    at ra (https://framerusercontent.com/sites/3Ogwtk4ppZqN0tp5HgJoby/react.CXJ6rYzl.mjs:6:2685)
    at nc (https://framerusercontent.com/sites/3Ogwtk4ppZqN0tp5HgJoby/react.CXJ6rYzl.mjs:8:38545)
    at tc (https://framerusercontent.com/sites/3Ogwtk4ppZqN0tp5HgJoby/react.CXJ6rYzl.mjs:8:37545) null @ https://framerusercontent.com/sites/3Ogwtk4ppZqN0tp5HgJoby/script_main.J4bVUE-W.mjs:0
[     309ms] [WARNING] Caught a recoverable error. The site is still functional, but might have some UI flickering or degraded page load performance. If you are the author of this website, update external components and check recently added custom code or code overrides to fix the following server/client mismatches:
 Error: Minified React error #421; visit https://reactjs.org/docs/error-decoder.html?invariant=421 for the full message or use the non-minified dev environment for full errors and additional helpful warnings.
    at ns (https://framerusercontent.com/sites/3Ogwtk4ppZqN0tp5HgJoby/react.CXJ6rYzl.mjs:8:9242)
    at $o (https://framerusercontent.com/sites/3Ogwtk4ppZqN0tp5HgJoby/react.CXJ6rYzl.mjs:8:7196)
    at cp (https://framerusercontent.com/sites/3Ogwtk4ppZqN0tp5HgJoby/react.CXJ6rYzl.mjs:8:68482)
    at $s (https://framerusercontent.com/sites/3Ogwtk4ppZqN0tp5HgJoby/react.CXJ6rYzl.mjs:8:37073)
    at Zs (https://framerusercontent.com/sites/3Ogwtk4ppZqN0tp5HgJoby/react.CXJ6rYzl.mjs:8:37004)
    at Xs (https://framerusercontent.com/sites/3Ogwtk4ppZqN0tp5HgJoby/react.CXJ6rYzl.mjs:8:36864)
    at Hs (https://framerusercontent.com/sites/3Ogwtk4ppZqN0tp5HgJoby/react.CXJ6rYzl.mjs:8:34051)
    at ra (https://framerusercontent.com/sites/3Ogwtk4ppZqN0tp5HgJoby/react.CXJ6rYzl.mjs:6:2685)
    at nc (https://framerusercontent.com/sites/3Ogwtk4ppZqN0tp5HgJoby/react.CXJ6rYzl.mjs:8:38545)
    at tc (https://framerusercontent.com/sites/3Ogwtk4ppZqN0tp5HgJoby/react.CXJ6rYzl.mjs:8:37545) null @ https://framerusercontent.com/sites/3Ogwtk4ppZqN0tp5HgJoby/script_main.J4bVUE-W.mjs:0
