[     906ms] [WARNING] GoTrueClient@sb-mfhcdxnzzxuyfkcptoyh-auth-token:1 (2.98.0) 2026-03-25T02:19:56.675Z Multiple GoTrueClient instances detected in the same browser context. It is not an error, but this should be avoided as it may produce undefined behavior when used concurrently under the same storage key. @ http://localhost:3000/_next/static/chunks/node_modules_next_dist_f3530cac._.js:2297
[    1506ms] [ERROR] Failed to load resource: the server responded with a status of 404 () @ https://mfhcdxnzzxuyfkcptoyh.supabase.co/rest/v1/itinerary_days?select=*%2Cactivities%28*%29&trip_id=eq.d72ed569-039a-45cd-9c50-b2f1d55d2496&order=day_number.asc:0
[    1507ms] [ERROR] Failed to load resource: the server responded with a status of 404 () @ https://mfhcdxnzzxuyfkcptoyh.supabase.co/rest/v1/flights?select=*&trip_id=eq.d72ed569-039a-45cd-9c50-b2f1d55d2496&order=created_at.asc:0
[    1522ms] [ERROR] Failed to load resource: the server responded with a status of 404 () @ https://mfhcdxnzzxuyfkcptoyh.supabase.co/rest/v1/hotels?select=*&trip_id=eq.d72ed569-039a-45cd-9c50-b2f1d55d2496&order=created_at.asc:0
[  470698ms] [WARNING] GoTrueClient@sb-mfhcdxnzzxuyfkcptoyh-auth-token:1 (2.98.0) 2026-03-25T02:27:46.469Z Multiple GoTrueClient instances detected in the same browser context. It is not an error, but this should be avoided as it may produce undefined behavior when used concurrently under the same storage key. @ http://localhost:3000/_next/static/chunks/node_modules_next_dist_f3530cac._.js:2297
[  471005ms] [ERROR] Failed to load resource: the server responded with a status of 404 () @ https://mfhcdxnzzxuyfkcptoyh.supabase.co/rest/v1/itinerary_days?select=*%2Cactivities%28*%29&trip_id=eq.d72ed569-039a-45cd-9c50-b2f1d55d2496&order=day_number.asc:0
[  471029ms] [ERROR] Failed to load resource: the server responded with a status of 404 () @ https://mfhcdxnzzxuyfkcptoyh.supabase.co/rest/v1/hotels?select=*&trip_id=eq.d72ed569-039a-45cd-9c50-b2f1d55d2496&order=created_at.asc:0
[  471029ms] [ERROR] Failed to load resource: the server responded with a status of 404 () @ https://mfhcdxnzzxuyfkcptoyh.supabase.co/rest/v1/flights?select=*&trip_id=eq.d72ed569-039a-45cd-9c50-b2f1d55d2496&order=created_at.asc:0
[  505481ms] [ERROR] Failed to load resource: the server responded with a status of 404 () @ https://mfhcdxnzzxuyfkcptoyh.supabase.co/rest/v1/itinerary_days?select=*%2Cactivities%28*%29&trip_id=eq.d72ed569-039a-45cd-9c50-b2f1d55d2496&order=day_number.asc:0
[  505521ms] [ERROR] Failed to load resource: the server responded with a status of 404 () @ https://mfhcdxnzzxuyfkcptoyh.supabase.co/rest/v1/flights?select=*&trip_id=eq.d72ed569-039a-45cd-9c50-b2f1d55d2496&order=created_at.asc:0
[  505521ms] [ERROR] Failed to load resource: the server responded with a status of 404 () @ https://mfhcdxnzzxuyfkcptoyh.supabase.co/rest/v1/hotels?select=*&trip_id=eq.d72ed569-039a-45cd-9c50-b2f1d55d2496&order=created_at.asc:0
[  867850ms] [ERROR] Failed to load resource: the server responded with a status of 404 () @ https://mfhcdxnzzxuyfkcptoyh.supabase.co/rest/v1/hotels?select=*&trip_id=eq.d72ed569-039a-45cd-9c50-b2f1d55d2496&order=created_at.asc:0
[  867854ms] [ERROR] Failed to load resource: the server responded with a status of 404 () @ https://mfhcdxnzzxuyfkcptoyh.supabase.co/rest/v1/flights?select=*&trip_id=eq.d72ed569-039a-45cd-9c50-b2f1d55d2496&order=created_at.asc:0
[  867863ms] [ERROR] Failed to load resource: the server responded with a status of 404 () @ https://mfhcdxnzzxuyfkcptoyh.supabase.co/rest/v1/itinerary_days?select=*%2Cactivities%28*%29&trip_id=eq.d72ed569-039a-45cd-9c50-b2f1d55d2496&order=day_number.asc:0
[  923157ms] [ERROR] Failed to load resource: the server responded with a status of 404 () @ https://mfhcdxnzzxuyfkcptoyh.supabase.co/rest/v1/flights?select=*&trip_id=eq.d72ed569-039a-45cd-9c50-b2f1d55d2496&order=created_at.asc:0
[  923174ms] [ERROR] Failed to load resource: the server responded with a status of 404 () @ https://mfhcdxnzzxuyfkcptoyh.supabase.co/rest/v1/itinerary_days?select=*%2Cactivities%28*%29&trip_id=eq.d72ed569-039a-45cd-9c50-b2f1d55d2496&order=day_number.asc:0
[  923214ms] [ERROR] Failed to load resource: the server responded with a status of 404 () @ https://mfhcdxnzzxuyfkcptoyh.supabase.co/rest/v1/hotels?select=*&trip_id=eq.d72ed569-039a-45cd-9c50-b2f1d55d2496&order=created_at.asc:0
[ 1637885ms] [WARNING] GoTrueClient@sb-mfhcdxnzzxuyfkcptoyh-auth-token:1 (2.98.0) 2026-03-25T02:47:13.654Z Multiple GoTrueClient instances detected in the same browser context. It is not an error, but this should be avoided as it may produce undefined behavior when used concurrently under the same storage key. @ http://localhost:3000/_next/static/chunks/node_modules_next_dist_f3530cac._.js:2297
[ 1638847ms] [ERROR] Failed to load resource: the server responded with a status of 404 () @ https://mfhcdxnzzxuyfkcptoyh.supabase.co/rest/v1/itinerary_days?select=*%2Cactivities%28*%29&trip_id=eq.d72ed569-039a-45cd-9c50-b2f1d55d2496&order=day_number.asc:0
[ 1638864ms] [ERROR] Failed to load resource: the server responded with a status of 404 () @ https://mfhcdxnzzxuyfkcptoyh.supabase.co/rest/v1/flights?select=*&trip_id=eq.d72ed569-039a-45cd-9c50-b2f1d55d2496&order=created_at.asc:0
[ 1638868ms] [ERROR] Failed to load resource: the server responded with a status of 404 () @ https://mfhcdxnzzxuyfkcptoyh.supabase.co/rest/v1/hotels?select=*&trip_id=eq.d72ed569-039a-45cd-9c50-b2f1d55d2496&order=created_at.asc:0
[ 1796204ms] [ERROR] Failed to load resource: the server responded with a status of 404 () @ https://mfhcdxnzzxuyfkcptoyh.supabase.co/rest/v1/hotels?select=*&trip_id=eq.d72ed569-039a-45cd-9c50-b2f1d55d2496&order=created_at.asc:0
[ 1796371ms] [ERROR] Failed to load resource: the server responded with a status of 404 () @ https://mfhcdxnzzxuyfkcptoyh.supabase.co/rest/v1/flights?select=*&trip_id=eq.d72ed569-039a-45cd-9c50-b2f1d55d2496&order=created_at.asc:0
[ 1796372ms] [ERROR] Failed to load resource: the server responded with a status of 404 () @ https://mfhcdxnzzxuyfkcptoyh.supabase.co/rest/v1/itinerary_days?select=*%2Cactivities%28*%29&trip_id=eq.d72ed569-039a-45cd-9c50-b2f1d55d2496&order=day_number.asc:0
[ 1809574ms] [ERROR] Failed to load resource: the server responded with a status of 404 () @ https://mfhcdxnzzxuyfkcptoyh.supabase.co/rest/v1/hotels?select=*&trip_id=eq.d72ed569-039a-45cd-9c50-b2f1d55d2496&order=created_at.asc:0
[ 1809580ms] [ERROR] Failed to load resource: the server responded with a status of 404 () @ https://mfhcdxnzzxuyfkcptoyh.supabase.co/rest/v1/flights?select=*&trip_id=eq.d72ed569-039a-45cd-9c50-b2f1d55d2496&order=created_at.asc:0
[ 1809595ms] [ERROR] Failed to load resource: the server responded with a status of 404 () @ https://mfhcdxnzzxuyfkcptoyh.supabase.co/rest/v1/itinerary_days?select=*%2Cactivities%28*%29&trip_id=eq.d72ed569-039a-45cd-9c50-b2f1d55d2496&order=day_number.asc:0
[ 2636573ms] [ERROR] Failed to load resource: the server responded with a status of 404 () @ https://mfhcdxnzzxuyfkcptoyh.supabase.co/rest/v1/flights?select=*&trip_id=eq.d72ed569-039a-45cd-9c50-b2f1d55d2496&order=created_at.asc:0
[ 2636576ms] [ERROR] Failed to load resource: the server responded with a status of 404 () @ https://mfhcdxnzzxuyfkcptoyh.supabase.co/rest/v1/itinerary_days?select=*%2Cactivities%28*%29&trip_id=eq.d72ed569-039a-45cd-9c50-b2f1d55d2496&order=day_number.asc:0
[ 2636616ms] [ERROR] Failed to load resource: the server responded with a status of 404 () @ https://mfhcdxnzzxuyfkcptoyh.supabase.co/rest/v1/hotels?select=*&trip_id=eq.d72ed569-039a-45cd-9c50-b2f1d55d2496&order=created_at.asc:0
[ 2750250ms] [ERROR] Failed to load resource: the server responded with a status of 404 () @ https://mfhcdxnzzxuyfkcptoyh.supabase.co/rest/v1/flights?select=*&trip_id=eq.d72ed569-039a-45cd-9c50-b2f1d55d2496&order=created_at.asc:0
[ 2750256ms] [ERROR] Failed to load resource: the server responded with a status of 404 () @ https://mfhcdxnzzxuyfkcptoyh.supabase.co/rest/v1/itinerary_days?select=*%2Cactivities%28*%29&trip_id=eq.d72ed569-039a-45cd-9c50-b2f1d55d2496&order=day_number.asc:0
[ 2750296ms] [ERROR] Failed to load resource: the server responded with a status of 404 () @ https://mfhcdxnzzxuyfkcptoyh.supabase.co/rest/v1/hotels?select=*&trip_id=eq.d72ed569-039a-45cd-9c50-b2f1d55d2496&order=created_at.asc:0
