[     298ms] [WARNING] GoTrueClient@sb-mfhcdxnzzxuyfkcptoyh-auth-token:1 (2.100.0) 2026-03-26T20:56:26.470Z Multiple GoTrueClient instances detected in the same browser context. It is not an error, but this should be avoided as it may produce undefined behavior when used concurrently under the same storage key. @ http://localhost:3000/_next/static/chunks/node_modules_next_dist_f3530cac._.js:2297
[     572ms] [ERROR] Failed to load resource: the server responded with a status of 404 () @ https://mfhcdxnzzxuyfkcptoyh.supabase.co/rest/v1/itinerary_days?select=*%2Cactivities%28*%29&trip_id=eq.5c9031cd-d302-49fc-a2f6-b83061f5a617&order=day_number.asc:0
[     594ms] [ERROR] Failed to load resource: the server responded with a status of 406 () @ https://mfhcdxnzzxuyfkcptoyh.supabase.co/rest/v1/trips?select=*&id=eq.5c9031cd-d302-49fc-a2f6-b83061f5a617:0
[   18665ms] [WARNING] GoTrueClient@sb-mfhcdxnzzxuyfkcptoyh-auth-token:1 (2.100.0) 2026-03-26T20:56:44.839Z Multiple GoTrueClient instances detected in the same browser context. It is not an error, but this should be avoided as it may produce undefined behavior when used concurrently under the same storage key. @ http://localhost:3000/_next/static/chunks/node_modules_next_dist_f3530cac._.js:2297
[   19634ms] [WARNING] Image with src "https://images.unsplash.com/photo-1656677476420-7159cac2366a?crop=entropy&cs=tinysrgb&fit=max&fm=jpg&ixid=M3w4ODM3MTN8MHwxfHNlYXJjaHwxfHxTYW50b3JpbmklMjBHcmVlY2UlMjB0cmF2ZWx8ZW58MHwwfHx8MTc3NDU1ODAxNXww&ixlib=rb-4.1.0&q=80&w=1080" was detected as the Largest Contentful Paint (LCP). Please add the `loading="eager"` property if this image is above the fold.
Read more: https://nextjs.org/docs/app/api-reference/components/image#loading @ http://localhost:3000/_next/static/chunks/node_modules_next_dist_f3530cac._.js:2297
[   33752ms] [WARNING] GoTrueClient@sb-mfhcdxnzzxuyfkcptoyh-auth-token:1 (2.100.0) 2026-03-26T20:56:59.926Z Multiple GoTrueClient instances detected in the same browser context. It is not an error, but this should be avoided as it may produce undefined behavior when used concurrently under the same storage key. @ http://localhost:3000/_next/static/chunks/node_modules_next_dist_f3530cac._.js:2297
[   33944ms] [ERROR] Failed to load resource: the server responded with a status of 404 () @ https://mfhcdxnzzxuyfkcptoyh.supabase.co/rest/v1/itinerary_days?select=*%2Cactivities%28*%29&trip_id=eq.5c9031cd-d302-49fc-a2f6-b83061f5a617&order=day_number.asc:0
[   33964ms] [ERROR] Failed to load resource: the server responded with a status of 406 () @ https://mfhcdxnzzxuyfkcptoyh.supabase.co/rest/v1/trips?select=*&id=eq.5c9031cd-d302-49fc-a2f6-b83061f5a617:0
[   62194ms] [WARNING] GoTrueClient@sb-mfhcdxnzzxuyfkcptoyh-auth-token:1 (2.100.0) 2026-03-26T20:57:28.369Z Multiple GoTrueClient instances detected in the same browser context. It is not an error, but this should be avoided as it may produce undefined behavior when used concurrently under the same storage key. @ http://localhost:3000/_next/static/chunks/node_modules_next_dist_f3530cac._.js:2297
[   63131ms] [WARNING] Image with src "https://images.unsplash.com/photo-1656677476420-7159cac2366a?crop=entropy&cs=tinysrgb&fit=max&fm=jpg&ixid=M3w4ODM3MTN8MHwxfHNlYXJjaHwxfHxTYW50b3JpbmklMjBHcmVlY2UlMjB0cmF2ZWx8ZW58MHwwfHx8MTc3NDU1ODAxNXww&ixlib=rb-4.1.0&q=80&w=1080" was detected as the Largest Contentful Paint (LCP). Please add the `loading="eager"` property if this image is above the fold.
Read more: https://nextjs.org/docs/app/api-reference/components/image#loading @ http://localhost:3000/_next/static/chunks/node_modules_next_dist_f3530cac._.js:2297
[   71588ms] [WARNING] GoTrueClient@sb-mfhcdxnzzxuyfkcptoyh-auth-token:1 (2.100.0) 2026-03-26T20:57:37.762Z Multiple GoTrueClient instances detected in the same browser context. It is not an error, but this should be avoided as it may produce undefined behavior when used concurrently under the same storage key. @ http://localhost:3000/_next/static/chunks/node_modules_next_dist_f3530cac._.js:2297
[   71802ms] [ERROR] Failed to load resource: the server responded with a status of 404 () @ https://mfhcdxnzzxuyfkcptoyh.supabase.co/rest/v1/itinerary_days?select=*%2Cactivities%28*%29&trip_id=eq.5c9031cd-d302-49fc-a2f6-b83061f5a617&order=day_number.asc:0
[   71826ms] [ERROR] Failed to load resource: the server responded with a status of 406 () @ https://mfhcdxnzzxuyfkcptoyh.supabase.co/rest/v1/trips?select=*&id=eq.5c9031cd-d302-49fc-a2f6-b83061f5a617:0
[   90453ms] [WARNING] GoTrueClient@sb-mfhcdxnzzxuyfkcptoyh-auth-token:1 (2.100.0) 2026-03-26T20:57:56.628Z Multiple GoTrueClient instances detected in the same browser context. It is not an error, but this should be avoided as it may produce undefined behavior when used concurrently under the same storage key. @ http://localhost:3000/_next/static/chunks/node_modules_next_dist_f3530cac._.js:2297
[   90616ms] [ERROR] Failed to load resource: the server responded with a status of 404 () @ https://mfhcdxnzzxuyfkcptoyh.supabase.co/rest/v1/itinerary_days?select=*%2Cactivities%28*%29&trip_id=eq.5c9031cd-d302-49fc-a2f6-b83061f5a617&order=day_number.asc:0
[   90644ms] [ERROR] Failed to load resource: the server responded with a status of 406 () @ https://mfhcdxnzzxuyfkcptoyh.supabase.co/rest/v1/trips?select=*&id=eq.5c9031cd-d302-49fc-a2f6-b83061f5a617:0
[   98607ms] [WARNING] GoTrueClient@sb-mfhcdxnzzxuyfkcptoyh-auth-token:1 (2.100.0) 2026-03-26T20:58:04.782Z Multiple GoTrueClient instances detected in the same browser context. It is not an error, but this should be avoided as it may produce undefined behavior when used concurrently under the same storage key. @ http://localhost:3000/_next/static/chunks/node_modules_next_dist_f3530cac._.js:2297
[   99517ms] [WARNING] Image with src "https://images.unsplash.com/photo-1656677476420-7159cac2366a?crop=entropy&cs=tinysrgb&fit=max&fm=jpg&ixid=M3w4ODM3MTN8MHwxfHNlYXJjaHwxfHxTYW50b3JpbmklMjBHcmVlY2UlMjB0cmF2ZWx8ZW58MHwwfHx8MTc3NDU1ODAxNXww&ixlib=rb-4.1.0&q=80&w=1080" was detected as the Largest Contentful Paint (LCP). Please add the `loading="eager"` property if this image is above the fold.
Read more: https://nextjs.org/docs/app/api-reference/components/image#loading @ http://localhost:3000/_next/static/chunks/node_modules_next_dist_f3530cac._.js:2297
[  101669ms] [WARNING] Image with src "https://images.unsplash.com/photo-1700855190734-c44e417f479d?crop=entropy&cs=tinysrgb&fit=max&fm=jpg&ixid=M3w4ODM3MTN8MHwxfHNlYXJjaHwxfHxSb21lJTIwSXRhbHklMjB0cmF2ZWx8ZW58MHwwfHx8MTc3NDU0NTc5Nnww&ixlib=rb-4.1.0&q=80&w=1080" was detected as the Largest Contentful Paint (LCP). Please add the `loading="eager"` property if this image is above the fold.
Read more: https://nextjs.org/docs/app/api-reference/components/image#loading @ http://localhost:3000/_next/static/chunks/node_modules_next_dist_f3530cac._.js:2297
