[     237ms] [WARNING] GoTrueClient@sb-mfhcdxnzzxuyfkcptoyh-auth-token:1 (2.100.0) 2026-03-26T20:54:46.202Z Multiple GoTrueClient instances detected in the same browser context. It is not an error, but this should be avoided as it may produce undefined behavior when used concurrently under the same storage key. @ http://localhost:3000/_next/static/chunks/node_modules_next_dist_f3530cac._.js:2297
[     403ms] [ERROR] Failed to load resource: the server responded with a status of 406 () @ https://mfhcdxnzzxuyfkcptoyh.supabase.co/rest/v1/trips?select=*&id=eq.5c9031cd-d302-49fc-a2f6-b83061f5a617:0
[     418ms] [ERROR] Failed to load resource: the server responded with a status of 404 () @ https://mfhcdxnzzxuyfkcptoyh.supabase.co/rest/v1/itinerary_days?select=*%2Cactivities%28*%29&trip_id=eq.5c9031cd-d302-49fc-a2f6-b83061f5a617&order=day_number.asc:0
[    1355ms] [WARNING] GoTrueClient@sb-mfhcdxnzzxuyfkcptoyh-auth-token:1 (2.100.0) 2026-03-26T20:54:47.320Z Multiple GoTrueClient instances detected in the same browser context. It is not an error, but this should be avoided as it may produce undefined behavior when used concurrently under the same storage key. @ http://localhost:3000/_next/static/chunks/node_modules_next_dist_f3530cac._.js:2297
[    1510ms] [ERROR] Failed to load resource: the server responded with a status of 406 () @ https://mfhcdxnzzxuyfkcptoyh.supabase.co/rest/v1/trips?select=*&id=eq.5c9031cd-d302-49fc-a2f6-b83061f5a617:0
[    1523ms] [ERROR] Failed to load resource: the server responded with a status of 404 () @ https://mfhcdxnzzxuyfkcptoyh.supabase.co/rest/v1/itinerary_days?select=*%2Cactivities%28*%29&trip_id=eq.5c9031cd-d302-49fc-a2f6-b83061f5a617&order=day_number.asc:0
[    6853ms] [WARNING] GoTrueClient@sb-mfhcdxnzzxuyfkcptoyh-auth-token:1 (2.100.0) 2026-03-26T20:54:52.819Z Multiple GoTrueClient instances detected in the same browser context. It is not an error, but this should be avoided as it may produce undefined behavior when used concurrently under the same storage key. @ http://localhost:3000/_next/static/chunks/node_modules_next_dist_f3530cac._.js:2297
[    7074ms] [ERROR] Failed to load resource: the server responded with a status of 406 () @ https://mfhcdxnzzxuyfkcptoyh.supabase.co/rest/v1/trips?select=*&id=eq.5c9031cd-d302-49fc-a2f6-b83061f5a617:0
[    7074ms] [ERROR] Failed to load resource: the server responded with a status of 404 () @ https://mfhcdxnzzxuyfkcptoyh.supabase.co/rest/v1/itinerary_days?select=*%2Cactivities%28*%29&trip_id=eq.5c9031cd-d302-49fc-a2f6-b83061f5a617&order=day_number.asc:0
[   12927ms] [WARNING] GoTrueClient@sb-mfhcdxnzzxuyfkcptoyh-auth-token:1 (2.100.0) 2026-03-26T20:54:58.892Z Multiple GoTrueClient instances detected in the same browser context. It is not an error, but this should be avoided as it may produce undefined behavior when used concurrently under the same storage key. @ http://localhost:3000/_next/static/chunks/node_modules_next_dist_f3530cac._.js:2297
[   13171ms] [ERROR] Failed to load resource: the server responded with a status of 404 () @ https://mfhcdxnzzxuyfkcptoyh.supabase.co/rest/v1/itinerary_days?select=*%2Cactivities%28*%29&trip_id=eq.5c9031cd-d302-49fc-a2f6-b83061f5a617&order=day_number.asc:0
[   13171ms] [ERROR] Failed to load resource: the server responded with a status of 406 () @ https://mfhcdxnzzxuyfkcptoyh.supabase.co/rest/v1/trips?select=*&id=eq.5c9031cd-d302-49fc-a2f6-b83061f5a617:0
[   13204ms] [ERROR] Failed to load resource: the server responded with a status of 406 () @ https://mfhcdxnzzxuyfkcptoyh.supabase.co/rest/v1/yjs_documents?select=state&room=eq.trip%3A5c9031cd-d302-49fc-a2f6-b83061f5a617:0
[   13395ms] [ERROR] Failed to load resource: the server responded with a status of 401 () @ https://mfhcdxnzzxuyfkcptoyh.supabase.co/rest/v1/yjs_documents?on_conflict=room:0
[   13397ms] [ERROR] Failed to load resource: the server responded with a status of 406 () @ https://mfhcdxnzzxuyfkcptoyh.supabase.co/rest/v1/trips?select=*&id=eq.5c9031cd-d302-49fc-a2f6-b83061f5a617:0
[   18509ms] [WARNING] GoTrueClient@sb-mfhcdxnzzxuyfkcptoyh-auth-token:1 (2.100.0) 2026-03-26T20:55:04.474Z Multiple GoTrueClient instances detected in the same browser context. It is not an error, but this should be avoided as it may produce undefined behavior when used concurrently under the same storage key. @ http://localhost:3000/_next/static/chunks/node_modules_next_dist_f3530cac._.js:2297
[   18703ms] [ERROR] Failed to load resource: the server responded with a status of 406 () @ https://mfhcdxnzzxuyfkcptoyh.supabase.co/rest/v1/trips?select=*&id=eq.5c9031cd-d302-49fc-a2f6-b83061f5a617:0
[   18713ms] [ERROR] Failed to load resource: the server responded with a status of 404 () @ https://mfhcdxnzzxuyfkcptoyh.supabase.co/rest/v1/itinerary_days?select=*%2Cactivities%28*%29&trip_id=eq.5c9031cd-d302-49fc-a2f6-b83061f5a617&order=day_number.asc:0
[   28579ms] [WARNING] GoTrueClient@sb-mfhcdxnzzxuyfkcptoyh-auth-token:1 (2.100.0) 2026-03-26T20:55:14.545Z Multiple GoTrueClient instances detected in the same browser context. It is not an error, but this should be avoided as it may produce undefined behavior when used concurrently under the same storage key. @ http://localhost:3000/_next/static/chunks/node_modules_next_dist_f3530cac._.js:2297
[   28762ms] [ERROR] Failed to load resource: the server responded with a status of 404 () @ https://mfhcdxnzzxuyfkcptoyh.supabase.co/rest/v1/itinerary_days?select=*%2Cactivities%28*%29&trip_id=eq.5c9031cd-d302-49fc-a2f6-b83061f5a617&order=day_number.asc:0
[   28774ms] [ERROR] Failed to load resource: the server responded with a status of 406 () @ https://mfhcdxnzzxuyfkcptoyh.supabase.co/rest/v1/trips?select=*&id=eq.5c9031cd-d302-49fc-a2f6-b83061f5a617:0
[   33150ms] [WARNING] GoTrueClient@sb-mfhcdxnzzxuyfkcptoyh-auth-token:1 (2.100.0) 2026-03-26T20:55:19.116Z Multiple GoTrueClient instances detected in the same browser context. It is not an error, but this should be avoided as it may produce undefined behavior when used concurrently under the same storage key. @ http://localhost:3000/_next/static/chunks/node_modules_next_dist_f3530cac._.js:2297
[   33362ms] [ERROR] Failed to load resource: the server responded with a status of 404 () @ https://mfhcdxnzzxuyfkcptoyh.supabase.co/rest/v1/itinerary_days?select=*%2Cactivities%28*%29&trip_id=eq.5c9031cd-d302-49fc-a2f6-b83061f5a617&order=day_number.asc:0
[   33375ms] [ERROR] Failed to load resource: the server responded with a status of 406 () @ https://mfhcdxnzzxuyfkcptoyh.supabase.co/rest/v1/trips?select=*&id=eq.5c9031cd-d302-49fc-a2f6-b83061f5a617:0
[   37307ms] [WARNING] GoTrueClient@sb-mfhcdxnzzxuyfkcptoyh-auth-token:1 (2.100.0) 2026-03-26T20:55:23.272Z Multiple GoTrueClient instances detected in the same browser context. It is not an error, but this should be avoided as it may produce undefined behavior when used concurrently under the same storage key. @ http://localhost:3000/_next/static/chunks/node_modules_next_dist_f3530cac._.js:2297
[   37718ms] [ERROR] Failed to load resource: the server responded with a status of 404 () @ https://mfhcdxnzzxuyfkcptoyh.supabase.co/rest/v1/itinerary_days?select=*%2Cactivities%28*%29&trip_id=eq.5c9031cd-d302-49fc-a2f6-b83061f5a617&order=day_number.asc:0
[   37728ms] [ERROR] Failed to load resource: the server responded with a status of 406 () @ https://mfhcdxnzzxuyfkcptoyh.supabase.co/rest/v1/trips?select=*&id=eq.5c9031cd-d302-49fc-a2f6-b83061f5a617:0
[   41746ms] [WARNING] GoTrueClient@sb-mfhcdxnzzxuyfkcptoyh-auth-token:1 (2.100.0) 2026-03-26T20:55:27.712Z Multiple GoTrueClient instances detected in the same browser context. It is not an error, but this should be avoided as it may produce undefined behavior when used concurrently under the same storage key. @ http://localhost:3000/_next/static/chunks/node_modules_next_dist_f3530cac._.js:2297
[   41995ms] [ERROR] Failed to load resource: the server responded with a status of 404 () @ https://mfhcdxnzzxuyfkcptoyh.supabase.co/rest/v1/itinerary_days?select=*%2Cactivities%28*%29&trip_id=eq.5c9031cd-d302-49fc-a2f6-b83061f5a617&order=day_number.asc:0
[   42000ms] [ERROR] Failed to load resource: the server responded with a status of 406 () @ https://mfhcdxnzzxuyfkcptoyh.supabase.co/rest/v1/trips?select=*&id=eq.5c9031cd-d302-49fc-a2f6-b83061f5a617:0
[   42030ms] [ERROR] Failed to load resource: the server responded with a status of 406 () @ https://mfhcdxnzzxuyfkcptoyh.supabase.co/rest/v1/yjs_documents?select=state&room=eq.trip%3A5c9031cd-d302-49fc-a2f6-b83061f5a617:0
[   42175ms] [ERROR] Failed to load resource: the server responded with a status of 406 () @ https://mfhcdxnzzxuyfkcptoyh.supabase.co/rest/v1/trips?select=*&id=eq.5c9031cd-d302-49fc-a2f6-b83061f5a617:0
[   42201ms] [ERROR] Failed to load resource: the server responded with a status of 401 () @ https://mfhcdxnzzxuyfkcptoyh.supabase.co/rest/v1/yjs_documents?on_conflict=room:0
[   50592ms] [WARNING] GoTrueClient@sb-mfhcdxnzzxuyfkcptoyh-auth-token:1 (2.100.0) 2026-03-26T20:55:36.557Z Multiple GoTrueClient instances detected in the same browser context. It is not an error, but this should be avoided as it may produce undefined behavior when used concurrently under the same storage key. @ http://localhost:3000/_next/static/chunks/node_modules_next_dist_f3530cac._.js:2297
[   51123ms] [WARNING] GoTrueClient@sb-mfhcdxnzzxuyfkcptoyh-auth-token:1 (2.100.0) 2026-03-26T20:55:37.089Z Multiple GoTrueClient instances detected in the same browser context. It is not an error, but this should be avoided as it may produce undefined behavior when used concurrently under the same storage key. @ http://localhost:3000/_next/static/chunks/node_modules_next_dist_f3530cac._.js:2297
[   51290ms] [ERROR] Failed to load resource: the server responded with a status of 406 () @ https://mfhcdxnzzxuyfkcptoyh.supabase.co/rest/v1/trips?select=*&id=eq.5c9031cd-d302-49fc-a2f6-b83061f5a617:0
[   51307ms] [ERROR] Failed to load resource: the server responded with a status of 404 () @ https://mfhcdxnzzxuyfkcptoyh.supabase.co/rest/v1/itinerary_days?select=*%2Cactivities%28*%29&trip_id=eq.5c9031cd-d302-49fc-a2f6-b83061f5a617&order=day_number.asc:0
[   61089ms] [WARNING] GoTrueClient@sb-mfhcdxnzzxuyfkcptoyh-auth-token:1 (2.100.0) 2026-03-26T20:55:47.054Z Multiple GoTrueClient instances detected in the same browser context. It is not an error, but this should be avoided as it may produce undefined behavior when used concurrently under the same storage key. @ http://localhost:3000/_next/static/chunks/node_modules_next_dist_f3530cac._.js:2297
[   61330ms] [ERROR] Failed to load resource: the server responded with a status of 406 () @ https://mfhcdxnzzxuyfkcptoyh.supabase.co/rest/v1/trips?select=*&id=eq.5c9031cd-d302-49fc-a2f6-b83061f5a617:0
[   61330ms] [ERROR] Failed to load resource: the server responded with a status of 404 () @ https://mfhcdxnzzxuyfkcptoyh.supabase.co/rest/v1/itinerary_days?select=*%2Cactivities%28*%29&trip_id=eq.5c9031cd-d302-49fc-a2f6-b83061f5a617&order=day_number.asc:0
[   62085ms] [WARNING] GoTrueClient@sb-mfhcdxnzzxuyfkcptoyh-auth-token:1 (2.100.0) 2026-03-26T20:55:48.050Z Multiple GoTrueClient instances detected in the same browser context. It is not an error, but this should be avoided as it may produce undefined behavior when used concurrently under the same storage key. @ http://localhost:3000/_next/static/chunks/node_modules_next_dist_f3530cac._.js:2297
[   62250ms] [ERROR] Failed to load resource: the server responded with a status of 406 () @ https://mfhcdxnzzxuyfkcptoyh.supabase.co/rest/v1/trips?select=*&id=eq.5c9031cd-d302-49fc-a2f6-b83061f5a617:0
[   62255ms] [ERROR] Failed to load resource: the server responded with a status of 406 () @ https://mfhcdxnzzxuyfkcptoyh.supabase.co/rest/v1/yjs_documents?select=state&room=eq.trip%3A5c9031cd-d302-49fc-a2f6-b83061f5a617:0
[   62367ms] [ERROR] Failed to load resource: the server responded with a status of 404 () @ https://mfhcdxnzzxuyfkcptoyh.supabase.co/rest/v1/itinerary_days?select=*%2Cactivities%28*%29&trip_id=eq.5c9031cd-d302-49fc-a2f6-b83061f5a617&order=day_number.asc:0
[   62373ms] [ERROR] Failed to load resource: the server responded with a status of 406 () @ https://mfhcdxnzzxuyfkcptoyh.supabase.co/rest/v1/trips?select=*&id=eq.5c9031cd-d302-49fc-a2f6-b83061f5a617:0
[   62377ms] [ERROR] Failed to load resource: the server responded with a status of 401 () @ https://mfhcdxnzzxuyfkcptoyh.supabase.co/rest/v1/yjs_documents?on_conflict=room:0
