[      43ms] [ERROR] ./apps/web/components/calendar/providers/YjsTripProvider.tsx:13:1
Module not found: Can't resolve '@supabase-labs/y-supabase'
  11 | } from 'react'
  12 | import * as Y from 'yjs'
> 13 | import { SupabaseProvider } from '@supabase-labs/y-supabase'
     | ^^^^^^^^^^^^^^^^^^^^^^^^^^^^^^^^^^^^^^^^^^^^^^^^^^^^^^^^^^^^
  14 | import { supabase } from '@travyl/shared'
  15 |
  16 | interface YjsTripContextValue {

Import traces:
  Client Component Browser:
    ./apps/web/components/calendar/providers/YjsTripProvider.tsx [Client Component Browser]
    ./apps/web/app/(trips-app)/trip/[id]/calendar/page.tsx [Client Component Browser]
    ./apps/web/app/(trips-app)/trip/[id]/calendar/page.tsx [Server Component]

  Client Component SSR:
    ./apps/web/components/calendar/providers/YjsTripProvider.tsx [Client Component SSR]
    ./apps/web/app/(trips-app)/trip/[id]/calendar/page.tsx [Client Component SSR]
    ./apps/web/app/(trips-app)/trip/[id]/calendar/page.tsx [Server Component]

https://nextjs.org/docs/messages/module-not-found @ http://localhost:3000/_next/static/chunks/node_modules_next_dist_f3530cac._.js:3127
[     139ms] [WARNING] GoTrueClient@sb-mfhcdxnzzxuyfkcptoyh-auth-token:1 (2.98.0) 2026-03-26T20:50:56.763Z Multiple GoTrueClient instances detected in the same browser context. It is not an error, but this should be avoided as it may produce undefined behavior when used concurrently under the same storage key. @ http://localhost:3000/_next/static/chunks/node_modules_next_dist_f3530cac._.js:2297
[     160ms] [ERROR] ./apps/web/components/calendar/providers/YjsTripProvider.tsx:13:1
Module not found: Can't resolve '@supabase-labs/y-supabase'
  11 | } from 'react'
  12 | import * as Y from 'yjs'
> 13 | import { SupabaseProvider } from '@supabase-labs/y-supabase'
     | ^^^^^^^^^^^^^^^^^^^^^^^^^^^^^^^^^^^^^^^^^^^^^^^^^^^^^^^^^^^^
  14 | import { supabase } from '@travyl/shared'
  15 |
  16 | interface YjsTripContextValue {

Import traces:
  Client Component Browser:
    ./apps/web/components/calendar/providers/YjsTripProvider.tsx [Client Component Browser]
    ./apps/web/app/(trips-app)/trip/[id]/calendar/page.tsx [Client Component Browser]
    ./apps/web/app/(trips-app)/trip/[id]/calendar/page.tsx [Server Component]

  Client Component SSR:
    ./apps/web/components/calendar/providers/YjsTripProvider.tsx [Client Component SSR]
    ./apps/web/app/(trips-app)/trip/[id]/calendar/page.tsx [Client Component SSR]
    ./apps/web/app/(trips-app)/trip/[id]/calendar/page.tsx [Server Component]

https://nextjs.org/docs/messages/module-not-found @ http://localhost:3000/_next/static/chunks/node_modules_next_dist_f3530cac._.js:3127
[     202ms] [ERROR] ./apps/web/components/calendar/providers/YjsTripProvider.tsx:13:1
Module not found: Can't resolve '@supabase-labs/y-supabase'
  11 | } from 'react'
  12 | import * as Y from 'yjs'
> 13 | import { SupabaseProvider } from '@supabase-labs/y-supabase'
     | ^^^^^^^^^^^^^^^^^^^^^^^^^^^^^^^^^^^^^^^^^^^^^^^^^^^^^^^^^^^^
  14 | import { supabase } from '@travyl/shared'
  15 |
  16 | interface YjsTripContextValue {

Import traces:
  Client Component Browser:
    ./apps/web/components/calendar/providers/YjsTripProvider.tsx [Client Component Browser]
    ./apps/web/app/(trips-app)/trip/[id]/calendar/page.tsx [Client Component Browser]
    ./apps/web/app/(trips-app)/trip/[id]/calendar/page.tsx [Server Component]

  Client Component SSR:
    ./apps/web/components/calendar/providers/YjsTripProvider.tsx [Client Component SSR]
    ./apps/web/app/(trips-app)/trip/[id]/calendar/page.tsx [Client Component SSR]
    ./apps/web/app/(trips-app)/trip/[id]/calendar/page.tsx [Server Component]

https://nextjs.org/docs/messages/module-not-found @ http://localhost:3000/_next/static/chunks/node_modules_next_dist_f3530cac._.js:3127
[     240ms] [WARNING] Please ensure that the container has a non-static position, like 'relative', 'fixed', or 'absolute' to ensure scroll offset is calculated correctly. @ http://localhost:3000/_next/static/chunks/node_modules_next_dist_f3530cac._.js:2297
[     249ms] [ERROR] Failed to load resource: the server responded with a status of 500 (Internal Server Error) @ http://localhost:3000/api/places?lat=-22.9068&lng=-43.1729&category=restaurant&limit=3:0
[     256ms] [ERROR] Failed to load resource: the server responded with a status of 500 (Internal Server Error) @ http://localhost:3000/api/places?lat=41.9028&lng=12.4964&category=park&limit=3:0
[     256ms] [ERROR] Failed to load resource: the server responded with a status of 500 (Internal Server Error) @ http://localhost:3000/api/places?lat=51.5074&lng=-0.1278&category=shopping&limit=3:0
[     260ms] [ERROR] Failed to load resource: the server responded with a status of 500 (Internal Server Error) @ http://localhost:3000/api/places?lat=41.3874&lng=2.1686&category=landmark&limit=3:0
[     296ms] [ERROR] Failed to load resource: the server responded with a status of 500 (Internal Server Error) @ http://localhost:3000/api/places?lat=41.3874&lng=2.1686&category=restaurant&limit=3:0
[     296ms] [ERROR] Failed to load resource: the server responded with a status of 500 (Internal Server Error) @ http://localhost:3000/api/places?lat=-8.4095&lng=115.1889&category=landmark&limit=3:0
[     299ms] [ERROR] Failed to load resource: the server responded with a status of 500 (Internal Server Error) @ http://localhost:3000/api/places?lat=13.7563&lng=100.5018&category=restaurant&limit=3:0
[     299ms] [ERROR] Failed to load resource: the server responded with a status of 500 (Internal Server Error) @ http://localhost:3000/api/places?lat=31.6295&lng=-7.9811&category=park&limit=3:0
[     299ms] [ERROR] Failed to load resource: the server responded with a status of 500 (Internal Server Error) @ http://localhost:3000/api/images?q=Santorini%20Greece%20sunset:0
[     319ms] [ERROR] Failed to load resource: the server responded with a status of 500 (Internal Server Error) @ http://localhost:3000/api/images?q=Rome%20Colosseum:0
[     323ms] [ERROR] Failed to load resource: the server responded with a status of 500 (Internal Server Error) @ http://localhost:3000/api/images?q=Bali%20beach%20resort:0
[     323ms] [ERROR] Failed to load resource: the server responded with a status of 500 (Internal Server Error) @ http://localhost:3000/api/places?lat=37.7749&lng=-122.4194&category=cafe&limit=3:0
[     332ms] [ERROR] Failed to load resource: the server responded with a status of 500 (Internal Server Error) @ http://localhost:3000/api/places?lat=31.6295&lng=-7.9811&category=landmark&limit=3:0
[     341ms] [ERROR] Failed to load resource: the server responded with a status of 500 (Internal Server Error) @ http://localhost:3000/api/places?lat=41.3874&lng=2.1686&category=park&limit=3:0
[     341ms] [ERROR] Failed to load resource: the server responded with a status of 500 (Internal Server Error) @ http://localhost:3000/api/places?lat=-8.4095&lng=115.1889&category=park&limit=3:0
[     357ms] [ERROR] Failed to load resource: the server responded with a status of 500 (Internal Server Error) @ http://localhost:3000/api/images?q=Santorini:0
[     358ms] [ERROR] Failed to load resource: the server responded with a status of 500 (Internal Server Error) @ http://localhost:3000/api/places?lat=35.6762&lng=139.6503&category=museum&limit=3:0
[     361ms] [ERROR] Failed to load resource: the server responded with a status of 500 (Internal Server Error) @ http://localhost:3000/api/places?lat=-8.4095&lng=115.1889&category=restaurant&limit=3:0
[     376ms] [ERROR] Failed to load resource: the server responded with a status of 500 (Internal Server Error) @ http://localhost:3000/api/images?q=Tokyo:0
[     377ms] [ERROR] Failed to load resource: the server responded with a status of 500 (Internal Server Error) @ http://localhost:3000/api/images?q=Bali:0
[     380ms] [ERROR] Failed to load resource: the server responded with a status of 500 (Internal Server Error) @ http://localhost:3000/api/places?lat=-33.8688&lng=151.2093&category=landmark&limit=3:0
[     394ms] [ERROR] Failed to load resource: the server responded with a status of 500 (Internal Server Error) @ http://localhost:3000/api/images?q=Barcelona:0
[     399ms] [ERROR] Failed to load resource: the server responded with a status of 500 (Internal Server Error) @ http://localhost:3000/api/places?lat=-33.8688&lng=151.2093&category=restaurant&limit=3:0
[     408ms] [ERROR] Failed to load resource: the server responded with a status of 500 (Internal Server Error) @ http://localhost:3000/api/places?lat=-33.8688&lng=151.2093&category=park&limit=3:0
[     418ms] [ERROR] Failed to load resource: the server responded with a status of 500 (Internal Server Error) @ http://localhost:3000/api/images?q=Maldives%20Beach:0
[     442ms] [ERROR] Failed to load resource: the server responded with a status of 500 (Internal Server Error) @ http://localhost:3000/api/images?q=Paris%20Eiffel%20Tower:0
[     442ms] [ERROR] Failed to load resource: the server responded with a status of 500 (Internal Server Error) @ http://localhost:3000/api/places?lat=37.7749&lng=-122.4194&category=landmark&limit=3:0
[     443ms] [ERROR] Failed to load resource: the server responded with a status of 404 () @ https://mfhcdxnzzxuyfkcptoyh.supabase.co/rest/v1/inspiration_cards?select=*&order=sort_order.asc:0
[     443ms] [ERROR] Failed to load resource: the server responded with a status of 404 () @ https://mfhcdxnzzxuyfkcptoyh.supabase.co/rest/v1/hero_config?select=*%2Csuggestions%3Ahero_suggestions%28*%29:0
[     443ms] [ERROR] Failed to load resource: the server responded with a status of 500 (Internal Server Error) @ http://localhost:3000/api/images?q=Grand%20Canyon:0
[     466ms] [ERROR] Failed to load resource: the server responded with a status of 500 (Internal Server Error) @ http://localhost:3000/api/places?lat=37.7749&lng=-122.4194&category=restaurant&limit=3:0
[     466ms] [ERROR] Failed to load resource: the server responded with a status of 500 (Internal Server Error) @ http://localhost:3000/api/places?lat=37.7749&lng=-122.4194&category=park&limit=3:0
[     469ms] [ERROR] Failed to load resource: the server responded with a status of 500 (Internal Server Error) @ http://localhost:3000/api/images?q=Tokyo%20Skyline:0
[     469ms] [ERROR] Failed to load resource: the server responded with a status of 500 (Internal Server Error) @ http://localhost:3000/api/places?lat=13.7563&lng=100.5018&category=landmark&limit=3:0
[     469ms] [ERROR] Failed to load resource: the server responded with a status of 500 (Internal Server Error) @ http://localhost:3000/api/places?lat=13.7563&lng=100.5018&category=park&limit=3:0
[     496ms] [ERROR] Failed to load resource: the server responded with a status of 500 (Internal Server Error) @ http://localhost:3000/api/places?lat=31.6295&lng=-7.9811&category=landmark&limit=3:0
[     496ms] [ERROR] Failed to load resource: the server responded with a status of 500 (Internal Server Error) @ http://localhost:3000/api/places?lat=31.6295&lng=-7.9811&category=restaurant&limit=3:0
[     498ms] [ERROR] ./apps/web/components/calendar/providers/YjsTripProvider.tsx:13:1
Module not found: Can't resolve '@supabase-labs/y-supabase'
  11 | } from 'react'
  12 | import * as Y from 'yjs'
> 13 | import { SupabaseProvider } from '@supabase-labs/y-supabase'
     | ^^^^^^^^^^^^^^^^^^^^^^^^^^^^^^^^^^^^^^^^^^^^^^^^^^^^^^^^^^^^
  14 | import { supabase } from '@travyl/shared'
  15 |
  16 | interface YjsTripContextValue {

Import traces:
  Client Component Browser:
    ./apps/web/components/calendar/providers/YjsTripProvider.tsx [Client Component Browser]
    ./apps/web/app/(trips-app)/trip/[id]/calendar/page.tsx [Client Component Browser]
    ./apps/web/app/(trips-app)/trip/[id]/calendar/page.tsx [Server Component]

  Client Component SSR:
    ./apps/web/components/calendar/providers/YjsTripProvider.tsx [Client Component SSR]
    ./apps/web/app/(trips-app)/trip/[id]/calendar/page.tsx [Client Component SSR]
    ./apps/web/app/(trips-app)/trip/[id]/calendar/page.tsx [Server Component]

https://nextjs.org/docs/messages/module-not-found @ http://localhost:3000/_next/static/chunks/node_modules_next_dist_f3530cac._.js:3127
