[    9637ms] [WARNING] GoTrueClient@sb-mfhcdxnzzxuyfkcptoyh-auth-token:1 (2.98.0) 2026-03-25T01:29:35.412Z Multiple GoTrueClient instances detected in the same browser context. It is not an error, but this should be avoided as it may produce undefined behavior when used concurrently under the same storage key. @ https://deeviaje.com/_next/static/chunks/beab786b9908ae23.js:23
[    9688ms] Error: Minified React error #418; visit https://react.dev/errors/418?args[]=text&args[]= for the full message or use the non-minified dev environment for full errors and additional helpful warnings.
    at rK (https://deeviaje.com/_next/static/chunks/73c5c7905ae1feaf.js:1:46764)
    at rX (https://deeviaje.com/_next/static/chunks/73c5c7905ae1feaf.js:1:47797)
    at https://deeviaje.com/_next/static/chunks/73c5c7905ae1feaf.js:1:141516
    at sp (https://deeviaje.com/_next/static/chunks/73c5c7905ae1feaf.js:1:146677)
    at sc (https://deeviaje.com/_next/static/chunks/73c5c7905ae1feaf.js:1:138017)
    at https://deeviaje.com/_next/static/chunks/73c5c7905ae1feaf.js:1:132846
    at u7 (https://deeviaje.com/_next/static/chunks/73c5c7905ae1feaf.js:1:132947)
    at sV (https://deeviaje.com/_next/static/chunks/73c5c7905ae1feaf.js:1:159329)
    at MessagePort.O (https://deeviaje.com/_next/static/chunks/73c5c7905ae1feaf.js:1:8295)
[   10213ms] [ERROR] Failed to load resource: the server responded with a status of 404 () @ https://mfhcdxnzzxuyfkcptoyh.supabase.co/rest/v1/inspiration_cards?select=*&order=sort_order.asc:0
[   10303ms] [ERROR] Failed to load resource: the server responded with a status of 404 () @ https://mfhcdxnzzxuyfkcptoyh.supabase.co/rest/v1/hero_config?select=*%2Csuggestions%3Ahero_suggestions%28*%29:0
[   10312ms] [ERROR] Failed to load resource: the server responded with a status of 404 () @ https://mfhcdxnzzxuyfkcptoyh.supabase.co/rest/v1/mosaic_tiles?select=*&order=sort_order.asc:0
[   10820ms] [ERROR] Access to fetch at 'https://api.dev.gotravyl.com/api/trips/places/image?name=Bali+beach+resort' from origin 'https://deeviaje.com' has been blocked by CORS policy: No 'Access-Control-Allow-Origin' header is present on the requested resource. @ https://deeviaje.com/:0
[   10821ms] [ERROR] Failed to load resource: net::ERR_FAILED @ https://api.dev.gotravyl.com/api/trips/places/image?name=Bali+beach+resort:0
[   11413ms] [ERROR] Access to fetch at 'https://api.dev.gotravyl.com/api/trips/places/image?name=Santorini+Greece+sunset' from origin 'https://deeviaje.com' has been blocked by CORS policy: No 'Access-Control-Allow-Origin' header is present on the requested resource. @ https://deeviaje.com/:0
[   11413ms] [ERROR] Failed to load resource: net::ERR_FAILED @ https://api.dev.gotravyl.com/api/trips/places/image?name=Santorini+Greece+sunset:0
[   11434ms] [ERROR] Access to fetch at 'https://api.dev.gotravyl.com/api/trips/places/image?name=Rome+Colosseum' from origin 'https://deeviaje.com' has been blocked by CORS policy: No 'Access-Control-Allow-Origin' header is present on the requested resource. @ https://deeviaje.com/:0
[   11434ms] [ERROR] Failed to load resource: net::ERR_FAILED @ https://api.dev.gotravyl.com/api/trips/places/image?name=Rome+Colosseum:0
[   12054ms] [ERROR] Access to fetch at 'https://api.dev.gotravyl.com/api/trips/places/image?name=Santorini' from origin 'https://deeviaje.com' has been blocked by CORS policy: No 'Access-Control-Allow-Origin' header is present on the requested resource. @ https://deeviaje.com/places:0
[   12054ms] [ERROR] Failed to load resource: net::ERR_FAILED @ https://api.dev.gotravyl.com/api/trips/places/image?name=Santorini:0
[   12403ms] [ERROR] Access to fetch at 'https://api.dev.gotravyl.com/api/trips/places/image?name=Kyoto' from origin 'https://deeviaje.com' has been blocked by CORS policy: No 'Access-Control-Allow-Origin' header is present on the requested resource. @ https://deeviaje.com/places:0
[   12403ms] [ERROR] Failed to load resource: net::ERR_FAILED @ https://api.dev.gotravyl.com/api/trips/places/image?name=Kyoto:0
[   13064ms] [ERROR] Access to fetch at 'https://api.dev.gotravyl.com/api/trips/places/image?name=Northern+Lights' from origin 'https://deeviaje.com' has been blocked by CORS policy: No 'Access-Control-Allow-Origin' header is present on the requested resource. @ https://deeviaje.com/places:0
[   13064ms] [ERROR] Failed to load resource: net::ERR_FAILED @ https://api.dev.gotravyl.com/api/trips/places/image?name=Northern+Lights:0
[   13246ms] [ERROR] Access to fetch at 'https://api.dev.gotravyl.com/api/trips/places/image?name=Marrakech+Food+Tour' from origin 'https://deeviaje.com' has been blocked by CORS policy: No 'Access-Control-Allow-Origin' header is present on the requested resource. @ https://deeviaje.com/places:0
[   13246ms] [ERROR] Failed to load resource: net::ERR_FAILED @ https://api.dev.gotravyl.com/api/trips/places/image?name=Marrakech+Food+Tour:0
[   13468ms] [ERROR] Access to fetch at 'https://api.dev.gotravyl.com/api/trips/places/image?name=Machu+Picchu' from origin 'https://deeviaje.com' has been blocked by CORS policy: No 'Access-Control-Allow-Origin' header is present on the requested resource. @ https://deeviaje.com/places:0
[   13468ms] [ERROR] Failed to load resource: net::ERR_FAILED @ https://api.dev.gotravyl.com/api/trips/places/image?name=Machu+Picchu:0
[   14374ms] [ERROR] Access to fetch at 'https://api.dev.gotravyl.com/api/trips/places/image?name=Safari+Kenya' from origin 'https://deeviaje.com' has been blocked by CORS policy: No 'Access-Control-Allow-Origin' header is present on the requested resource. @ https://deeviaje.com/places:0
[   14374ms] [ERROR] Failed to load resource: net::ERR_FAILED @ https://api.dev.gotravyl.com/api/trips/places/image?name=Safari+Kenya:0
[   14675ms] [ERROR] Access to fetch at 'https://api.dev.gotravyl.com/api/trips/places/image?name=Amalfi+Coast' from origin 'https://deeviaje.com' has been blocked by CORS policy: No 'Access-Control-Allow-Origin' header is present on the requested resource. @ https://deeviaje.com/places:0
[   14675ms] [ERROR] Failed to load resource: net::ERR_FAILED @ https://api.dev.gotravyl.com/api/trips/places/image?name=Amalfi+Coast:0
[   15037ms] [ERROR] Access to fetch at 'https://api.dev.gotravyl.com/api/trips/places/image?name=Angkor+Wat' from origin 'https://deeviaje.com' has been blocked by CORS policy: No 'Access-Control-Allow-Origin' header is present on the requested resource. @ https://deeviaje.com/places:0
[   15038ms] [ERROR] Failed to load resource: net::ERR_FAILED @ https://api.dev.gotravyl.com/api/trips/places/image?name=Angkor+Wat:0
[   15210ms] [ERROR] Access to fetch at 'https://api.dev.gotravyl.com/api/trips/places/image?name=Bangkok+Street+Food' from origin 'https://deeviaje.com' has been blocked by CORS policy: No 'Access-Control-Allow-Origin' header is present on the requested resource. @ https://deeviaje.com/places:0
[   15210ms] [ERROR] Failed to load resource: net::ERR_FAILED @ https://api.dev.gotravyl.com/api/trips/places/image?name=Bangkok+Street+Food:0
[   15628ms] [ERROR] Access to fetch at 'https://api.dev.gotravyl.com/api/trips/places/image?name=Patagonia' from origin 'https://deeviaje.com' has been blocked by CORS policy: No 'Access-Control-Allow-Origin' header is present on the requested resource. @ https://deeviaje.com/places:0
[   15628ms] [ERROR] Failed to load resource: net::ERR_FAILED @ https://api.dev.gotravyl.com/api/trips/places/image?name=Patagonia:0
[   16163ms] [ERROR] Access to fetch at 'https://api.dev.gotravyl.com/api/trips/places/image?name=Swiss+Alps' from origin 'https://deeviaje.com' has been blocked by CORS policy: No 'Access-Control-Allow-Origin' header is present on the requested resource. @ https://deeviaje.com/trips:0
[   16163ms] [ERROR] Failed to load resource: net::ERR_FAILED @ https://api.dev.gotravyl.com/api/trips/places/image?name=Swiss+Alps:0
[   16330ms] [ERROR] Access to fetch at 'https://api.dev.gotravyl.com/api/trips/places/image?name=Norwegian+Fjords' from origin 'https://deeviaje.com' has been blocked by CORS policy: No 'Access-Control-Allow-Origin' header is present on the requested resource. @ https://deeviaje.com/trips:0
[   16330ms] [ERROR] Failed to load resource: net::ERR_FAILED @ https://api.dev.gotravyl.com/api/trips/places/image?name=Norwegian+Fjords:0
[   17094ms] [ERROR] Access to fetch at 'https://api.dev.gotravyl.com/api/trips/places/image?name=Sahara+Desert' from origin 'https://deeviaje.com' has been blocked by CORS policy: No 'Access-Control-Allow-Origin' header is present on the requested resource. @ https://deeviaje.com/trips:0
[   17094ms] [ERROR] Failed to load resource: net::ERR_FAILED @ https://api.dev.gotravyl.com/api/trips/places/image?name=Sahara+Desert:0
[   17095ms] [ERROR] Access to fetch at 'https://api.dev.gotravyl.com/api/trips/places/image?name=Bali+Rice+Terraces' from origin 'https://deeviaje.com' has been blocked by CORS policy: No 'Access-Control-Allow-Origin' header is present on the requested resource. @ https://deeviaje.com/trips:0
[   17095ms] [ERROR] Failed to load resource: net::ERR_FAILED @ https://api.dev.gotravyl.com/api/trips/places/image?name=Bali+Rice+Terraces:0
[   17945ms] [ERROR] Access to fetch at 'https://api.dev.gotravyl.com/api/trips/places/image?name=Tokyo' from origin 'https://deeviaje.com' has been blocked by CORS policy: No 'Access-Control-Allow-Origin' header is present on the requested resource. @ https://deeviaje.com/trips:0
[   17945ms] [ERROR] Failed to load resource: net::ERR_FAILED @ https://api.dev.gotravyl.com/api/trips/places/image?name=Tokyo:0
[   18085ms] [ERROR] Access to fetch at 'https://api.dev.gotravyl.com/api/trips/places/image?name=Barcelona' from origin 'https://deeviaje.com' has been blocked by CORS policy: No 'Access-Control-Allow-Origin' header is present on the requested resource. @ https://deeviaje.com/trips:0
[   18085ms] [ERROR] Failed to load resource: net::ERR_FAILED @ https://api.dev.gotravyl.com/api/trips/places/image?name=Barcelona:0
[   18086ms] [ERROR] Access to fetch at 'https://api.dev.gotravyl.com/api/trips/places/image?name=Maldives+Beach' from origin 'https://deeviaje.com' has been blocked by CORS policy: No 'Access-Control-Allow-Origin' header is present on the requested resource. @ https://deeviaje.com/trips:0
[   18086ms] [ERROR] Failed to load resource: net::ERR_FAILED @ https://api.dev.gotravyl.com/api/trips/places/image?name=Maldives+Beach:0
[   18617ms] [ERROR] Access to fetch at 'https://api.dev.gotravyl.com/api/trips/places/image?name=Bali' from origin 'https://deeviaje.com' has been blocked by CORS policy: No 'Access-Control-Allow-Origin' header is present on the requested resource. @ https://deeviaje.com/trips:0
[   18617ms] [ERROR] Failed to load resource: net::ERR_FAILED @ https://api.dev.gotravyl.com/api/trips/places/image?name=Bali:0
[   19254ms] [ERROR] Access to fetch at 'https://api.dev.gotravyl.com/api/trips/places/image?name=Grand+Canyon' from origin 'https://deeviaje.com' has been blocked by CORS policy: No 'Access-Control-Allow-Origin' header is present on the requested resource. @ https://deeviaje.com/trips:0
[   19254ms] [ERROR] Failed to load resource: net::ERR_FAILED @ https://api.dev.gotravyl.com/api/trips/places/image?name=Grand+Canyon:0
[   19428ms] [ERROR] Access to fetch at 'https://api.dev.gotravyl.com/api/trips/places/image?name=Tokyo+Skyline' from origin 'https://deeviaje.com' has been blocked by CORS policy: No 'Access-Control-Allow-Origin' header is present on the requested resource. @ https://deeviaje.com/trips:0
[   19428ms] [ERROR] Failed to load resource: net::ERR_FAILED @ https://api.dev.gotravyl.com/api/trips/places/image?name=Tokyo+Skyline:0
[   19444ms] [ERROR] Access to fetch at 'https://api.dev.gotravyl.com/api/trips/places/image?name=Paris+Eiffel+Tower' from origin 'https://deeviaje.com' has been blocked by CORS policy: No 'Access-Control-Allow-Origin' header is present on the requested resource. @ https://deeviaje.com/trips:0
[   19444ms] [ERROR] Failed to load resource: net::ERR_FAILED @ https://api.dev.gotravyl.com/api/trips/places/image?name=Paris+Eiffel+Tower:0
[   41136ms] [ERROR] Failed to load resource: the server responded with a status of 404 () @ https://mfhcdxnzzxuyfkcptoyh.supabase.co/rest/v1/mosaic_tiles?select=*&order=sort_order.asc:0
[   41137ms] [ERROR] Failed to load resource: the server responded with a status of 404 () @ https://mfhcdxnzzxuyfkcptoyh.supabase.co/rest/v1/hero_config?select=*%2Csuggestions%3Ahero_suggestions%28*%29:0
[   41228ms] [ERROR] Failed to load resource: the server responded with a status of 404 () @ https://mfhcdxnzzxuyfkcptoyh.supabase.co/rest/v1/inspiration_cards?select=*&order=sort_order.asc:0
[   41887ms] [ERROR] Access to fetch at 'https://api.dev.gotravyl.com/api/trips/places/image?name=Santorini+Greece+sunset' from origin 'https://deeviaje.com' has been blocked by CORS policy: No 'Access-Control-Allow-Origin' header is present on the requested resource. @ https://deeviaje.com/:0
[   41887ms] [ERROR] Failed to load resource: net::ERR_FAILED @ https://api.dev.gotravyl.com/api/trips/places/image?name=Santorini+Greece+sunset:0
[   42498ms] [ERROR] Access to fetch at 'https://api.dev.gotravyl.com/api/trips/places/image?name=Santorini' from origin 'https://deeviaje.com' has been blocked by CORS policy: No 'Access-Control-Allow-Origin' header is present on the requested resource. @ https://deeviaje.com/trips:0
[   42498ms] [ERROR] Failed to load resource: net::ERR_FAILED @ https://api.dev.gotravyl.com/api/trips/places/image?name=Santorini:0
[   42747ms] [ERROR] Access to fetch at 'https://api.dev.gotravyl.com/api/trips/places/image?name=Bali+beach+resort' from origin 'https://deeviaje.com' has been blocked by CORS policy: No 'Access-Control-Allow-Origin' header is present on the requested resource. @ https://deeviaje.com/trips:0
[   42747ms] [ERROR] Failed to load resource: net::ERR_FAILED @ https://api.dev.gotravyl.com/api/trips/places/image?name=Bali+beach+resort:0
[   42983ms] [ERROR] Access to fetch at 'https://api.dev.gotravyl.com/api/trips/places/image?name=Rome+Colosseum' from origin 'https://deeviaje.com' has been blocked by CORS policy: No 'Access-Control-Allow-Origin' header is present on the requested resource. @ https://deeviaje.com/trips:0
[   42984ms] [ERROR] Failed to load resource: net::ERR_FAILED @ https://api.dev.gotravyl.com/api/trips/places/image?name=Rome+Colosseum:0
[   43993ms] [ERROR] Access to fetch at 'https://api.dev.gotravyl.com/api/trips/places/image?name=Kyoto' from origin 'https://deeviaje.com' has been blocked by CORS policy: No 'Access-Control-Allow-Origin' header is present on the requested resource. @ https://deeviaje.com/trips:0
[   43994ms] [ERROR] Failed to load resource: net::ERR_FAILED @ https://api.dev.gotravyl.com/api/trips/places/image?name=Kyoto:0
[   44468ms] [ERROR] Access to fetch at 'https://api.dev.gotravyl.com/api/trips/places/image?name=Machu+Picchu' from origin 'https://deeviaje.com' has been blocked by CORS policy: No 'Access-Control-Allow-Origin' header is present on the requested resource. @ https://deeviaje.com/trips:0
[   44469ms] [ERROR] Failed to load resource: net::ERR_FAILED @ https://api.dev.gotravyl.com/api/trips/places/image?name=Machu+Picchu:0
[   44506ms] [ERROR] Access to fetch at 'https://api.dev.gotravyl.com/api/trips/places/image?name=Northern+Lights' from origin 'https://deeviaje.com' has been blocked by CORS policy: No 'Access-Control-Allow-Origin' header is present on the requested resource. @ https://deeviaje.com/trips:0
[   44506ms] [ERROR] Failed to load resource: net::ERR_FAILED @ https://api.dev.gotravyl.com/api/trips/places/image?name=Northern+Lights:0
[   44849ms] [ERROR] Access to fetch at 'https://api.dev.gotravyl.com/api/trips/places/image?name=Marrakech+Food+Tour' from origin 'https://deeviaje.com' has been blocked by CORS policy: No 'Access-Control-Allow-Origin' header is present on the requested resource. @ https://deeviaje.com/trips:0
[   44849ms] [ERROR] Failed to load resource: net::ERR_FAILED @ https://api.dev.gotravyl.com/api/trips/places/image?name=Marrakech+Food+Tour:0
[   45466ms] [WARNING] GoTrueClient@sb-mfhcdxnzzxuyfkcptoyh-auth-token:1 (2.98.0) 2026-03-25T01:30:11.242Z Multiple GoTrueClient instances detected in the same browser context. It is not an error, but this should be avoided as it may produce undefined behavior when used concurrently under the same storage key. @ https://deeviaje.com/_next/static/chunks/beab786b9908ae23.js:23
