[     220ms] [WARNING] GoTrueClient@sb-mfhcdxnzzxuyfkcptoyh-auth-token:1 (2.98.0) 2026-03-25T04:56:57.293Z Multiple GoTrueClient instances detected in the same browser context. It is not an error, but this should be avoided as it may produce undefined behavior when used concurrently under the same storage key. @ http://localhost:3000/_next/static/chunks/node_modules_next_dist_f3530cac._.js:2297
[     283ms] [WARNING] Please ensure that the container has a non-static position, like 'relative', 'fixed', or 'absolute' to ensure scroll offset is calculated correctly. @ http://localhost:3000/_next/static/chunks/node_modules_next_dist_f3530cac._.js:2297
[     559ms] [ERROR] Failed to load resource: the server responded with a status of 404 () @ https://mfhcdxnzzxuyfkcptoyh.supabase.co/rest/v1/hero_config?select=*%2Csuggestions%3Ahero_suggestions%28*%29:0
[     565ms] [ERROR] Failed to load resource: the server responded with a status of 404 () @ https://mfhcdxnzzxuyfkcptoyh.supabase.co/rest/v1/inspiration_cards?select=*&order=sort_order.asc:0
[   71915ms] [ERROR] Failed to load resource: the server responded with a status of 404 () @ https://mfhcdxnzzxuyfkcptoyh.supabase.co/rest/v1/hero_config?select=*%2Csuggestions%3Ahero_suggestions%28*%29:0
[   71926ms] [ERROR] Failed to load resource: the server responded with a status of 404 () @ https://mfhcdxnzzxuyfkcptoyh.supabase.co/rest/v1/inspiration_cards?select=*&order=sort_order.asc:0
[  335080ms] [ERROR] Failed to load resource: the server responded with a status of 404 () @ https://mfhcdxnzzxuyfkcptoyh.supabase.co/rest/v1/hero_config?select=*%2Csuggestions%3Ahero_suggestions%28*%29:0
[  393433ms] [ERROR] Failed to load resource: the server responded with a status of 404 () @ https://mfhcdxnzzxuyfkcptoyh.supabase.co/rest/v1/inspiration_cards?select=*&order=sort_order.asc:0
[  393455ms] [ERROR] Failed to load resource: the server responded with a status of 404 () @ https://mfhcdxnzzxuyfkcptoyh.supabase.co/rest/v1/hero_config?select=*%2Csuggestions%3Ahero_suggestions%28*%29:0
[  408175ms] [ERROR] Failed to load resource: the server responded with a status of 404 () @ https://mfhcdxnzzxuyfkcptoyh.supabase.co/rest/v1/hero_config?select=*%2Csuggestions%3Ahero_suggestions%28*%29:0
[  424353ms] [ERROR] Failed to load resource: the server responded with a status of 404 () @ https://mfhcdxnzzxuyfkcptoyh.supabase.co/rest/v1/hero_config?select=*%2Csuggestions%3Ahero_suggestions%28*%29:0
[  895263ms] [WARNING] GoTrueClient@sb-mfhcdxnzzxuyfkcptoyh-auth-token:1 (2.98.0) 2026-03-25T05:11:52.338Z Multiple GoTrueClient instances detected in the same browser context. It is not an error, but this should be avoided as it may produce undefined behavior when used concurrently under the same storage key. @ http://localhost:3000/_next/static/chunks/node_modules_next_dist_f3530cac._.js:2297
[  895310ms] [WARNING] Please ensure that the container has a non-static position, like 'relative', 'fixed', or 'absolute' to ensure scroll offset is calculated correctly. @ http://localhost:3000/_next/static/chunks/node_modules_next_dist_f3530cac._.js:2297
[  895857ms] [ERROR] Failed to load resource: the server responded with a status of 404 () @ https://mfhcdxnzzxuyfkcptoyh.supabase.co/rest/v1/hero_config?select=*%2Csuggestions%3Ahero_suggestions%28*%29:0
[  895975ms] [ERROR] Failed to load resource: the server responded with a status of 404 () @ https://mfhcdxnzzxuyfkcptoyh.supabase.co/rest/v1/inspiration_cards?select=*&order=sort_order.asc:0
[ 2077912ms] [ERROR] Failed to load resource: the server responded with a status of 404 () @ https://mfhcdxnzzxuyfkcptoyh.supabase.co/rest/v1/hero_config?select=*%2Csuggestions%3Ahero_suggestions%28*%29:0
[ 2515121ms] [ERROR] Failed to load resource: the server responded with a status of 404 () @ https://mfhcdxnzzxuyfkcptoyh.supabase.co/rest/v1/hero_config?select=*%2Csuggestions%3Ahero_suggestions%28*%29:0
[ 3366870ms] [WARNING] GoTrueClient@sb-mfhcdxnzzxuyfkcptoyh-auth-token:1 (2.98.0) 2026-03-25T05:53:03.945Z Multiple GoTrueClient instances detected in the same browser context. It is not an error, but this should be avoided as it may produce undefined behavior when used concurrently under the same storage key. @ http://localhost:3000/_next/static/chunks/node_modules_next_dist_f3530cac._.js:2297
[ 3366920ms] [WARNING] Please ensure that the container has a non-static position, like 'relative', 'fixed', or 'absolute' to ensure scroll offset is calculated correctly. @ http://localhost:3000/_next/static/chunks/node_modules_next_dist_f3530cac._.js:2297
[ 3367401ms] [ERROR] Failed to load resource: the server responded with a status of 404 () @ https://mfhcdxnzzxuyfkcptoyh.supabase.co/rest/v1/hero_config?select=*%2Csuggestions%3Ahero_suggestions%28*%29:0
[ 3367440ms] [ERROR] Failed to load resource: the server responded with a status of 404 () @ https://mfhcdxnzzxuyfkcptoyh.supabase.co/rest/v1/inspiration_cards?select=*&order=sort_order.asc:0
[ 3561919ms] [ERROR] ./apps/web/app/(main)/places/page.tsx:1087:13
Parsing ecmascript source code failed
  1085 |               )}
  1086 |             </motion.div>
> 1087 |             )}
       |             ^
  1088 |           </AnimatePresence>
  1089 |         </div>
  1090 |       ) : (

Expected '</', got ')'

Import traces:
  Client Component Browser:
    ./apps/web/app/(main)/places/page.tsx [Client Component Browser]
    ./apps/web/app/(main)/places/page.tsx [Server Component]

  Client Component SSR:
    ./apps/web/app/(main)/places/page.tsx [Client Component SSR]
    ./apps/web/app/(main)/places/page.tsx [Server Component] @ http://localhost:3000/_next/static/chunks/node_modules_next_dist_f3530cac._.js:3127
[ 3787177ms] [ERROR] ./apps/web/components/PinCard.tsx:286:7
Parsing ecmascript source code failed
  284 |         </div>
  285 |       </motion.div>
> 286 |     </motion.div>
      |       ^^^^^^^^^^
  287 |   );
  288 | }
  289 |

Expected corresponding JSX closing tag for <Wrapper>

Import traces:
  Client Component Browser:
    ./apps/web/components/PinCard.tsx [Client Component Browser]
    ./apps/web/app/(main)/places/page.tsx [Client Component Browser]
    ./apps/web/app/(main)/places/page.tsx [Server Component]

  Client Component SSR:
    ./apps/web/components/PinCard.tsx [Client Component SSR]
    ./apps/web/app/(main)/places/page.tsx [Client Component SSR]
    ./apps/web/app/(main)/places/page.tsx [Server Component] @ http://localhost:3000/_next/static/chunks/node_modules_next_dist_f3530cac._.js:3127
[ 4014116ms] [WARNING] GoTrueClient@sb-mfhcdxnzzxuyfkcptoyh-auth-token:1 (2.98.0) 2026-03-25T06:03:51.191Z Multiple GoTrueClient instances detected in the same browser context. It is not an error, but this should be avoided as it may produce undefined behavior when used concurrently under the same storage key. @ http://localhost:3000/_next/static/chunks/node_modules_next_dist_f3530cac._.js:2297
[ 4804534ms] [WARNING] Please ensure that the container has a non-static position, like 'relative', 'fixed', or 'absolute' to ensure scroll offset is calculated correctly. @ http://localhost:3000/_next/static/chunks/node_modules_next_dist_f3530cac._.js:2297
[ 4805444ms] [ERROR] Failed to load resource: the server responded with a status of 404 () @ https://mfhcdxnzzxuyfkcptoyh.supabase.co/rest/v1/hero_config?select=*%2Csuggestions%3Ahero_suggestions%28*%29:0
[ 4805448ms] [ERROR] Failed to load resource: the server responded with a status of 404 () @ https://mfhcdxnzzxuyfkcptoyh.supabase.co/rest/v1/inspiration_cards?select=*&order=sort_order.asc:0
[ 5023200ms] [ERROR] Failed to load resource: the server responded with a status of 404 () @ https://mfhcdxnzzxuyfkcptoyh.supabase.co/rest/v1/itinerary_days?select=*%2Cactivities%28*%29&trip_id=eq.d72ed569-039a-45cd-9c50-b2f1d55d2496&order=day_number.asc:0
[ 5023239ms] [ERROR] Failed to load resource: the server responded with a status of 404 () @ https://mfhcdxnzzxuyfkcptoyh.supabase.co/rest/v1/flights?select=*&trip_id=eq.d72ed569-039a-45cd-9c50-b2f1d55d2496&order=created_at.asc:0
[ 5023381ms] [ERROR] Failed to load resource: the server responded with a status of 404 () @ https://mfhcdxnzzxuyfkcptoyh.supabase.co/rest/v1/hotels?select=*&trip_id=eq.d72ed569-039a-45cd-9c50-b2f1d55d2496&order=created_at.asc:0
[ 5024830ms] [ERROR] Failed to load resource: the server responded with a status of 404 () @ https://mfhcdxnzzxuyfkcptoyh.supabase.co/rest/v1/inspiration_cards?select=*&order=sort_order.asc:0
[ 5024831ms] [ERROR] Failed to load resource: the server responded with a status of 404 () @ https://mfhcdxnzzxuyfkcptoyh.supabase.co/rest/v1/hero_config?select=*%2Csuggestions%3Ahero_suggestions%28*%29:0
[ 5926311ms] [ERROR] Failed to load resource: the server responded with a status of 404 () @ https://mfhcdxnzzxuyfkcptoyh.supabase.co/rest/v1/hero_config?select=*%2Csuggestions%3Ahero_suggestions%28*%29:0
[ 5926314ms] [ERROR] Failed to load resource: the server responded with a status of 404 () @ https://mfhcdxnzzxuyfkcptoyh.supabase.co/rest/v1/inspiration_cards?select=*&order=sort_order.asc:0
[11449738ms] [ERROR] Failed to load resource: the server responded with a status of 404 () @ https://mfhcdxnzzxuyfkcptoyh.supabase.co/rest/v1/hero_config?select=*%2Csuggestions%3Ahero_suggestions%28*%29:0
[11449738ms] [ERROR] Failed to load resource: the server responded with a status of 404 () @ https://mfhcdxnzzxuyfkcptoyh.supabase.co/rest/v1/inspiration_cards?select=*&order=sort_order.asc:0
[12462567ms] [ERROR] ./apps/web/components/GlobalCommandPalette.tsx:687:15
Parsing ecmascript source code failed
  685 |                 </div>
  686 |               ))}
> 687 |             </div>
      |               ^^^
  688 |           </motion.div>
  689 |         </motion.div>
  690 |       )}

Expected '</', got 'ident'

Import traces:
  Client Component Browser:
    ./apps/web/components/GlobalCommandPalette.tsx [Client Component Browser]
    ./apps/web/components/providers.tsx [Client Component Browser]
    ./apps/web/components/providers.tsx [Server Component]
    ./apps/web/app/layout.tsx [Server Component]

  Client Component SSR:
    ./apps/web/components/GlobalCommandPalette.tsx [Client Component SSR]
    ./apps/web/components/providers.tsx [Client Component SSR]
    ./apps/web/components/providers.tsx [Server Component]
    ./apps/web/app/layout.tsx [Server Component] @ http://localhost:3000/_next/static/chunks/node_modules_next_dist_f3530cac._.js:3127
[12572513ms] [ERROR] Failed to load resource: the server responded with a status of 404 () @ https://mfhcdxnzzxuyfkcptoyh.supabase.co/rest/v1/inspiration_cards?select=*&order=sort_order.asc:0
[12572539ms] [ERROR] Failed to load resource: the server responded with a status of 404 () @ https://mfhcdxnzzxuyfkcptoyh.supabase.co/rest/v1/hero_config?select=*%2Csuggestions%3Ahero_suggestions%28*%29:0
[12572557ms] [ERROR] Failed to load resource: the server responded with a status of 500 (Internal Server Error) @ http://localhost:3000/:0
[12572683ms] [WARNING] GoTrueClient@sb-mfhcdxnzzxuyfkcptoyh-auth-token:1 (2.98.0) 2026-03-25T08:26:29.757Z Multiple GoTrueClient instances detected in the same browser context. It is not an error, but this should be avoided as it may produce undefined behavior when used concurrently under the same storage key. @ http://localhost:3000/_next/static/chunks/node_modules_next_dist_f3530cac._.js:2297
[12572763ms] ReferenceError: usePlaceImages is not defined
    at TravelMosaic (http://localhost:3000/_next/static/chunks/apps_web_81a8d46b._.js:6868:26)
    at Object.react_stack_bottom_frame (http://localhost:3000/_next/static/chunks/node_modules_next_dist_compiled_react-dom_1e674e59._.js:14826:24)
    at renderWithHooks (http://localhost:3000/_next/static/chunks/node_modules_next_dist_compiled_react-dom_1e674e59._.js:4651:24)
    at updateFunctionComponent (http://localhost:3000/_next/static/chunks/node_modules_next_dist_compiled_react-dom_1e674e59._.js:6112:21)
    at beginWork (http://localhost:3000/_next/static/chunks/node_modules_next_dist_compiled_react-dom_1e674e59._.js:6708:24)
    at runWithFiberInDEV (http://localhost:3000/_next/static/chunks/node_modules_next_dist_compiled_react-dom_1e674e59._.js:965:74)
    at performUnitOfWork (http://localhost:3000/_next/static/chunks/node_modules_next_dist_compiled_react-dom_1e674e59._.js:9562:97)
    at workLoopSync (http://localhost:3000/_next/static/chunks/node_modules_next_dist_compiled_react-dom_1e674e59._.js:9456:40)
    at renderRootSync (http://localhost:3000/_next/static/chunks/node_modules_next_dist_compiled_react-dom_1e674e59._.js:9440:13)
    at performWorkOnRoot (http://localhost:3000/_next/static/chunks/node_modules_next_dist_compiled_react-dom_1e674e59._.js:9105:47)
    at performWorkOnRootViaSchedulerTask (http://localhost:3000/_next/static/chunks/node_modules_next_dist_compiled_react-dom_1e674e59._.js:10230:9)
    at MessagePort.performWorkUntilDeadline (http://localhost:3000/_next/static/chunks/node_modules_next_dist_compiled_a0e4c7b4._.js:2647:64)
[12575768ms] [WARNING] The resource https://fonts.googleapis.com/css2?family=Lustria&display=swap was preloaded using link preload but not used within a few seconds from the window's load event. Please make sure it has an appropriate `as` value and it is preloaded intentionally. @ http://localhost:3000/:0
[12575768ms] [WARNING] The resource http://localhost:3000/_next/static/chunks/%5Broot-of-the-server%5D__8fea1bfd._.css was preloaded using link preload but not used within a few seconds from the window's load event. Please make sure it has an appropriate `as` value and it is preloaded intentionally. @ http://localhost:3000/:0
[12575768ms] [WARNING] The resource https://api.fontshare.com/v2/css?f[]=satoshi@300,400,500,600,700,800,900&display=swap was preloaded using link preload but not used within a few seconds from the window's load event. Please make sure it has an appropriate `as` value and it is preloaded intentionally. @ http://localhost:3000/:0
[13421564ms] [WARNING] [Fast Refresh] performing full reload because your application had an unrecoverable error @ http://localhost:3000/_next/static/chunks/node_modules_next_dist_f3530cac._.js:2297
[13421984ms] [WARNING] GoTrueClient@sb-mfhcdxnzzxuyfkcptoyh-auth-token:1 (2.98.0) 2026-03-25T08:40:39.058Z Multiple GoTrueClient instances detected in the same browser context. It is not an error, but this should be avoided as it may produce undefined behavior when used concurrently under the same storage key. @ http://localhost:3000/_next/static/chunks/node_modules_next_dist_f3530cac._.js:2297
[13422043ms] [WARNING] Please ensure that the container has a non-static position, like 'relative', 'fixed', or 'absolute' to ensure scroll offset is calculated correctly. @ http://localhost:3000/_next/static/chunks/node_modules_next_dist_f3530cac._.js:2297
[13422541ms] [ERROR] Failed to load resource: the server responded with a status of 404 () @ https://mfhcdxnzzxuyfkcptoyh.supabase.co/rest/v1/inspiration_cards?select=*&order=sort_order.asc:0
[13422541ms] [ERROR] Failed to load resource: the server responded with a status of 404 () @ https://mfhcdxnzzxuyfkcptoyh.supabase.co/rest/v1/hero_config?select=*%2Csuggestions%3Ahero_suggestions%28*%29:0
