[     329ms] [WARNING] GoTrueClient@sb-mfhcdxnzzxuyfkcptoyh-auth-token:1 (2.98.0) 2026-03-26T09:27:54.950Z Multiple GoTrueClient instances detected in the same browser context. It is not an error, but this should be avoided as it may produce undefined behavior when used concurrently under the same storage key. @ http://localhost:3000/_next/static/chunks/node_modules_next_dist_f3530cac._.js:2297
[     494ms] [ERROR] Failed to load resource: the server responded with a status of 404 () @ https://mfhcdxnzzxuyfkcptoyh.supabase.co/rest/v1/itinerary_days?select=*%2Cactivities%28*%29&trip_id=eq.5c9031cd-d302-49fc-a2f6-b83061f5a617&order=day_number.asc:0
[     508ms] [ERROR] Failed to load resource: the server responded with a status of 406 () @ https://mfhcdxnzzxuyfkcptoyh.supabase.co/rest/v1/trips?select=*&id=eq.5c9031cd-d302-49fc-a2f6-b83061f5a617:0
[37524010ms] [ERROR] Failed to load resource: net::ERR_EMPTY_RESPONSE @ http://localhost:3000/trip/5c9031cd-d302-49fc-a2f6-b83061f5a617/restaurants?_rsc=154yh:0
[37524010ms] [ERROR] Failed to fetch RSC payload for http://localhost:3000/trip/5c9031cd-d302-49fc-a2f6-b83061f5a617/restaurants. Falling back to browser navigation. TypeError: Failed to fetch
    at createFetch (http://localhost:3000/_next/static/chunks/node_modules_next_dist_client_17643121._.js:2588:24)
    at fetchServerResponse (http://localhost:3000/_next/static/chunks/node_modules_next_dist_client_17643121._.js:2490:27)
    at fetchMissingDynamicData (http://localhost:3000/_next/static/chunks/node_modules_next_dist_client_17643121._.js:3654:75)
    at spawnDynamicRequests (http://localhost:3000/_next/static/chunks/node_modules_next_dist_client_17643121._.js:3501:35)
    at navigateToSeededRoute (http://localhost:3000/_next/static/chunks/node_modules_next_dist_client_17643121._.js:7741:50)
    at refreshDynamicData (http://localhost:3000/_next/static/chunks/node_modules_next_dist_client_17643121._.js:8347:58)
    at hmrRefreshReducer (http://localhost:3000/_next/static/chunks/node_modules_next_dist_client_17643121._.js:8513:51)
    at clientReducer (http://localhost:3000/_next/static/chunks/node_modules_next_dist_client_17643121._.js:9081:65)
    at Object.action (http://localhost:3000/_next/static/chunks/node_modules_next_dist_client_17643121._.js:9310:55)
    at runAction (http://localhost:3000/_next/static/chunks/node_modules_next_dist_client_17643121._.js:9215:38)
    at dispatchAction (http://localhost:3000/_next/static/chunks/node_modules_next_dist_client_17643121._.js:9278:9)
    at Object.dispatch (http://localhost:3000/_next/static/chunks/node_modules_next_dist_client_17643121._.js:9308:40)
    at http://localhost:3000/_next/static/chunks/node_modules_next_dist_client_17643121._.js:1489:29
    at startTransition (http://localhost:3000/_next/static/chunks/node_modules_next_dist_compiled_react-dom_1e674e59._.js:5500:31)
    at dispatch (http://localhost:3000/_next/static/chunks/node_modules_next_dist_client_17643121._.js:1488:13)
    at dispatchAppRouterAction (http://localhost:3000/_next/static/chunks/node_modules_next_dist_client_17643121._.js:1470:5)
    at http://localhost:3000/_next/static/chunks/node_modules_next_dist_client_17643121._.js:9439:61
    at startTransition (http://localhost:3000/_next/static/chunks/node_modules_next_dist_compiled_a0e4c7b4._.js:1279:31)
    at Object.hmrRefresh (http://localhost:3000/_next/static/chunks/node_modules_next_dist_client_17643121._.js:9438:40)
    at http://localhost:3000/_next/static/chunks/node_modules_next_dist_client_17643121._.js:11620:64
    at startTransition (http://localhost:3000/_next/static/chunks/node_modules_next_dist_compiled_a0e4c7b4._.js:1279:31)
    at processMessage (http://localhost:3000/_next/static/chunks/node_modules_next_dist_client_17643121._.js:11619:44)
    at WebSocket.handleMessage (http://localhost:3000/_next/static/chunks/node_modules_next_dist_client_17643121._.js:10914:52) @ http://localhost:3000/_next/static/chunks/node_modules_next_dist_f3530cac._.js:3127
[37524029ms] [ERROR] Failed to load resource: net::ERR_CONNECTION_REFUSED @ http://localhost:3000/__nextjs_original-stack-frames:0
