[     172ms] [WARNING] GoTrueClient@sb-mfhcdxnzzxuyfkcptoyh-auth-token:1 (2.98.0) 2026-03-25T04:40:40.902Z Multiple GoTrueClient instances detected in the same browser context. It is not an error, but this should be avoided as it may produce undefined behavior when used concurrently under the same storage key. @ http://localhost:3000/_next/static/chunks/node_modules_next_dist_f3530cac._.js:2297
[  120338ms] [ERROR] ./apps/web/app/(main)/places/page.tsx:1152:19
Parsing ecmascript source code failed
  1150 |       )}
  1151 |       </div>
> 1152 |       <OceanWave />
       |                   ^
  1153 |       <Footer />
  1154 |
  1155 |       {/* Detail Overlay — 3D flip card with discovery navigation */}

Expression expected

Import traces:
  Client Component Browser:
    ./apps/web/app/(main)/places/page.tsx [Client Component Browser]
    ./apps/web/app/(main)/places/page.tsx [Server Component]

  Client Component SSR:
    ./apps/web/app/(main)/places/page.tsx [Client Component SSR]
    ./apps/web/app/(main)/places/page.tsx [Server Component] @ http://localhost:3000/_next/static/chunks/node_modules_next_dist_f3530cac._.js:3127
[  120338ms] [ERROR] ./apps/web/app/(main)/places/page.tsx:1150:8
Parsing ecmascript source code failed
  1148 |           )}
  1149 |         </div>
> 1150 |       )}
       |        ^
  1151 |       </div>
  1152 |       <OceanWave />
  1153 |       <Footer />

Unexpected token. Did you mean `{'}'}` or `&rbrace;`?

Import traces:
  Client Component Browser:
    ./apps/web/app/(main)/places/page.tsx [Client Component Browser]
    ./apps/web/app/(main)/places/page.tsx [Server Component]

  Client Component SSR:
    ./apps/web/app/(main)/places/page.tsx [Client Component SSR]
    ./apps/web/app/(main)/places/page.tsx [Server Component] @ http://localhost:3000/_next/static/chunks/node_modules_next_dist_f3530cac._.js:3127
[  120338ms] [ERROR] ./apps/web/app/(main)/places/page.tsx:1168:6
Parsing ecmascript source code failed
  1166 |         )}
  1167 |       </AnimatePresence>
> 1168 |     </div>
       |      ^^^^^
  1169 |   );
  1170 | }
  1171 |

Unterminated regexp literal

Import traces:
  Client Component Browser:
    ./apps/web/app/(main)/places/page.tsx [Client Component Browser]
    ./apps/web/app/(main)/places/page.tsx [Server Component]

  Client Component SSR:
    ./apps/web/app/(main)/places/page.tsx [Client Component SSR]
    ./apps/web/app/(main)/places/page.tsx [Server Component] @ http://localhost:3000/_next/static/chunks/node_modules_next_dist_f3530cac._.js:3127
